Log file open, 03/24/20 15:07:16
LogWindows: Failed to load 'aqProf.dll' (GetLastError=126)
LogWindows: File 'aqProf.dll' does not exist
LogWindows: Failed to load 'VtuneApi.dll' (GetLastError=126)
LogWindows: File 'VtuneApi.dll' does not exist
LogWindows: Failed to load 'VtuneApi32e.dll' (GetLastError=126)
LogWindows: File 'VtuneApi32e.dll' does not exist
LogConsoleResponse: Display: Failed to find resolution value strings in scalability ini. Falling back to default.
LogInit: Display: Running engine for game: KillEmDed
LogPakFile: Registered encryption key '00000000000000000000000000000000': 0 pak files mounted, 0 remain pending
LogPlatformFile: Not using cached read wrapper
LogTaskGraph: Started task graph with 5 named threads and 23 total threads with 3 sets of task threads.
LogStats: Stats thread started at 0.257629
LogD3D11RHI: Loaded GFSDK_Aftermath_Lib.x64.dll
LogICUInternationalization: ICU TimeZone Detection - Raw Offset: +0:00, Platform Override: ''
LogPluginManager: Mounting plugin Paper2D
LogPluginManager: Mounting plugin AISupport
LogPluginManager: Mounting plugin LightPropagationVolume
LogPluginManager: Mounting plugin ActorLayerUtilities
LogPluginManager: Mounting plugin AnimationSharing
LogPluginManager: Mounting plugin CLionSourceCodeAccess
LogPluginManager: Mounting plugin CodeLiteSourceCodeAccess
LogPluginManager: Mounting plugin GitSourceControl
LogPluginManager: Mounting plugin KDevelopSourceCodeAccess
LogPluginManager: Mounting plugin NullSourceCodeAccess
LogPluginManager: Mounting plugin PerforceSourceControl
LogPluginManager: Mounting plugin SubversionSourceControl
LogPluginManager: Mounting plugin UObjectPlugin
LogPluginManager: Mounting plugin VisualStudioCodeSourceCodeAccess
LogPluginManager: Mounting plugin VisualStudioSourceCodeAccess
LogPluginManager: Mounting plugin XCodeSourceCodeAccess
LogPluginManager: Mounting plugin AssetManagerEditor
LogPluginManager: Mounting plugin CryptoKeys
LogPluginManager: Mounting plugin DataValidation
LogPluginManager: Mounting plugin FacialAnimation
LogPluginManager: Mounting plugin GameplayTagsEditor
LogPluginManager: Mounting plugin MacGraphicsSwitching
LogPluginManager: Mounting plugin MaterialAnalyzer
LogPluginManager: Mounting plugin MobileLauncherProfileWizard
LogPluginManager: Mounting plugin PluginBrowser
LogPluginManager: Mounting plugin SpeedTreeImporter
LogPluginManager: Mounting plugin DatasmithContent
LogPluginManager: Mounting plugin VariantManagerContent
LogPluginManager: Mounting plugin AlembicImporter
LogPluginManager: Mounting plugin AppleImageUtils
LogPluginManager: Mounting plugin AppleVision
LogPluginManager: Mounting plugin BackChannel
LogPluginManager: Mounting plugin CharacterAI
LogPluginManager: Mounting plugin GeometryCache
LogPluginManager: Mounting plugin HTML5Networking
LogPluginManager: Mounting plugin ProxyLODPlugin
LogPluginManager: Mounting plugin SkeletalReduction
LogPluginManager: Mounting plugin MagicLeap
LogPluginManager: Mounting plugin MagicLeapMedia
LogPluginManager: Mounting plugin AndroidMedia
LogPluginManager: Mounting plugin AvfMedia
LogPluginManager: Mounting plugin ImgMedia
LogPluginManager: Mounting plugin LinearTimecode
LogPluginManager: Mounting plugin MediaCompositing
LogPluginManager: Mounting plugin MediaPlayerEditor
LogPluginManager: Mounting plugin WebMMedia
LogPluginManager: Mounting plugin WmfMedia
LogPluginManager: Mounting plugin TcpMessaging
LogPluginManager: Mounting plugin UdpMessaging
LogPluginManager: Mounting plugin ActorSequence
LogPluginManager: Mounting plugin LevelSequenceEditor
LogPluginManager: Mounting plugin MatineeToLevelSequence
LogPluginManager: Mounting plugin NetcodeUnitTest
LogPluginManager: Mounting plugin NUTUnrealEngine4
LogPluginManager: Mounting plugin OnlineSubsystemGooglePlay
LogPluginManager: Mounting plugin OnlineSubsystemIOS
LogPluginManager: Mounting plugin OnlineSubsystem
LogPluginManager: Mounting plugin OnlineSubsystemNull
LogPluginManager: Mounting plugin OnlineSubsystemUtils
LogPluginManager: Mounting plugin LauncherChunkInstaller
LogPluginManager: Mounting plugin AndroidDeviceProfileSelector
LogPluginManager: Mounting plugin AndroidMoviePlayer
LogPluginManager: Mounting plugin AndroidPermission
LogPluginManager: Mounting plugin AppleMoviePlayer
LogPluginManager: Mounting plugin ArchVisCharacter
LogPluginManager: Mounting plugin AudioCapture
LogPluginManager: Mounting plugin CableComponent
LogPluginManager: Mounting plugin CustomMeshComponent
LogPluginManager: Mounting plugin EditableMesh
LogPluginManager: Mounting plugin ExampleDeviceProfileSelector
LogPluginManager: Mounting plugin Firebase
LogPluginManager: Mounting plugin GoogleCloudMessaging
LogPluginManager: Mounting plugin IOSDeviceProfileSelector
LogPluginManager: Mounting plugin LinuxDeviceProfileSelector
LogPluginManager: Mounting plugin LocationServicesBPLibrary
LogPluginManager: Mounting plugin MobilePatchingUtils
LogPluginManager: Mounting plugin OculusVR
LogPluginManager: Mounting plugin PhysXVehicles
LogPluginManager: Mounting plugin ProceduralMeshComponent
LogPluginManager: Mounting plugin RuntimePhysXCooking
LogPluginManager: Mounting plugin SignificanceManager
LogPluginManager: Mounting plugin SteamVR
LogPluginManager: Mounting plugin WebMMoviePlayer
LogPluginManager: Mounting plugin WindowsMoviePlayer
LogInit: Using libcurl 7.55.1-DEV
LogInit:  - built for x86_64-pc-win32
LogInit:  - supports SSL with OpenSSL/1.1.1
LogInit:  - supports HTTP deflate (compression) using libz 1.2.8
LogInit:  - other features:
LogInit:      CURL_VERSION_SSL
LogInit:      CURL_VERSION_LIBZ
LogInit:      CURL_VERSION_IPV6
LogInit:      CURL_VERSION_ASYNCHDNS
LogInit:      CURL_VERSION_LARGEFILE
LogInit:      CURL_VERSION_IDN
LogInit:  CurlRequestOptions (configurable via config and command line):
LogInit:  - bVerifyPeer = true  - Libcurl will verify peer certificate
LogInit:  - bUseHttpProxy = false  - Libcurl will NOT use HTTP proxy
LogInit:  - bDontReuseConnections = false  - Libcurl will reuse connections
LogInit:  - MaxHostConnections = 16  - Libcurl will limit the number of connections to a host
LogInit:  - LocalHostAddr = Default
LogInit:  - BufferSize = 65536
LogInit: WinSock: version 1.1 (2.2), MaxSocks=32767, MaxUdp=65467
LogHMD: Failed initializing OVRPlugin 1.32.0
LogInit: Build: ++UE4+Release-4.22-CL-7053642
LogInit: Engine Version: 4.22.3-7053642+++UE4+Release-4.22
LogInit: Compatible Engine Version: 4.22.0-5660361+++UE4+Release-4.22
LogInit: Net CL: 5660361
LogInit: OS: Windows 10 (Release 1909) (), CPU: Intel(R) Core(TM) i7-7700K CPU @ 4.20GHz, GPU: NVIDIA GeForce GTX 1080 Ti
LogInit: Compiled (64-bit): Jun 18 2019 03:09:11
LogInit: Compiled with Visual C++: 19.16.27025.01
LogInit: Build Configuration: Development
LogInit: Branch Name: ++UE4+Release-4.22
LogInit: Command Line: 
LogInit: Base Directory: D:/Program Files/UE_4.22/Engine/Binaries/Win64/
LogInit: Installed Engine Build: 1
LogDevObjectVersion: Number of dev versions registered: 23
LogDevObjectVersion:   Dev-Blueprints (B0D832E4-1F89-4F0D-ACCF-7EB736FD4AA2): 10
LogDevObjectVersion:   Dev-Build (E1C64328-A22C-4D53-A36C-8E866417BD8C): 0
LogDevObjectVersion:   Dev-Core (375EC13C-06E4-48FB-B500-84F0262A717E): 3
LogDevObjectVersion:   Dev-Editor (E4B068ED-F494-42E9-A231-DA0B2E46BB41): 30
LogDevObjectVersion:   Dev-Framework (CFFC743F-43B0-4480-9391-14DF171D2073): 35
LogDevObjectVersion:   Dev-Mobile (B02B49B5-BB20-44E9-A304-32B752E40360): 2
LogDevObjectVersion:   Dev-Networking (A4E4105C-59A1-49B5-A7C5-40C4547EDFEE): 0
LogDevObjectVersion:   Dev-Online (39C831C9-5AE6-47DC-9A44-9C173E1C8E7C): 0
LogDevObjectVersion:   Dev-Physics (78F01B33-EBEA-4F98-B9B4-84EACCB95AA2): 0
LogDevObjectVersion:   Dev-Platform (6631380F-2D4D-43E0-8009-CF276956A95A): 0
LogDevObjectVersion:   Dev-Rendering (12F88B9F-8875-4AFC-A67C-D90C383ABD29): 28
LogDevObjectVersion:   Dev-Sequencer (7B5AE74C-D270-4C10-A958-57980B212A5A): 11
LogDevObjectVersion:   Dev-VR (D7296918-1DD6-4BDD-9DE2-64A83CC13884): 2
LogDevObjectVersion:   Dev-LoadTimes (C2A15278-BFE7-4AFE-6C17-90FF531DF755): 1
LogDevObjectVersion:   Private-Geometry (6EACA3D4-40EC-4CC1-B786-8BED09428FC5): 3
LogDevObjectVersion:   Dev-AnimPhys (29E575DD-E0A3-4627-9D10-D276232CDCEA): 17
LogDevObjectVersion:   Dev-Anim (AF43A65D-7FD3-4947-9873-3E8ED9C1BB05): 2
LogDevObjectVersion:   Dev-ReflectionCapture (6B266CEC-1EC7-4B8F-A30B-E4D90942FC07): 1
LogDevObjectVersion:   Dev-Automation (0DF73D61-A23F-47EA-B727-89E90C41499A): 1
LogDevObjectVersion:   FortniteMain (601D1886-AC64-4F84-AA16-D3DE0DEAC7D6): 25
LogDevObjectVersion:   Dev-Enterprise (9DFFBCD6-494F-0158-E221-12823C92A888): 6
LogDevObjectVersion:   Dev-Niagara (F2AED0AC-9AFE-416F-8664-AA7FFA26D6FC): 1
LogDevObjectVersion:   Dev-Destruction (174F1F0B-B4C6-45A5-B13F-2EE8D0FB917D): 2
LogInit: Presizing for max 16777216 objects, including 0 objects not considered by GC, pre-allocating 0 bytes for permanent pool.
LogInit: Object subsystem initialized
LogConfig: Setting CVar [[con.DebugEarlyDefault:1]]
LogConfig: Setting CVar [[r.setres:1280x720]]
[2020.03.24-15.07.17:187][  0]LogConfig: Setting CVar [[r.VSync:0]]
[2020.03.24-15.07.17:187][  0]LogConfig: Setting CVar [[r.RHICmdBypass:0]]
[2020.03.24-15.07.17:187][  0]LogConfig: Applying CVar settings from Section [/Script/Engine.RendererSettings] File [D:/VeronicaMcHumpinSlut/Documents/KillEmDed/KillEmDed/Saved/Config/Windows/Engine.ini]
[2020.03.24-15.07.17:187][  0]LogConfig: Setting CVar [[r.GPUCrashDebugging:0]]
[2020.03.24-15.07.17:187][  0]LogConfig: Setting CVar [[r.MobileHDR:1]]
[2020.03.24-15.07.17:187][  0]LogConfig: Setting CVar [[r.Mobile.DisableVertexFog:1]]
[2020.03.24-15.07.17:187][  0]LogConfig: Setting CVar [[r.Shadow.CSM.MaxMobileCascades:2]]
[2020.03.24-15.07.17:187][  0]LogConfig: Setting CVar [[r.MobileMSAA:1]]
[2020.03.24-15.07.17:187][  0]LogConfig: Setting CVar [[r.Mobile.UseLegacyShadingModel:0]]
[2020.03.24-15.07.17:187][  0]LogConfig: Setting CVar [[r.Mobile.UseHWsRGBEncoding:0]]
[2020.03.24-15.07.17:187][  0]LogConfig: Setting CVar [[r.Mobile.AllowDitheredLODTransition:0]]
[2020.03.24-15.07.17:187][  0]LogConfig: Setting CVar [[r.Mobile.AllowSoftwareOcclusion:0]]
[2020.03.24-15.07.17:187][  0]LogConfig: Setting CVar [[r.DiscardUnusedQuality:0]]
[2020.03.24-15.07.17:187][  0]LogConfig: Setting CVar [[r.AllowOcclusionQueries:1]]
[2020.03.24-15.07.17:187][  0]LogConfig: Setting CVar [[r.MinScreenRadiusForLights:0.030000]]
[2020.03.24-15.07.17:187][  0]LogConfig: Setting CVar [[r.MinScreenRadiusForDepthPrepass:0.030000]]
[2020.03.24-15.07.17:187][  0]LogConfig: Setting CVar [[r.MinScreenRadiusForCSMDepth:0.010000]]
[2020.03.24-15.07.17:187][  0]LogConfig: Setting CVar [[r.PrecomputedVisibilityWarning:0]]
[2020.03.24-15.07.17:187][  0]LogConfig: Setting CVar [[r.TextureStreaming:1]]
[2020.03.24-15.07.17:187][  0]LogConfig: Setting CVar [[Compat.UseDXT5NormalMaps:0]]
[2020.03.24-15.07.17:187][  0]LogConfig: Setting CVar [[r.ClearCoatNormal:0]]
[2020.03.24-15.07.17:187][  0]LogConfig: Setting CVar [[r.ReflectionCaptureResolution:128]]
[2020.03.24-15.07.17:187][  0]LogConfig: Setting CVar [[r.ReflectionEnvironmentLightmapMixBasedOnRoughness:1]]
[2020.03.24-15.07.17:187][  0]LogConfig: Setting CVar [[r.ForwardShading:0]]
[2020.03.24-15.07.17:187][  0]LogConfig: Setting CVar [[r.VertexFoggingForOpaque:1]]
[2020.03.24-15.07.17:187][  0]LogConfig: Setting CVar [[r.AllowStaticLighting:1]]
[2020.03.24-15.07.17:187][  0]LogConfig: Setting CVar [[r.NormalMapsForStaticLighting:0]]
[2020.03.24-15.07.17:187][  0]LogConfig: Setting CVar [[r.GenerateMeshDistanceFields:0]]
[2020.03.24-15.07.17:187][  0]LogConfig: Setting CVar [[r.DistanceFieldBuild.EightBit:0]]
[2020.03.24-15.07.17:187][  0]LogConfig: Setting CVar [[r.GenerateLandscapeGIData:0]]
[2020.03.24-15.07.17:187][  0]LogConfig: Setting CVar [[r.DistanceFieldBuild.Compress:0]]
[2020.03.24-15.07.17:187][  0]LogConfig: Setting CVar [[r.TessellationAdaptivePixelsPerTriangle:48.000000]]
[2020.03.24-15.07.17:187][  0]LogConfig: Setting CVar [[r.SeparateTranslucency:1]]
[2020.03.24-15.07.17:187][  0]LogConfig: Setting CVar [[r.TranslucentSortPolicy:0]]
[2020.03.24-15.07.17:187][  0]LogConfig: Setting CVar [[r.CustomDepth:1]]
[2020.03.24-15.07.17:187][  0]LogConfig: Setting CVar [[r.CustomDepthTemporalAAJitter:1]]
[2020.03.24-15.07.17:187][  0]LogConfig: Setting CVar [[r.PostProcessing.PropagateAlpha:0]]
[2020.03.24-15.07.17:187][  0]LogConfig: Setting CVar [[r.DOF.Algorithm:1]]
[2020.03.24-15.07.17:187][  0]LogConfig: Setting CVar [[r.DefaultFeature.Bloom:1]]
[2020.03.24-15.07.17:187][  0]LogConfig: Setting CVar [[r.DefaultFeature.AmbientOcclusion:1]]
[2020.03.24-15.07.17:187][  0]LogConfig: Setting CVar [[r.DefaultFeature.AmbientOcclusionStaticFraction:1]]
[2020.03.24-15.07.17:187][  0]LogConfig: Setting CVar [[r.DefaultFeature.AutoExposure:0]]
[2020.03.24-15.07.17:187][  0]LogConfig: Setting CVar [[r.DefaultFeature.AutoExposure.Method:0]]
[2020.03.24-15.07.17:187][  0]LogConfig: Setting CVar [[r.DefaultFeature.AutoExposure.ExtendDefaultLuminanceRange:1]]
[2020.03.24-15.07.17:187][  0]LogConfig: Setting CVar [[r.UsePreExposure:0]]
[2020.03.24-15.07.17:187][  0]LogConfig: Setting CVar [[r.DefaultFeature.MotionBlur:0]]
[2020.03.24-15.07.17:187][  0]LogConfig: Setting CVar [[r.DefaultFeature.LensFlare:0]]
[2020.03.24-15.07.17:187][  0]LogConfig: Setting CVar [[r.TemporalAA.Upsampling:0]]
[2020.03.24-15.07.17:187][  0]LogConfig: Setting CVar [[r.DefaultFeature.AntiAliasing:0]]
[2020.03.24-15.07.17:187][  0]LogConfig: Setting CVar [[r.DefaultFeature.LightUnits:1]]
[2020.03.24-15.07.17:187][  0]LogConfig: Setting CVar [[r.DefaultBackBufferPixelFormat:4]]
[2020.03.24-15.07.17:187][  0]LogConfig: Setting CVar [[r.Shadow.UnbuiltPreviewInGame:1]]
[2020.03.24-15.07.17:187][  0]LogConfig: Setting CVar [[r.StencilForLODDither:0]]
[2020.03.24-15.07.17:187][  0]LogConfig: Setting CVar [[r.EarlyZPass:3]]
[2020.03.24-15.07.17:187][  0]LogConfig: Setting CVar [[r.EarlyZPassOnlyMaterialMasking:0]]
[2020.03.24-15.07.17:187][  0]LogConfig: Setting CVar [[r.DBuffer:1]]
[2020.03.24-15.07.17:187][  0]LogConfig: Setting CVar [[r.ClearSceneMethod:1]]
[2020.03.24-15.07.17:187][  0]LogConfig: Setting CVar [[r.BasePassOutputsVelocity:0]]
[2020.03.24-15.07.17:187][  0]LogConfig: Setting CVar [[r.SelectiveBasePassOutputs:0]]
[2020.03.24-15.07.17:187][  0]LogConfig: Setting CVar [[fx.GPUSimulationTextureSizeX:1024]]
[2020.03.24-15.07.17:187][  0]LogConfig: Setting CVar [[fx.GPUSimulationTextureSizeY:1024]]
[2020.03.24-15.07.17:187][  0]LogConfig: Setting CVar [[r.AllowGlobalClipPlane:0]]
[2020.03.24-15.07.17:187][  0]LogConfig: Setting CVar [[r.GBufferFormat:1]]
[2020.03.24-15.07.17:187][  0]LogConfig: Setting CVar [[r.MorphTarget.Mode:1]]
[2020.03.24-15.07.17:187][  0]LogConfig: Setting CVar [[vr.InstancedStereo:0]]
[2020.03.24-15.07.17:187][  0]LogConfig: Setting CVar [[vr.MultiView:0]]
[2020.03.24-15.07.17:187][  0]LogConfig: Setting CVar [[vr.MobileMultiView:0]]
[2020.03.24-15.07.17:187][  0]LogConfig: Setting CVar [[vr.MobileMultiView.Direct:0]]
[2020.03.24-15.07.17:187][  0]LogConfig: Setting CVar [[vr.RoundRobinOcclusion:0]]
[2020.03.24-15.07.17:187][  0]LogConfig: Setting CVar [[vr.ODSCapture:0]]
[2020.03.24-15.07.17:187][  0]LogConfig: Setting CVar [[r.WireframeCullThreshold:5.000000]]
[2020.03.24-15.07.17:187][  0]LogConfig: Setting CVar [[r.RayTracing:0]]
[2020.03.24-15.07.17:187][  0]LogConfig: Setting CVar [[r.SupportStationarySkylight:1]]
[2020.03.24-15.07.17:187][  0]LogConfig: Setting CVar [[r.SupportLowQualityLightmaps:1]]
[2020.03.24-15.07.17:187][  0]LogConfig: Setting CVar [[r.SupportPointLightWholeSceneShadows:1]]
[2020.03.24-15.07.17:187][  0]LogConfig: Setting CVar [[r.SupportAtmosphericFog:1]]
[2020.03.24-15.07.17:187][  0]LogConfig: Setting CVar [[r.SkinCache.CompileShaders:0]]
[2020.03.24-15.07.17:187][  0]LogConfig: Setting CVar [[r.Mobile.EnableStaticAndCSMShadowReceivers:1]]
[2020.03.24-15.07.17:187][  0]LogConfig: Setting CVar [[r.Mobile.EnableMovableLightCSMShaderCulling:1]]
[2020.03.24-15.07.17:187][  0]LogConfig: Setting CVar [[r.Mobile.AllowDistanceFieldShadows:1]]
[2020.03.24-15.07.17:187][  0]LogConfig: Setting CVar [[r.Mobile.AllowMovableDirectionalLights:1]]
[2020.03.24-15.07.17:187][  0]LogConfig: Setting CVar [[r.MobileNumDynamicPointLights:4]]
[2020.03.24-15.07.17:187][  0]LogConfig: Setting CVar [[r.MobileDynamicPointLightsUseStaticBranch:1]]
[2020.03.24-15.07.17:187][  0]LogConfig: Setting CVar [[r.Mobile.EnableMovableSpotlights:0]]
[2020.03.24-15.07.17:187][  0]LogConfig: Setting CVar [[r.SkinCache.SceneMemoryLimitInMB:128.000000]]
[2020.03.24-15.07.17:187][  0]LogConfig: Setting CVar [[r.GPUSkin.Limit2BoneInfluences:0]]
[2020.03.24-15.07.17:187][  0]LogConfig: Setting CVar [[r.SupportDepthOnlyIndexBuffers:1]]
[2020.03.24-15.07.17:187][  0]LogConfig: Setting CVar [[r.SupportReversedIndexBuffers:1]]
[2020.03.24-15.07.17:187][  0]LogConfig: Setting CVar [[r.SupportMaterialLayers:0]]
[2020.03.24-15.07.17:187][  0]LogConfig: Applying CVar settings from Section [/Script/Engine.RendererOverrideSettings] File [D:/VeronicaMcHumpinSlut/Documents/KillEmDed/KillEmDed/Saved/Config/Windows/Engine.ini]
[2020.03.24-15.07.17:187][  0]LogConfig: Applying CVar settings from Section [/Script/Engine.StreamingSettings] File [D:/VeronicaMcHumpinSlut/Documents/KillEmDed/KillEmDed/Saved/Config/Windows/Engine.ini]
[2020.03.24-15.07.17:187][  0]LogConfig: Setting CVar [[s.MinBulkDataSizeForAsyncLoading:131072]]
[2020.03.24-15.07.17:187][  0]LogConfig: Setting CVar [[s.AsyncLoadingThreadEnabled:0]]
[2020.03.24-15.07.17:187][  0]LogConfig: Setting CVar [[s.EventDrivenLoaderEnabled:1]]
[2020.03.24-15.07.17:187][  0]LogConfig: Setting CVar [[s.WarnIfTimeLimitExceeded:0]]
[2020.03.24-15.07.17:187][  0]LogConfig: Setting CVar [[s.TimeLimitExceededMultiplier:1.5]]
[2020.03.24-15.07.17:187][  0]LogConfig: Setting CVar [[s.TimeLimitExceededMinTime:0.005]]
[2020.03.24-15.07.17:187][  0]LogConfig: Setting CVar [[s.UseBackgroundLevelStreaming:1]]
[2020.03.24-15.07.17:187][  0]LogConfig: Setting CVar [[s.PriorityAsyncLoadingExtraTime:15.0]]
[2020.03.24-15.07.17:187][  0]LogConfig: Setting CVar [[s.LevelStreamingActorsUpdateTimeLimit:5.0]]
[2020.03.24-15.07.17:187][  0]LogConfig: Setting CVar [[s.PriorityLevelStreamingActorsUpdateExtraTime:5.0]]
[2020.03.24-15.07.17:187][  0]LogConfig: Setting CVar [[s.LevelStreamingComponentsRegistrationGranularity:10]]
[2020.03.24-15.07.17:187][  0]LogConfig: Setting CVar [[s.UnregisterComponentsTimeLimit:1.0]]
[2020.03.24-15.07.17:187][  0]LogConfig: Setting CVar [[s.LevelStreamingComponentsUnregistrationGranularity:5]]
[2020.03.24-15.07.17:187][  0]LogConfig: Applying CVar settings from Section [/Script/Engine.GarbageCollectionSettings] File [D:/VeronicaMcHumpinSlut/Documents/KillEmDed/KillEmDed/Saved/Config/Windows/Engine.ini]
[2020.03.24-15.07.17:187][  0]LogConfig: Setting CVar [[gc.MaxObjectsNotConsideredByGC:1]]
[2020.03.24-15.07.17:187][  0]LogConfig: Setting CVar [[gc.SizeOfPermanentObjectPool:0]]
[2020.03.24-15.07.17:187][  0]LogConfig: Setting CVar [[gc.FlushStreamingOnGC:0]]
[2020.03.24-15.07.17:187][  0]LogConfig: Setting CVar [[gc.NumRetriesBeforeForcingGC:10]]
[2020.03.24-15.07.17:187][  0]LogConfig: Setting CVar [[gc.AllowParallelGC:1]]
[2020.03.24-15.07.17:187][  0]LogConfig: Setting CVar [[gc.TimeBetweenPurgingPendingKillObjects:61.1]]
[2020.03.24-15.07.17:187][  0]LogConfig: Setting CVar [[gc.MaxObjectsInEditor:16777216]]
[2020.03.24-15.07.17:187][  0]LogConfig: Setting CVar [[gc.IncrementalBeginDestroyEnabled:1]]
[2020.03.24-15.07.17:187][  0]LogConfig: Setting CVar [[gc.CreateGCClusters:1]]
[2020.03.24-15.07.17:187][  0]LogConfig: Setting CVar [[gc.MinGCClusterSize:5]]
[2020.03.24-15.07.17:188][  0]LogConfig: Setting CVar [[gc.ActorClusteringEnabled:0]]
[2020.03.24-15.07.17:188][  0]LogConfig: Setting CVar [[gc.BlueprintClusteringEnabled:0]]
[2020.03.24-15.07.17:188][  0]LogConfig: Setting CVar [[gc.UseDisregardForGCOnDedicatedServers:0]]
[2020.03.24-15.07.17:188][  0]LogConfig: Applying CVar settings from Section [/Script/Engine.NetworkSettings] File [D:/VeronicaMcHumpinSlut/Documents/KillEmDed/KillEmDed/Saved/Config/Windows/Engine.ini]
[2020.03.24-15.07.17:188][  0]LogConfig: Applying CVar settings from Section [/Script/UnrealEd.CookerSettings] File [D:/VeronicaMcHumpinSlut/Documents/KillEmDed/KillEmDed/Saved/Config/Windows/Engine.ini]
[2020.03.24-15.07.17:189][  0]LogConfig: Applying CVar settings from Section [ViewDistanceQuality@3] File [D:/VeronicaMcHumpinSlut/Documents/KillEmDed/KillEmDed/Saved/Config/Windows/Scalability.ini]
[2020.03.24-15.07.17:189][  0]LogConfig: Setting CVar [[r.SkeletalMeshLODBias:0]]
[2020.03.24-15.07.17:189][  0]LogConfig: Setting CVar [[r.ViewDistanceScale:1.0]]
[2020.03.24-15.07.17:189][  0]LogConfig: Applying CVar settings from Section [AntiAliasingQuality@3] File [D:/VeronicaMcHumpinSlut/Documents/KillEmDed/KillEmDed/Saved/Config/Windows/Scalability.ini]
[2020.03.24-15.07.17:189][  0]LogConfig: Setting CVar [[r.PostProcessAAQuality:4]]
[2020.03.24-15.07.17:189][  0]LogConfig: Applying CVar settings from Section [ShadowQuality@3] File [D:/VeronicaMcHumpinSlut/Documents/KillEmDed/KillEmDed/Saved/Config/Windows/Scalability.ini]
[2020.03.24-15.07.17:189][  0]LogConfig: Setting CVar [[r.LightFunctionQuality:1]]
[2020.03.24-15.07.17:189][  0]LogConfig: Setting CVar [[r.ShadowQuality:5]]
[2020.03.24-15.07.17:189][  0]LogConfig: Setting CVar [[r.Shadow.CSM.MaxCascades:10]]
[2020.03.24-15.07.17:189][  0]LogConfig: Setting CVar [[r.Shadow.MaxResolution:2048]]
[2020.03.24-15.07.17:189][  0]LogConfig: Setting CVar [[r.Shadow.MaxCSMResolution:2048]]
[2020.03.24-15.07.17:189][  0]LogConfig: Setting CVar [[r.Shadow.RadiusThreshold:0.01]]
[2020.03.24-15.07.17:189][  0]LogConfig: Setting CVar [[r.Shadow.DistanceScale:1.0]]
[2020.03.24-15.07.17:189][  0]LogConfig: Setting CVar [[r.Shadow.CSM.TransitionScale:1.0]]
[2020.03.24-15.07.17:189][  0]LogConfig: Setting CVar [[r.Shadow.PreShadowResolutionFactor:1.0]]
[2020.03.24-15.07.17:189][  0]LogConfig: Setting CVar [[r.DistanceFieldShadowing:1]]
[2020.03.24-15.07.17:189][  0]LogConfig: Setting CVar [[r.DistanceFieldAO:1]]
[2020.03.24-15.07.17:189][  0]LogConfig: Setting CVar [[r.AOQuality:2]]
[2020.03.24-15.07.17:189][  0]LogConfig: Setting CVar [[r.VolumetricFog:1]]
[2020.03.24-15.07.17:189][  0]LogConfig: Setting CVar [[r.VolumetricFog.GridPixelSize:8]]
[2020.03.24-15.07.17:189][  0]LogConfig: Setting CVar [[r.VolumetricFog.GridSizeZ:128]]
[2020.03.24-15.07.17:189][  0]LogConfig: Setting CVar [[r.VolumetricFog.HistoryMissSupersampleCount:4]]
[2020.03.24-15.07.17:189][  0]LogConfig: Setting CVar [[r.LightMaxDrawDistanceScale:1]]
[2020.03.24-15.07.17:189][  0]LogConfig: Setting CVar [[r.CapsuleShadows:1]]
[2020.03.24-15.07.17:189][  0]LogConfig: Applying CVar settings from Section [PostProcessQuality@3] File [D:/VeronicaMcHumpinSlut/Documents/KillEmDed/KillEmDed/Saved/Config/Windows/Scalability.ini]
[2020.03.24-15.07.17:189][  0]LogConfig: Setting CVar [[r.MotionBlurQuality:4]]
[2020.03.24-15.07.17:189][  0]LogConfig: Setting CVar [[r.AmbientOcclusionMipLevelFactor:0.4]]
[2020.03.24-15.07.17:189][  0]LogConfig: Setting CVar [[r.AmbientOcclusionMaxQuality:100]]
[2020.03.24-15.07.17:189][  0]LogConfig: Setting CVar [[r.AmbientOcclusionLevels:-1]]
[2020.03.24-15.07.17:189][  0]LogConfig: Setting CVar [[r.AmbientOcclusionRadiusScale:1.0]]
[2020.03.24-15.07.17:189][  0]LogConfig: Setting CVar [[r.DepthOfFieldQuality:2]]
[2020.03.24-15.07.17:189][  0]LogConfig: Setting CVar [[r.RenderTargetPoolMin:400]]
[2020.03.24-15.07.17:189][  0]LogConfig: Setting CVar [[r.LensFlareQuality:2]]
[2020.03.24-15.07.17:189][  0]LogConfig: Setting CVar [[r.SceneColorFringeQuality:1]]
[2020.03.24-15.07.17:189][  0]LogConfig: Setting CVar [[r.EyeAdaptationQuality:2]]
[2020.03.24-15.07.17:189][  0]LogConfig: Setting CVar [[r.BloomQuality:5]]
[2020.03.24-15.07.17:189][  0]LogConfig: Setting CVar [[r.FastBlurThreshold:100]]
[2020.03.24-15.07.17:189][  0]LogConfig: Setting CVar [[r.Upscale.Quality:3]]
[2020.03.24-15.07.17:189][  0]LogConfig: Setting CVar [[r.Tonemapper.GrainQuantization:1]]
[2020.03.24-15.07.17:189][  0]LogConfig: Setting CVar [[r.LightShaftQuality:1]]
[2020.03.24-15.07.17:189][  0]LogConfig: Setting CVar [[r.Filter.SizeScale:1]]
[2020.03.24-15.07.17:189][  0]LogConfig: Setting CVar [[r.Tonemapper.Quality:5]]
[2020.03.24-15.07.17:189][  0]LogConfig: Setting CVar [[r.DOF.Gather.AccumulatorQuality:1        ; higher gathering accumulator quality]]
[2020.03.24-15.07.17:190][  0]LogConfig: Setting CVar [[r.DOF.Gather.PostfilterMethod:1          ; Median3x3 postfilering method]]
[2020.03.24-15.07.17:190][  0]LogConfig: Setting CVar [[r.DOF.Gather.EnableBokehSettings:0       ; no bokeh simulation when gathering]]
[2020.03.24-15.07.17:190][  0]LogConfig: Setting CVar [[r.DOF.Gather.RingCount:4                 ; medium number of samples when gathering]]
[2020.03.24-15.07.17:190][  0]LogConfig: Setting CVar [[r.DOF.Scatter.ForegroundCompositing:1    ; additive foreground scattering]]
[2020.03.24-15.07.17:190][  0]LogConfig: Setting CVar [[r.DOF.Scatter.BackgroundCompositing:2    ; additive background scattering]]
[2020.03.24-15.07.17:190][  0]LogConfig: Setting CVar [[r.DOF.Scatter.EnableBokehSettings:1      ; bokeh simulation when scattering]]
[2020.03.24-15.07.17:190][  0]LogConfig: Setting CVar [[r.DOF.Scatter.MaxSpriteRatio:0.1         ; only a maximum of 10% of scattered bokeh]]
[2020.03.24-15.07.17:190][  0]LogConfig: Setting CVar [[r.DOF.Recombine.Quality:1                ; cheap slight out of focus]]
[2020.03.24-15.07.17:190][  0]LogConfig: Setting CVar [[r.DOF.Recombine.EnableBokehSettings:0    ; no bokeh simulation on slight out of focus]]
[2020.03.24-15.07.17:190][  0]LogConfig: Setting CVar [[r.DOF.TemporalAAQuality:1                ; more stable temporal accumulation]]
[2020.03.24-15.07.17:190][  0]LogConfig: Setting CVar [[r.DOF.Kernel.MaxForegroundRadius:0.025]]
[2020.03.24-15.07.17:190][  0]LogConfig: Setting CVar [[r.DOF.Kernel.MaxBackgroundRadius:0.025]]
[2020.03.24-15.07.17:190][  0]LogConfig: Applying CVar settings from Section [TextureQuality@3] File [D:/VeronicaMcHumpinSlut/Documents/KillEmDed/KillEmDed/Saved/Config/Windows/Scalability.ini]
[2020.03.24-15.07.17:190][  0]LogConfig: Setting CVar [[r.Streaming.MipBias:0]]
[2020.03.24-15.07.17:190][  0]LogConfig: Setting CVar [[r.Streaming.AmortizeCPUToGPUCopy:0]]
[2020.03.24-15.07.17:190][  0]LogConfig: Setting CVar [[r.Streaming.MaxNumTexturesToStreamPerFrame:0]]
[2020.03.24-15.07.17:190][  0]LogConfig: Setting CVar [[r.Streaming.Boost:1]]
[2020.03.24-15.07.17:190][  0]LogConfig: Setting CVar [[r.MaxAnisotropy:8]]
[2020.03.24-15.07.17:190][  0]LogConfig: Setting CVar [[r.Streaming.LimitPoolSizeToVRAM:0]]
[2020.03.24-15.07.17:190][  0]LogConfig: Setting CVar [[r.Streaming.PoolSize:1000]]
[2020.03.24-15.07.17:190][  0]LogConfig: Setting CVar [[r.Streaming.MaxEffectiveScreenSize:0]]
[2020.03.24-15.07.17:190][  0]LogConfig: Applying CVar settings from Section [EffectsQuality@3] File [D:/VeronicaMcHumpinSlut/Documents/KillEmDed/KillEmDed/Saved/Config/Windows/Scalability.ini]
[2020.03.24-15.07.17:190][  0]LogConfig: Setting CVar [[r.TranslucencyLightingVolumeDim:64]]
[2020.03.24-15.07.17:190][  0]LogConfig: Setting CVar [[r.RefractionQuality:2]]
[2020.03.24-15.07.17:190][  0]LogConfig: Setting CVar [[r.SSR.Quality:3]]
[2020.03.24-15.07.17:190][  0]LogConfig: Setting CVar [[r.SceneColorFormat:4]]
[2020.03.24-15.07.17:190][  0]LogConfig: Setting CVar [[r.DetailMode:2]]
[2020.03.24-15.07.17:190][  0]LogConfig: Setting CVar [[r.TranslucencyVolumeBlur:1]]
[2020.03.24-15.07.17:190][  0]LogConfig: Setting CVar [[r.MaterialQualityLevel:1 ; High quality]]
[2020.03.24-15.07.17:190][  0]LogConfig: Setting CVar [[r.SSS.Scale:1]]
[2020.03.24-15.07.17:190][  0]LogConfig: Setting CVar [[r.SSS.SampleSet:2]]
[2020.03.24-15.07.17:190][  0]LogConfig: Setting CVar [[r.SSS.Quality:1]]
[2020.03.24-15.07.17:190][  0]LogConfig: Setting CVar [[r.SSS.HalfRes:1]]
[2020.03.24-15.07.17:190][  0]LogConfig: Setting CVar [[r.EmitterSpawnRateScale:1.0]]
[2020.03.24-15.07.17:190][  0]LogConfig: Setting CVar [[r.ParticleLightQuality:2]]
[2020.03.24-15.07.17:190][  0]LogConfig: Applying CVar settings from Section [FoliageQuality@3] File [D:/VeronicaMcHumpinSlut/Documents/KillEmDed/KillEmDed/Saved/Config/Windows/Scalability.ini]
[2020.03.24-15.07.17:190][  0]LogConfig: Setting CVar [[foliage.DensityScale:1.0]]
[2020.03.24-15.07.17:190][  0]LogConfig: Setting CVar [[grass.DensityScale:1.0]]
[2020.03.24-15.07.17:190][  0]LogInit: Selected Device Profile: [Windows]
[2020.03.24-15.07.17:190][  0]LogInit: Applying CVar settings loaded from the selected device profile: [Windows]
[2020.03.24-15.07.17:207][  0]LogHAL: Display: Platform has ~ 16 GB [17134903296 / 17179869184 / 16], which maps to Larger [LargestMinGB=32, LargerMinGB=12, DefaultMinGB=8, SmallerMinGB=6, SmallestMinGB=0)
[2020.03.24-15.07.17:207][  0]LogConfig: Setting CVar [[r.Vulkan.UseRealUBs:0		; Required until we fix HLR fall-out]]
[2020.03.24-15.07.17:207][  0]LogInit: Going up to parent DeviceProfile []
[2020.03.24-15.07.17:207][  0]LogConfig: Applying CVar settings from Section [ViewDistanceQuality@3] File [D:/VeronicaMcHumpinSlut/Documents/KillEmDed/KillEmDed/Saved/Config/Windows/Scalability.ini]
[2020.03.24-15.07.17:207][  0]LogConfig: Setting CVar [[r.SkeletalMeshLODBias:0]]
[2020.03.24-15.07.17:207][  0]LogConfig: Setting CVar [[r.ViewDistanceScale:1.0]]
[2020.03.24-15.07.17:207][  0]LogConfig: Applying CVar settings from Section [AntiAliasingQuality@3] File [D:/VeronicaMcHumpinSlut/Documents/KillEmDed/KillEmDed/Saved/Config/Windows/Scalability.ini]
[2020.03.24-15.07.17:207][  0]LogConfig: Setting CVar [[r.PostProcessAAQuality:4]]
[2020.03.24-15.07.17:207][  0]LogConfig: Applying CVar settings from Section [ShadowQuality@3] File [D:/VeronicaMcHumpinSlut/Documents/KillEmDed/KillEmDed/Saved/Config/Windows/Scalability.ini]
[2020.03.24-15.07.17:207][  0]LogConfig: Setting CVar [[r.LightFunctionQuality:1]]
[2020.03.24-15.07.17:207][  0]LogConfig: Setting CVar [[r.ShadowQuality:5]]
[2020.03.24-15.07.17:207][  0]LogConfig: Setting CVar [[r.Shadow.CSM.MaxCascades:10]]
[2020.03.24-15.07.17:207][  0]LogConfig: Setting CVar [[r.Shadow.MaxResolution:2048]]
[2020.03.24-15.07.17:207][  0]LogConfig: Setting CVar [[r.Shadow.MaxCSMResolution:2048]]
[2020.03.24-15.07.17:207][  0]LogConfig: Setting CVar [[r.Shadow.RadiusThreshold:0.01]]
[2020.03.24-15.07.17:207][  0]LogConfig: Setting CVar [[r.Shadow.DistanceScale:1.0]]
[2020.03.24-15.07.17:207][  0]LogConfig: Setting CVar [[r.Shadow.CSM.TransitionScale:1.0]]
[2020.03.24-15.07.17:207][  0]LogConfig: Setting CVar [[r.Shadow.PreShadowResolutionFactor:1.0]]
[2020.03.24-15.07.17:207][  0]LogConfig: Setting CVar [[r.DistanceFieldShadowing:1]]
[2020.03.24-15.07.17:207][  0]LogConfig: Setting CVar [[r.DistanceFieldAO:1]]
[2020.03.24-15.07.17:207][  0]LogConfig: Setting CVar [[r.AOQuality:2]]
[2020.03.24-15.07.17:207][  0]LogConfig: Setting CVar [[r.VolumetricFog:1]]
[2020.03.24-15.07.17:207][  0]LogConfig: Setting CVar [[r.VolumetricFog.GridPixelSize:8]]
[2020.03.24-15.07.17:207][  0]LogConfig: Setting CVar [[r.VolumetricFog.GridSizeZ:128]]
[2020.03.24-15.07.17:207][  0]LogConfig: Setting CVar [[r.VolumetricFog.HistoryMissSupersampleCount:4]]
[2020.03.24-15.07.17:208][  0]LogConfig: Setting CVar [[r.LightMaxDrawDistanceScale:1]]
[2020.03.24-15.07.17:208][  0]LogConfig: Setting CVar [[r.CapsuleShadows:1]]
[2020.03.24-15.07.17:208][  0]LogConfig: Applying CVar settings from Section [PostProcessQuality@3] File [D:/VeronicaMcHumpinSlut/Documents/KillEmDed/KillEmDed/Saved/Config/Windows/Scalability.ini]
[2020.03.24-15.07.17:208][  0]LogConfig: Setting CVar [[r.MotionBlurQuality:4]]
[2020.03.24-15.07.17:208][  0]LogConfig: Setting CVar [[r.AmbientOcclusionMipLevelFactor:0.4]]
[2020.03.24-15.07.17:208][  0]LogConfig: Setting CVar [[r.AmbientOcclusionMaxQuality:100]]
[2020.03.24-15.07.17:208][  0]LogConfig: Setting CVar [[r.AmbientOcclusionLevels:-1]]
[2020.03.24-15.07.17:208][  0]LogConfig: Setting CVar [[r.AmbientOcclusionRadiusScale:1.0]]
[2020.03.24-15.07.17:208][  0]LogConfig: Setting CVar [[r.DepthOfFieldQuality:2]]
[2020.03.24-15.07.17:208][  0]LogConfig: Setting CVar [[r.RenderTargetPoolMin:400]]
[2020.03.24-15.07.17:208][  0]LogConfig: Setting CVar [[r.LensFlareQuality:2]]
[2020.03.24-15.07.17:208][  0]LogConfig: Setting CVar [[r.SceneColorFringeQuality:1]]
[2020.03.24-15.07.17:208][  0]LogConfig: Setting CVar [[r.EyeAdaptationQuality:2]]
[2020.03.24-15.07.17:208][  0]LogConfig: Setting CVar [[r.BloomQuality:5]]
[2020.03.24-15.07.17:208][  0]LogConfig: Setting CVar [[r.FastBlurThreshold:100]]
[2020.03.24-15.07.17:208][  0]LogConfig: Setting CVar [[r.Upscale.Quality:3]]
[2020.03.24-15.07.17:208][  0]LogConfig: Setting CVar [[r.Tonemapper.GrainQuantization:1]]
[2020.03.24-15.07.17:208][  0]LogConfig: Setting CVar [[r.LightShaftQuality:1]]
[2020.03.24-15.07.17:208][  0]LogConfig: Setting CVar [[r.Filter.SizeScale:1]]
[2020.03.24-15.07.17:208][  0]LogConfig: Setting CVar [[r.Tonemapper.Quality:5]]
[2020.03.24-15.07.17:208][  0]LogConfig: Setting CVar [[r.DOF.Gather.AccumulatorQuality:1        ; higher gathering accumulator quality]]
[2020.03.24-15.07.17:208][  0]LogConfig: Setting CVar [[r.DOF.Gather.PostfilterMethod:1          ; Median3x3 postfilering method]]
[2020.03.24-15.07.17:208][  0]LogConfig: Setting CVar [[r.DOF.Gather.EnableBokehSettings:0       ; no bokeh simulation when gathering]]
[2020.03.24-15.07.17:208][  0]LogConfig: Setting CVar [[r.DOF.Gather.RingCount:4                 ; medium number of samples when gathering]]
[2020.03.24-15.07.17:208][  0]LogConfig: Setting CVar [[r.DOF.Scatter.ForegroundCompositing:1    ; additive foreground scattering]]
[2020.03.24-15.07.17:208][  0]LogConfig: Setting CVar [[r.DOF.Scatter.BackgroundCompositing:2    ; additive background scattering]]
[2020.03.24-15.07.17:208][  0]LogConfig: Setting CVar [[r.DOF.Scatter.EnableBokehSettings:1      ; bokeh simulation when scattering]]
[2020.03.24-15.07.17:208][  0]LogConfig: Setting CVar [[r.DOF.Scatter.MaxSpriteRatio:0.1         ; only a maximum of 10% of scattered bokeh]]
[2020.03.24-15.07.17:208][  0]LogConfig: Setting CVar [[r.DOF.Recombine.Quality:1                ; cheap slight out of focus]]
[2020.03.24-15.07.17:208][  0]LogConfig: Setting CVar [[r.DOF.Recombine.EnableBokehSettings:0    ; no bokeh simulation on slight out of focus]]
[2020.03.24-15.07.17:208][  0]LogConfig: Setting CVar [[r.DOF.TemporalAAQuality:1                ; more stable temporal accumulation]]
[2020.03.24-15.07.17:208][  0]LogConfig: Setting CVar [[r.DOF.Kernel.MaxForegroundRadius:0.025]]
[2020.03.24-15.07.17:208][  0]LogConfig: Setting CVar [[r.DOF.Kernel.MaxBackgroundRadius:0.025]]
[2020.03.24-15.07.17:208][  0]LogConfig: Applying CVar settings from Section [TextureQuality@3] File [D:/VeronicaMcHumpinSlut/Documents/KillEmDed/KillEmDed/Saved/Config/Windows/Scalability.ini]
[2020.03.24-15.07.17:208][  0]LogConfig: Setting CVar [[r.Streaming.MipBias:0]]
[2020.03.24-15.07.17:208][  0]LogConfig: Setting CVar [[r.Streaming.AmortizeCPUToGPUCopy:0]]
[2020.03.24-15.07.17:208][  0]LogConfig: Setting CVar [[r.Streaming.MaxNumTexturesToStreamPerFrame:0]]
[2020.03.24-15.07.17:208][  0]LogConfig: Setting CVar [[r.Streaming.Boost:1]]
[2020.03.24-15.07.17:208][  0]LogConfig: Setting CVar [[r.MaxAnisotropy:8]]
[2020.03.24-15.07.17:208][  0]LogConfig: Setting CVar [[r.Streaming.LimitPoolSizeToVRAM:0]]
[2020.03.24-15.07.17:208][  0]LogConfig: Setting CVar [[r.Streaming.PoolSize:1000]]
[2020.03.24-15.07.17:208][  0]LogConfig: Setting CVar [[r.Streaming.MaxEffectiveScreenSize:0]]
[2020.03.24-15.07.17:208][  0]LogConfig: Applying CVar settings from Section [EffectsQuality@3] File [D:/VeronicaMcHumpinSlut/Documents/KillEmDed/KillEmDed/Saved/Config/Windows/Scalability.ini]
[2020.03.24-15.07.17:208][  0]LogConfig: Setting CVar [[r.TranslucencyLightingVolumeDim:64]]
[2020.03.24-15.07.17:208][  0]LogConfig: Setting CVar [[r.RefractionQuality:2]]
[2020.03.24-15.07.17:208][  0]LogConfig: Setting CVar [[r.SSR.Quality:3]]
[2020.03.24-15.07.17:208][  0]LogConfig: Setting CVar [[r.SceneColorFormat:4]]
[2020.03.24-15.07.17:208][  0]LogConfig: Setting CVar [[r.DetailMode:2]]
[2020.03.24-15.07.17:208][  0]LogConfig: Setting CVar [[r.TranslucencyVolumeBlur:1]]
[2020.03.24-15.07.17:208][  0]LogConfig: Setting CVar [[r.MaterialQualityLevel:1 ; High quality]]
[2020.03.24-15.07.17:208][  0]LogConfig: Setting CVar [[r.SSS.Scale:1]]
[2020.03.24-15.07.17:208][  0]LogConfig: Setting CVar [[r.SSS.SampleSet:2]]
[2020.03.24-15.07.17:208][  0]LogConfig: Setting CVar [[r.SSS.Quality:1]]
[2020.03.24-15.07.17:208][  0]LogConfig: Setting CVar [[r.SSS.HalfRes:1]]
[2020.03.24-15.07.17:208][  0]LogConfig: Setting CVar [[r.EmitterSpawnRateScale:1.0]]
[2020.03.24-15.07.17:208][  0]LogConfig: Setting CVar [[r.ParticleLightQuality:2]]
[2020.03.24-15.07.17:208][  0]LogConfig: Applying CVar settings from Section [FoliageQuality@3] File [D:/VeronicaMcHumpinSlut/Documents/KillEmDed/KillEmDed/Saved/Config/Windows/Scalability.ini]
[2020.03.24-15.07.17:208][  0]LogConfig: Setting CVar [[foliage.DensityScale:1.0]]
[2020.03.24-15.07.17:208][  0]LogConfig: Setting CVar [[grass.DensityScale:1.0]]
[2020.03.24-15.07.17:208][  0]LogConfig: Applying CVar settings from Section [Startup] File [../../../Engine/Config/ConsoleVariables.ini]
[2020.03.24-15.07.17:208][  0]LogConfig: Setting CVar [[net.UseAdaptiveNetUpdateFrequency:0]]
[2020.03.24-15.07.17:208][  0]LogConfig: Setting CVar [[p.chaos.AllowCreatePhysxBodies:1]]
[2020.03.24-15.07.17:208][  0]LogConfig: Applying CVar settings from Section [ConsoleVariables] File [D:/VeronicaMcHumpinSlut/Documents/KillEmDed/KillEmDed/Saved/Config/Windows/Engine.ini]
[2020.03.24-15.07.17:208][  0]LogInit: Computer: VERONICAMCHUMPI
[2020.03.24-15.07.17:208][  0]LogInit: User: VeronicaMcHumpinSlut
[2020.03.24-15.07.17:208][  0]LogInit: CPU Page size=4096, Cores=4
[2020.03.24-15.07.17:208][  0]LogInit: High frequency timer resolution =10.000000 MHz
[2020.03.24-15.07.17:209][  0]LogMemory: Memory total: Physical=16.0GB (16GB approx)
[2020.03.24-15.07.17:209][  0]LogMemory: Platform Memory Stats for Windows
[2020.03.24-15.07.17:209][  0]LogMemory: Process Physical Memory: 99.93 MB used, 99.94 MB peak
[2020.03.24-15.07.17:209][  0]LogMemory: Process Virtual Memory: 100.66 MB used, 100.66 MB peak
[2020.03.24-15.07.17:209][  0]LogMemory: Physical Memory: 6402.41 MB used,  9938.70 MB free, 16341.12 MB total
[2020.03.24-15.07.17:209][  0]LogMemory: Virtual Memory: 4667.79 MB used,  134213064.00 MB free, 134217728.00 MB total
[2020.03.24-15.07.17:222][  0]LogInit: Using OS detected language (en-GB).
[2020.03.24-15.07.17:222][  0]LogInit: Using OS detected locale (en-GB).
[2020.03.24-15.07.17:224][  0]LogTextLocalizationManager: No specific localization for 'en-GB' exists, so the 'en' localization will be used.
[2020.03.24-15.07.17:399][  0]LogInit: Setting process to per monitor DPI aware
[2020.03.24-15.07.17:441][  0]LogSlate: New Slate User Created.  User Index 0, Is Virtual User: 0
[2020.03.24-15.07.17:441][  0]LogSlate: Slate User Registered.  User Index 0, Is Virtual User: 0
[2020.03.24-15.07.19:504][  0]LogHMD: Failed to initialize OpenVR with code 126
[2020.03.24-15.07.19:504][  0]LogD3D11RHI: D3D11 adapters:
[2020.03.24-15.07.19:566][  0]LogD3D11RHI:    0. 'NVIDIA GeForce GTX 1080 Ti' (Feature Level 11_0)
[2020.03.24-15.07.19:566][  0]LogD3D11RHI:       11127/0/8170 MB DedicatedVideo/DedicatedSystem/SharedSystem, Outputs:1, VendorId:0x10de
[2020.03.24-15.07.19:568][  0]LogD3D11RHI:    1. 'Microsoft Basic Render Driver' (Feature Level 11_0)
[2020.03.24-15.07.19:568][  0]LogD3D11RHI:       0/0/8170 MB DedicatedVideo/DedicatedSystem/SharedSystem, Outputs:0, VendorId:0x1414
[2020.03.24-15.07.19:568][  0]LogD3D11RHI: Chosen D3D11 Adapter: 0
[2020.03.24-15.07.19:573][  0]LogD3D11RHI: Creating new Direct3DDevice
[2020.03.24-15.07.19:574][  0]LogD3D11RHI:     GPU DeviceId: 0x1b06 (for the marketing name, search the web for "GPU Device Id")
[2020.03.24-15.07.19:574][  0]LogWindows: EnumDisplayDevices:
[2020.03.24-15.07.19:574][  0]LogWindows:    0. 'NVIDIA GeForce GTX 1080 Ti' (P:1 D:1)
[2020.03.24-15.07.19:574][  0]LogWindows:    1. 'NVIDIA GeForce GTX 1080 Ti' (P:0 D:0)
[2020.03.24-15.07.19:574][  0]LogWindows:    2. 'NVIDIA GeForce GTX 1080 Ti' (P:0 D:0)
[2020.03.24-15.07.19:574][  0]LogWindows:    3. 'NVIDIA GeForce GTX 1080 Ti' (P:0 D:0)
[2020.03.24-15.07.19:574][  0]LogWindows: DebugString: FoundDriverCount:4 
[2020.03.24-15.07.19:574][  0]LogD3D11RHI:     Adapter Name: NVIDIA GeForce GTX 1080 Ti
[2020.03.24-15.07.19:574][  0]LogD3D11RHI:   Driver Version: 442.74 (internal:26.21.14.4274, unified:442.74)
[2020.03.24-15.07.19:574][  0]LogD3D11RHI:      Driver Date: 3-13-2020
[2020.03.24-15.07.19:574][  0]LogRHI: Texture pool is 7788 MB (70% of 11127 MB)
[2020.03.24-15.07.19:605][  0]LogD3D11RHI: Async texture creation enabled
[2020.03.24-15.07.19:617][  0]LogRendererCore: FGlobalReadBuffer::InitRHI
[2020.03.24-15.07.19:618][  0]LogRendererCore: FGlobalReadBuffer::InitRHI
[2020.03.24-15.07.19:618][  0]LogRendererCore: FGlobalReadBuffer::InitRHI
[2020.03.24-15.07.19:625][  0]LogD3D11RHI: GPU Timing Frequency: 1000.000000 (Debug: 2 1)
[2020.03.24-15.07.19:626][  0]LogD3D11RHI: HDR output is supported on display 0 (NvId: 0x80061085).
[2020.03.24-15.07.19:847][  0]LogTemp: Display: Module 'AllDesktopTargetPlatform' loaded TargetPlatform 'AllDesktop'
[2020.03.24-15.07.19:861][  0]LogTemp: Display: Module 'MacClientTargetPlatform' loaded TargetPlatform 'MacClient'
[2020.03.24-15.07.19:871][  0]LogTemp: Display: Module 'MacNoEditorTargetPlatform' loaded TargetPlatform 'MacNoEditor'
[2020.03.24-15.07.19:882][  0]LogTemp: Display: Module 'MacServerTargetPlatform' loaded TargetPlatform 'MacServer'
[2020.03.24-15.07.19:898][  0]LogTemp: Display: Module 'MacTargetPlatform' loaded TargetPlatform 'Mac'
[2020.03.24-15.07.19:911][  0]LogTemp: Display: Module 'WindowsClientTargetPlatform' loaded TargetPlatform 'WindowsClient'
[2020.03.24-15.07.19:924][  0]LogTemp: Display: Module 'WindowsNoEditorTargetPlatform' loaded TargetPlatform 'WindowsNoEditor'
[2020.03.24-15.07.19:934][  0]LogTemp: Display: Module 'WindowsServerTargetPlatform' loaded TargetPlatform 'WindowsServer'
[2020.03.24-15.07.19:939][  0]LogTemp: Display: Module 'WindowsTargetPlatform' loaded TargetPlatform 'Windows'
[2020.03.24-15.07.20:019][  0]LogTemp: Display: Module 'AndroidTargetPlatform' loaded TargetPlatform 'Android'
[2020.03.24-15.07.20:019][  0]LogTemp: Display: Module 'AndroidTargetPlatform' loaded TargetPlatform 'Android_ASTC'
[2020.03.24-15.07.20:019][  0]LogTemp: Display: Module 'AndroidTargetPlatform' loaded TargetPlatform 'Android_ATC'
[2020.03.24-15.07.20:019][  0]LogTemp: Display: Module 'AndroidTargetPlatform' loaded TargetPlatform 'Android_DXT'
[2020.03.24-15.07.20:019][  0]LogTemp: Display: Module 'AndroidTargetPlatform' loaded TargetPlatform 'Android_ETC1'
[2020.03.24-15.07.20:019][  0]LogTemp: Display: Module 'AndroidTargetPlatform' loaded TargetPlatform 'Android_ETC1a'
[2020.03.24-15.07.20:019][  0]LogTemp: Display: Module 'AndroidTargetPlatform' loaded TargetPlatform 'Android_ETC2'
[2020.03.24-15.07.20:019][  0]LogTemp: Display: Module 'AndroidTargetPlatform' loaded TargetPlatform 'Android_PVRTC'
[2020.03.24-15.07.20:019][  0]LogTemp: Display: Module 'AndroidTargetPlatform' loaded TargetPlatform 'AndroidClient'
[2020.03.24-15.07.20:019][  0]LogTemp: Display: Module 'AndroidTargetPlatform' loaded TargetPlatform 'Android_ASTCClient'
[2020.03.24-15.07.20:019][  0]LogTemp: Display: Module 'AndroidTargetPlatform' loaded TargetPlatform 'Android_ATCClient'
[2020.03.24-15.07.20:019][  0]LogTemp: Display: Module 'AndroidTargetPlatform' loaded TargetPlatform 'Android_DXTClient'
[2020.03.24-15.07.20:019][  0]LogTemp: Display: Module 'AndroidTargetPlatform' loaded TargetPlatform 'Android_ETC1Client'
[2020.03.24-15.07.20:019][  0]LogTemp: Display: Module 'AndroidTargetPlatform' loaded TargetPlatform 'Android_ETC1aClient'
[2020.03.24-15.07.20:019][  0]LogTemp: Display: Module 'AndroidTargetPlatform' loaded TargetPlatform 'Android_ETC2Client'
[2020.03.24-15.07.20:019][  0]LogTemp: Display: Module 'AndroidTargetPlatform' loaded TargetPlatform 'Android_PVRTCClient'
[2020.03.24-15.07.20:019][  0]LogTemp: Display: Module 'AndroidTargetPlatform' loaded TargetPlatform 'Android_Multi'
[2020.03.24-15.07.20:019][  0]LogTemp: Display: Module 'AndroidTargetPlatform' loaded TargetPlatform 'Android_MultiClient'
[2020.03.24-15.07.20:021][  0]LogTemp: Display: Module 'HTML5TargetPlatform' loaded TargetPlatform 'HTML5'
[2020.03.24-15.07.20:073][  0]LogTemp: Display: Module 'IOSTargetPlatform' loaded TargetPlatform 'IOSClient'
[2020.03.24-15.07.20:073][  0]LogTemp: Display: Module 'IOSTargetPlatform' loaded TargetPlatform 'IOS'
[2020.03.24-15.07.20:096][  0]LogTemp: Display: Module 'TVOSTargetPlatform' loaded TargetPlatform 'TVOSClient'
[2020.03.24-15.07.20:096][  0]LogTemp: Display: Module 'TVOSTargetPlatform' loaded TargetPlatform 'TVOS'
[2020.03.24-15.07.20:106][  0]LogTemp: Display: Module 'LinuxClientTargetPlatform' loaded TargetPlatform 'LinuxClient'
[2020.03.24-15.07.20:115][  0]LogTemp: Display: Module 'LinuxNoEditorTargetPlatform' loaded TargetPlatform 'LinuxNoEditor'
[2020.03.24-15.07.20:125][  0]LogTemp: Display: Module 'LinuxServerTargetPlatform' loaded TargetPlatform 'LinuxServer'
[2020.03.24-15.07.20:139][  0]LogTemp: Display: Module 'LinuxTargetPlatform' loaded TargetPlatform 'Linux'
[2020.03.24-15.07.20:177][  0]LogTemp: Display: Module 'LuminTargetPlatform' loaded TargetPlatform 'Lumin'
[2020.03.24-15.07.20:177][  0]LogTemp: Display: Module 'LuminTargetPlatform' loaded TargetPlatform 'LuminClient'
[2020.03.24-15.07.20:177][  0]LogTargetPlatformManager: Display: Building Assets For Windows
[2020.03.24-15.07.20:182][  0]LogAudioDebug: Display: Lib vorbis DLL was dynamically loaded.
[2020.03.24-15.07.20:212][  0]LogShaderCompilers: Guid format shader working directory is -5 characters bigger than the processId version (../../../../../VeronicaMcHumpinSlut/Documents/KillEmDed/KillEmDed/Intermediate/Shaders/WorkingDirectory/15636/).
[2020.03.24-15.07.20:212][  0]LogShaderCompilers: Cleaned the shader compiler working directory 'C:/Users/VeronicaMcHumpinSlut/AppData/Local/Temp/UnrealShaderWorkingDir/1F61CBA04C5CC8CCDA8F14AC300A8632/'.
[2020.03.24-15.07.20:213][  0]LogXGEController: Cleaning working directory: C:/Users/VeronicaMcHumpinSlut/AppData/Local/Temp/UnrealXGEWorkingDir/
[2020.03.24-15.07.20:213][  0]LogXGEController: Cannot use XGE Controller as Incredibuild is not installed on this machine.
[2020.03.24-15.07.20:213][  0]LogShaderCompilers: Cannot use XGE Shader Compiler as Incredibuild is not installed on this machine.
[2020.03.24-15.07.20:213][  0]LogShaderCompilers: Display: Using Local Shader Compiler.
[2020.03.24-15.07.21:942][  0]LogDerivedDataCache: Display: Max Cache Size: 512 MB
[2020.03.24-15.07.21:980][  0]LogDerivedDataCache: Loaded boot cache 0.04s 75MB C:/Users/VeronicaMcHumpinSlut/AppData/Local/UnrealEngine/4.22/DerivedDataCache/Boot.ddc.
[2020.03.24-15.07.21:980][  0]LogDerivedDataCache: Display: Loaded Boot cache: C:/Users/VeronicaMcHumpinSlut/AppData/Local/UnrealEngine/4.22/DerivedDataCache/Boot.ddc
[2020.03.24-15.07.21:980][  0]LogDerivedDataCache: FDerivedDataBackendGraph:  Pak pak cache file ../../../../../VeronicaMcHumpinSlut/Documents/KillEmDed/KillEmDed/DerivedDataCache/DDC.ddp not found, will not use a pak cache.
[2020.03.24-15.07.21:980][  0]LogDerivedDataCache: Unable to find inner node Pak for hierarchical cache Hierarchy.
[2020.03.24-15.07.21:980][  0]LogDerivedDataCache: FDerivedDataBackendGraph:  CompressedPak pak cache file ../../../../../VeronicaMcHumpinSlut/Documents/KillEmDed/KillEmDed/DerivedDataCache/Compressed.ddp not found, will not use a pak cache.
[2020.03.24-15.07.21:980][  0]LogDerivedDataCache: Unable to find inner node CompressedPak for hierarchical cache Hierarchy.
[2020.03.24-15.07.22:033][  0]LogDerivedDataCache: Display: Pak cache opened for reading ../../../Engine/DerivedDataCache/Compressed.ddp.
[2020.03.24-15.07.22:033][  0]LogDerivedDataCache: FDerivedDataBackendGraph:  EnterprisePak pak cache file ../../../Enterprise/DerivedDataCache/Compressed.ddp not found, will not use a pak cache.
[2020.03.24-15.07.22:033][  0]LogDerivedDataCache: Unable to find inner node EnterprisePak for hierarchical cache Hierarchy.
[2020.03.24-15.07.22:045][  0]LogDerivedDataCache: Using Local data cache path C:/Users/VeronicaMcHumpinSlut/AppData/Local/UnrealEngine/Common/DerivedDataCache: Writable
[2020.03.24-15.07.22:045][  0]LogDerivedDataCache: Shared data cache path not found in *engine.ini, will not use an Shared cache.
[2020.03.24-15.07.22:045][  0]LogDerivedDataCache: Unable to find inner node Shared for hierarchical cache Hierarchy.
[2020.03.24-15.07.22:065][  0]LogMaterial: Verifying Global Shaders for PCD3D_SM5
[2020.03.24-15.07.22:066][  0]LogSlate: Using FreeType 2.6.0
[2020.03.24-15.07.22:067][  0]LogSlate: SlateFontServices - WITH_FREETYPE: 1, WITH_HARFBUZZ: 1
[2020.03.24-15.07.22:162][  0]LogAssetRegistry: FAssetRegistry took 0.0353 seconds to start up
[2020.03.24-15.07.22:485][  0]LogInit: Selected Device Profile: [Windows]
[2020.03.24-15.07.23:025][  0]LogMeshReduction: Using QuadricMeshReduction for automatic static mesh reduction
[2020.03.24-15.07.23:025][  0]LogMeshReduction: Using SimplygonMeshReduction for automatic skeletal mesh reduction
[2020.03.24-15.07.23:025][  0]LogMeshReduction: Using ProxyLODMeshReduction for automatic mesh merging
[2020.03.24-15.07.23:025][  0]LogMeshReduction: No distributed automatic mesh merging module available
[2020.03.24-15.07.23:025][  0]LogMeshMerging: No distributed automatic mesh merging module available
[2020.03.24-15.07.23:137][  0]LogNetVersion: KillEmDed 1.0.0, NetCL: 5660361, EngineNetVer: 10, GameNetVer: 0 (Checksum: 3428918574)
[2020.03.24-15.07.25:503][  0]LogPackageLocalizationCache: Processed 10 localized package path(s) for 1 prioritized culture(s) in 0.036637 seconds
[2020.03.24-15.07.25:508][  0]LogUObjectArray: 42205 objects as part of root set at end of initial load.
[2020.03.24-15.07.25:508][  0]LogUObjectAllocator: 7325032 out of 0 bytes used by permanent object pool.
[2020.03.24-15.07.25:508][  0]LogUObjectArray: CloseDisregardForGC: 0/0 objects in disregard for GC pool
[2020.03.24-15.07.27:678][  0]LogTcpMessaging: Initializing TcpMessaging bridge
[2020.03.24-15.07.27:690][  0]LogUdpMessaging: Initializing bridge on interface 0.0.0.0:0 to multicast group 230.0.0.1:6666.
[2020.03.24-15.07.27:918][  0]LogStats: FPlatformStackWalk::StackWalkAndDump -  0.129 s
[2020.03.24-15.07.27:918][  0]LogOutputDevice: Error: === Handled ensure: ===
[2020.03.24-15.07.27:919][  0]LogOutputDevice: Error: 
[2020.03.24-15.07.27:919][  0]LogOutputDevice: Error: Ensure condition failed: AttachmentRules.LocationRule == EAttachmentRule::KeepRelative && AttachmentRules.RotationRule == EAttachmentRule::KeepRelative && AttachmentRules.ScaleRule == EAttachmentRule::KeepRelative [File:D:\Build\++UE4\Sync\Engine\Source\Runtime\Engine\Private\Components\SceneComponent.cpp] [Line: 1786]
[2020.03.24-15.07.27:919][  0]LogOutputDevice: Error: AttachToComponent when called from a constructor is only setting up attachment and will always be treated as KeepRelative. Consider calling SetupAttachment directly instead.
[2020.03.24-15.07.27:919][  0]LogOutputDevice: Error: Stack: 
[2020.03.24-15.07.27:919][  0]LogOutputDevice: Error: [Callstack] 0x00007ffa3cc9cd89 UE4Editor-Engine.dll!UnknownFunction []
[2020.03.24-15.07.27:919][  0]LogOutputDevice: Error: [Callstack] 0x00007ffa3bad4fa1 UE4Editor-Engine.dll!UnknownFunction []
[2020.03.24-15.07.27:919][  0]LogOutputDevice: Error: [Callstack] 0x00007ffa154553fb UE4Editor-KillEmDed-1153.dll!AARotator::AARotator() [D:\VeronicaMcHumpinSlut\Documents\KillEmDed\KillEmDed\Source\KillEmDed\ARotator.cpp:17]
[2020.03.24-15.07.27:919][  0]LogOutputDevice: Error: [Callstack] 0x00007ffa49df610f UE4Editor-CoreUObject.dll!UnknownFunction []
[2020.03.24-15.07.27:919][  0]LogOutputDevice: Error: [Callstack] 0x00007ffa4a031056 UE4Editor-CoreUObject.dll!UnknownFunction []
[2020.03.24-15.07.27:919][  0]LogOutputDevice: Error: [Callstack] 0x00007ffa4a01edef UE4Editor-CoreUObject.dll!UnknownFunction []
[2020.03.24-15.07.27:919][  0]LogOutputDevice: Error: [Callstack] 0x00007ffa49dfa727 UE4Editor-CoreUObject.dll!UnknownFunction []
[2020.03.24-15.07.27:919][  0]LogOutputDevice: Error: [Callstack] 0x00007ffa5f884a2b UE4Editor-Core.dll!UnknownFunction []
[2020.03.24-15.07.27:919][  0]LogOutputDevice: Error: [Callstack] 0x00007ffa5fa55cb5 UE4Editor-Core.dll!UnknownFunction []
[2020.03.24-15.07.27:919][  0]LogOutputDevice: Error: [Callstack] 0x00007ffa7b638d67 UE4Editor-Projects.dll!UnknownFunction []
[2020.03.24-15.07.27:919][  0]LogOutputDevice: Error: [Callstack] 0x00007ffa7b638ff7 UE4Editor-Projects.dll!UnknownFunction []
[2020.03.24-15.07.27:919][  0]LogOutputDevice: Error: [Callstack] 0x00007ff772d57eb1 UE4Editor.exe!UnknownFunction []
[2020.03.24-15.07.27:919][  0]LogOutputDevice: Error: [Callstack] 0x00007ff772d5d671 UE4Editor.exe!UnknownFunction []
[2020.03.24-15.07.27:919][  0]LogOutputDevice: Error: [Callstack] 0x00007ff772d55377 UE4Editor.exe!UnknownFunction []
[2020.03.24-15.07.27:919][  0]LogOutputDevice: Error: [Callstack] 0x00007ff772d555ca UE4Editor.exe!UnknownFunction []
[2020.03.24-15.07.27:919][  0]LogOutputDevice: Error: [Callstack] 0x00007ff772d6316c UE4Editor.exe!UnknownFunction []
[2020.03.24-15.07.27:919][  0]LogOutputDevice: Error: [Callstack] 0x00007ff772d65b8e UE4Editor.exe!UnknownFunction []
[2020.03.24-15.07.27:919][  0]LogOutputDevice: Error: [Callstack] 0x00007ffa90237bd4 KERNEL32.DLL!UnknownFunction []
[2020.03.24-15.07.27:919][  0]LogOutputDevice: Error: [Callstack] 0x00007ffa9102ced1 ntdll.dll!UnknownFunction []
[2020.03.24-15.07.27:919][  0]LogOutputDevice: Error: 
[2020.03.24-15.07.27:971][  0]LogStats:                SubmitErrorReport -  0.000 s
[2020.03.24-15.07.28:418][  0]LogStats:                    SendNewReport -  0.448 s
[2020.03.24-15.07.28:418][  0]LogStats:             FDebug::EnsureFailed -  0.629 s
[2020.03.24-15.07.29:034][  0]SourceControl: Source control is disabled
[2020.03.24-15.07.29:034][  0]SourceControl: Source control is disabled
[2020.03.24-15.07.29:035][  0]SourceControl: Source control is disabled
[2020.03.24-15.07.29:036][  0]SourceControl: Source control is disabled
[2020.03.24-15.07.29:103][  0]LogAndroidPermission: UAndroidPermissionCallbackProxy::GetInstance
[2020.03.24-15.07.29:215][  0]LogOcInput: OculusInput pre-init called
[2020.03.24-15.07.30:134][  0]LogEngine: Initializing Engine...
[2020.03.24-15.07.30:160][  0]LogHMD: Failed to initialize OpenVR with code 126
[2020.03.24-15.07.30:160][  0]LogStats: UGameplayTagsManager::InitializeManager -  0.000 s
[2020.03.24-15.07.30:777][  0]LogInit: Initializing FReadOnlyCVARCache
[2020.03.24-15.07.30:789][  0]LogAIModule: Creating AISystem for world Untitled
[2020.03.24-15.07.30:821][  0]LogInit: XAudio2 using 'C49HG9x (NVIDIA High Definition Audio)' : 2 channels at 48 kHz using 16 bits per sample (channel mask 0x3)
[2020.03.24-15.07.30:844][  0]LogInit: FAudioDevice initialized.
[2020.03.24-15.07.30:844][  0]LogNetVersion: Set ProjectVersion to 1.0.0.0. Version Checksum will be recalculated on next use.
[2020.03.24-15.07.30:964][  0]LogDerivedDataCache: Saved boot cache 0.12s 73MB C:/Users/VeronicaMcHumpinSlut/AppData/Local/UnrealEngine/4.22/DerivedDataCache/Boot.ddc.
[2020.03.24-15.07.30:967][  0]LogInit: Texture streaming: Enabled
[2020.03.24-15.07.30:977][  0]LogEngineSessionManager: EngineSessionManager initialized
[2020.03.24-15.07.30:977][  0]LogEngineSessionManager: EngineSessionManager sent abnormal shutdown report. Type=Crashed, SessionId={795B013F-4D22-5CAB-E0AF-4698366D891C}
[2020.03.24-15.07.31:084][  0]LogInit: Transaction tracking system initialized
[2020.03.24-15.07.31:102][  0]BlueprintLog: New page: Editor Load
[2020.03.24-15.07.31:152][  0]LocalizationService: Localization service is disabled
[2020.03.24-15.07.32:001][  0]LogFileCache: Scanning file cache for directory 'D:/VeronicaMcHumpinSlut/Documents/KillEmDed/KillEmDed/Content/' took 0.02s
[2020.03.24-15.07.32:001][  0]LogCook: Display: Max memory allowance for cook 16384mb min free memory 0mb
[2020.03.24-15.07.32:001][  0]LogCook: Display: Mobile HDR setting 1
[2020.03.24-15.07.32:869][  0]SourceControl: Source control is disabled
[2020.03.24-15.07.32:869][  0]Cmd: MAP LOAD FILE="../../../Engine/Content/Maps/Templates/Template_Default.umap" TEMPLATE=1 SHOWPROGRESS=1 FEATURELEVEL=3
[2020.03.24-15.07.32:872][  0]LightingResults: New page: Lighting Build
[2020.03.24-15.07.32:873][  0]MapCheck: New page: Map Check
[2020.03.24-15.07.32:873][  0]LightingResults: New page: Lighting Build
[2020.03.24-15.07.32:890][  0]LogUObjectHash: Compacting FUObjectHashTables data took   1.16ms
[2020.03.24-15.07.33:118][  0]LogAIModule: Creating AISystem for world Untitled_1
[2020.03.24-15.07.33:137][  0]LogEditorServer: Finished looking for orphan Actors (0.000 secs)
[2020.03.24-15.07.33:155][  0]LogUObjectHash: Compacting FUObjectHashTables data took   1.33ms
[2020.03.24-15.07.33:155][  0]Cmd: MAP CHECKDEP NOCLEARLOG
[2020.03.24-15.07.33:156][  0]MapCheck: Map check complete: 0 Error(s), 0 Warning(s), took 0.093ms to complete.
[2020.03.24-15.07.33:156][  0]LogFileHelpers: Loading map 'Template_Default' took 0.287
[2020.03.24-15.07.33:273][  0]LogSlate: Updating window title bar state: overlay mode, drag disabled, window buttons hidden, title bar hidden
[2020.03.24-15.07.33:279][  0]LogSlate: Updating window title bar state: overlay mode, drag disabled, window buttons hidden, title bar hidden
[2020.03.24-15.07.33:284][  0]LogSlate: Updating window title bar state: overlay mode, drag disabled, window buttons hidden, title bar hidden
[2020.03.24-15.07.33:290][  0]LogSlate: Updating window title bar state: overlay mode, drag disabled, window buttons hidden, title bar hidden
[2020.03.24-15.07.33:296][  0]LogCollectionManager: Loaded 0 collections in 0.000792 seconds
[2020.03.24-15.07.33:332][  0]LogFileCache: Scanning file cache for directory 'D:/VeronicaMcHumpinSlut/Documents/KillEmDed/KillEmDed/Saved/Collections/' took 0.01s
[2020.03.24-15.07.33:332][  0]LogFileCache: Scanning file cache for directory 'D:/VeronicaMcHumpinSlut/Documents/KillEmDed/KillEmDed/Content/Developers/VeronicaMcHumpinSlut/Collections/' took 0.01s
[2020.03.24-15.07.33:332][  0]LogFileCache: Scanning file cache for directory 'D:/VeronicaMcHumpinSlut/Documents/KillEmDed/KillEmDed/Content/Collections/' took 0.01s
[2020.03.24-15.07.33:332][  0]LogCollectionManager: Rebuilt the GUID cache for 0 collections in 0.000000 seconds
[2020.03.24-15.07.33:340][  0]LogContentBrowser: Native class hierarchy populated in 0.0081 seconds. Added 2743 classes and 661 folders.
[2020.03.24-15.07.33:345][  0]LogContentBrowser: Native class hierarchy updated for 'WidgetCarousel' in 0.0003 seconds. Added 0 classes and 0 folders.
[2020.03.24-15.07.33:349][  0]LogPakFile: Registered encryption key '00000000000000000000000000000000': 0 pak files mounted, 0 remain pending
[2020.03.24-15.07.33:354][  0]LogPakFile: Registered encryption key '00000000000000000000000000000000': 0 pak files mounted, 0 remain pending
[2020.03.24-15.07.33:368][  0]LogPakFile: Registered encryption key '00000000000000000000000000000000': 0 pak files mounted, 0 remain pending
[2020.03.24-15.07.33:372][  0]LogPakFile: Registered encryption key '00000000000000000000000000000000': 0 pak files mounted, 0 remain pending
[2020.03.24-15.07.33:375][  0]LogPakFile: Registered encryption key '00000000000000000000000000000000': 0 pak files mounted, 0 remain pending
[2020.03.24-15.07.33:379][  0]LogPakFile: Registered encryption key '00000000000000000000000000000000': 0 pak files mounted, 0 remain pending
[2020.03.24-15.07.33:385][  0]LogPakFile: Registered encryption key '00000000000000000000000000000000': 0 pak files mounted, 0 remain pending
[2020.03.24-15.07.33:388][  0]LogPakFile: Registered encryption key '00000000000000000000000000000000': 0 pak files mounted, 0 remain pending
[2020.03.24-15.07.33:392][  0]LogPakFile: Registered encryption key '00000000000000000000000000000000': 0 pak files mounted, 0 remain pending
[2020.03.24-15.07.33:396][  0]LogPakFile: Registered encryption key '00000000000000000000000000000000': 0 pak files mounted, 0 remain pending
[2020.03.24-15.07.33:400][  0]LogPakFile: Registered encryption key '00000000000000000000000000000000': 0 pak files mounted, 0 remain pending
[2020.03.24-15.07.33:403][  0]LogPakFile: Registered encryption key '00000000000000000000000000000000': 0 pak files mounted, 0 remain pending
[2020.03.24-15.07.33:407][  0]LogPakFile: Registered encryption key '00000000000000000000000000000000': 0 pak files mounted, 0 remain pending
[2020.03.24-15.07.33:411][  0]LogPakFile: Registered encryption key '00000000000000000000000000000000': 0 pak files mounted, 0 remain pending
[2020.03.24-15.07.33:414][  0]LogPakFile: Registered encryption key '00000000000000000000000000000000': 0 pak files mounted, 0 remain pending
[2020.03.24-15.07.33:418][  0]LogPakFile: Registered encryption key '00000000000000000000000000000000': 0 pak files mounted, 0 remain pending
[2020.03.24-15.07.33:439][  0]LogPakFile: Registered encryption key '00000000000000000000000000000000': 0 pak files mounted, 0 remain pending
[2020.03.24-15.07.33:445][  0]LogPakFile: Registered encryption key '00000000000000000000000000000000': 0 pak files mounted, 0 remain pending
[2020.03.24-15.07.33:448][  0]LogPakFile: Registered encryption key '00000000000000000000000000000000': 0 pak files mounted, 0 remain pending
[2020.03.24-15.07.33:455][  0]LogPakFile: Registered encryption key '00000000000000000000000000000000': 0 pak files mounted, 0 remain pending
[2020.03.24-15.07.33:459][  0]LogPakFile: Registered encryption key '00000000000000000000000000000000': 0 pak files mounted, 0 remain pending
[2020.03.24-15.07.33:462][  0]LogPakFile: Registered encryption key '00000000000000000000000000000000': 0 pak files mounted, 0 remain pending
[2020.03.24-15.07.33:466][  0]LogPakFile: Registered encryption key '00000000000000000000000000000000': 0 pak files mounted, 0 remain pending
[2020.03.24-15.07.33:470][  0]LogPakFile: Registered encryption key '00000000000000000000000000000000': 0 pak files mounted, 0 remain pending
[2020.03.24-15.07.33:474][  0]LogPakFile: Registered encryption key '00000000000000000000000000000000': 0 pak files mounted, 0 remain pending
[2020.03.24-15.07.33:477][  0]LogPakFile: Registered encryption key '00000000000000000000000000000000': 0 pak files mounted, 0 remain pending
[2020.03.24-15.07.33:573][  0]LogContentBrowser: Native class hierarchy updated for 'AddContentDialog' in 0.0003 seconds. Added 0 classes and 0 folders.
[2020.03.24-15.07.33:576][  0]LogContentBrowser: Native class hierarchy updated for 'SceneOutliner' in 0.0003 seconds. Added 1 classes and 2 folders.
[2020.03.24-15.07.33:614][  0]LogContentBrowser: Native class hierarchy updated for 'HierarchicalLODOutliner' in 0.0003 seconds. Added 0 classes and 0 folders.
[2020.03.24-15.07.33:614][  0]LogLoad: (Engine Initialization) Total time: 18.67 seconds
[2020.03.24-15.07.33:614][  0]LogLoad: (Engine Initialization) Total Blueprint compile time: 0.00 seconds
[2020.03.24-15.07.33:643][  0]LogAssetRegistry: Asset discovery search completed in 11.5034 seconds
[2020.03.24-15.07.33:644][  0]LogCollectionManager: Rebuilt the object cache for 0 collections in 0.000000 seconds (found 0 objects)
[2020.03.24-15.07.33:644][  0]LogCollectionManager: Fixed up redirectors for 0 collections in 0.000030 seconds (updated 0 objects)
[2020.03.24-15.07.33:645][  0]LogContentStreaming: Texture pool size now 1000 MB
[2020.03.24-15.07.33:650][  0]LogSlate: Took 0.000149 seconds to synchronously load lazily loaded font '../../../Engine/Content/Slate/Fonts/Roboto-Regular.ttf' (155K)
[2020.03.24-15.07.33:651][  0]LogSlate: Took 0.000112 seconds to synchronously load lazily loaded font '../../../Engine/Content/Slate/Fonts/Roboto-Bold.ttf' (160K)
[2020.03.24-15.07.33:657][  0]LogSlate: Took 0.003422 seconds to synchronously load lazily loaded font '../../../Engine/Content/Editor/Slate/Fonts/FontAwesome.ttf' (139K)
[2020.03.24-15.07.33:855][  0]LogSlate: Took 0.003191 seconds to synchronously load lazily loaded font '../../../Engine/Content/Slate/Fonts/Roboto-Light.ttf' (167K)
[2020.03.24-15.07.33:878][  1]LogRenderer: Reallocating scene render targets to support 804x336 Format 10 NumSamples 1 (Frame:1).
[2020.03.24-15.07.34:637][ 87]LogSlate: Took 0.000221 seconds to synchronously load lazily loaded font '../../../Engine/Content/Slate/Fonts/Roboto-Light.ttf' (167K)
[2020.03.24-15.08.24:557][ 77]LogSlate: FSceneViewport::OnFocusLost() reason 0
[2020.03.24-15.08.25:232][ 89]LogBlueprint: Warning: [Compiler Ue4ASP_Character] InputAction Event references unknown Action 'Crouch' for  InputAction Crouch
[2020.03.24-15.08.25:232][ 89]LogBlueprint: Warning: [Compiler Ue4ASP_Character] InputAction Event references unknown Action 'Jump' for  InputAction Jump
[2020.03.24-15.08.25:232][ 89]LogBlueprint: Warning: [Compiler Ue4ASP_Character] Input Axis Event references unknown Axis 'MoveForward' for  InputAxis MoveForward
[2020.03.24-15.08.25:232][ 89]LogBlueprint: Warning: [Compiler Ue4ASP_Character] Input Axis Event references unknown Axis 'LookUp' for  InputAxis LookUp
[2020.03.24-15.08.25:233][ 89]LogBlueprint: Warning: [Compiler Ue4ASP_Character] Input Axis Event references unknown Axis 'Turn' for  InputAxis Turn
[2020.03.24-15.08.25:233][ 89]LogBlueprint: Warning: [Compiler Ue4ASP_Character] Input Axis Event references unknown Axis 'MoveRight' for  InputAxis MoveRight
[2020.03.24-15.08.25:240][ 89]LogBlueprint: Warning: [Compiler Ue4ASP_Character] [0070.30] Compile of Ue4ASP_Character successful, but with 6 Warning(s) [in 26 ms] (/Game/AnimStarterPack/Ue4ASP_Character.Ue4ASP_Character)
[2020.03.24-15.08.25:448][ 89]LogAssetEditorManager: Opening Asset editor for Blueprint /Game/BP_ShootyEnemy.BP_ShootyEnemy
[2020.03.24-15.08.25:824][ 89]LogContentBrowser: Native class hierarchy updated for 'BlueprintGraph' in 0.0005 seconds. Added 121 classes and 0 folders.
[2020.03.24-15.08.36:077][139]LogRenderer: Reallocating scene render targets to support 1204x540 Format 10 NumSamples 1 (Frame:7128).
[2020.03.24-15.08.39:451][300]LogAIModule: Creating AISystem for world Main
[2020.03.24-15.08.39:458][300]LogAssetEditorManager: Opening Asset editor for World /Game/Maps/Main.Main
[2020.03.24-15.08.39:485][300]LogUObjectHash: Compacting FUObjectHashTables data took   2.44ms
[2020.03.24-15.08.39:486][300]Cmd: MAP LOAD FILE="../../../../../VeronicaMcHumpinSlut/Documents/KillEmDed/KillEmDed/Content/Maps/Main.umap" TEMPLATE=0 SHOWPROGRESS=1 FEATURELEVEL=3
[2020.03.24-15.08.39:486][300]LightingResults: New page: Lighting Build
[2020.03.24-15.08.39:487][300]LoadErrors: New page: Loading map: Main.umap
[2020.03.24-15.08.39:487][300]MapCheck: New page: Map Check
[2020.03.24-15.08.39:487][300]LightingResults: New page: Lighting Build
[2020.03.24-15.08.39:512][300]LogUObjectHash: Compacting FUObjectHashTables data took   1.65ms
[2020.03.24-15.08.39:515][300]LogEditorServer: Finished looking for orphan Actors (0.000 secs)
[2020.03.24-15.08.39:537][300]LogUObjectHash: Compacting FUObjectHashTables data took   1.52ms
[2020.03.24-15.08.39:558][300]Cmd: MAP CHECKDEP NOCLEARLOG
[2020.03.24-15.08.39:558][300]MapCheck: Map check complete: 0 Error(s), 0 Warning(s), took 0.062ms to complete.
[2020.03.24-15.08.39:558][300]LogFileHelpers: Loading map 'Main' took 0.072
[2020.03.24-15.09.02:618][ 62]LogEditorViewport: Clicking on Actor (LMB): BP_ShootyEnemy_C (BP_ShootyEnemy)
[2020.03.24-15.09.03:670][179]Cmd: DELETE
[2020.03.24-15.09.03:670][179]Cmd: ACTOR DELETE
[2020.03.24-15.09.03:672][179]LogEditorActor: Deleted Actor: BP_ShootyEnemy_C
[2020.03.24-15.09.03:693][179]LogUObjectHash: Compacting FUObjectHashTables data took   0.49ms
[2020.03.24-15.09.03:694][179]LogEditorActor: Deleted 1 Actors (0.024 secs)
[2020.03.24-15.09.05:095][347]LogEditorViewport: Clicking on Actor (LMB): BP_MeleeEnemy_C (BP_MeleeEnemy2)
[2020.03.24-15.09.05:941][441]Cmd: DELETE
[2020.03.24-15.09.05:941][441]Cmd: ACTOR DELETE
[2020.03.24-15.09.05:942][441]LogEditorActor: Deleted Actor: BP_MeleeEnemy_C
[2020.03.24-15.09.05:965][441]LogUObjectHash: Compacting FUObjectHashTables data took   0.57ms
[2020.03.24-15.09.05:965][441]LogEditorActor: Deleted 1 Actors (0.024 secs)
[2020.03.24-15.09.07:076][574]LogEditorViewport: Clicking on Actor (LMB): BP_MeleeEnemy_C (BP_MeleeEnemy)
[2020.03.24-15.09.07:875][663]Cmd: DELETE
[2020.03.24-15.09.07:875][663]Cmd: ACTOR DELETE
[2020.03.24-15.09.07:876][663]LogEditorActor: Deleted Actor: BP_MeleeEnemy_C
[2020.03.24-15.09.07:900][663]LogUObjectHash: Compacting FUObjectHashTables data took   0.50ms
[2020.03.24-15.09.07:900][663]LogEditorActor: Deleted 1 Actors (0.025 secs)
[2020.03.24-15.09.14:285][429]LogSlate: FSceneViewport::OnFocusLost() reason 0
[2020.03.24-15.09.14:424][441]LogActor: Warning: BP_CubeRotator_C /Engine/Transient.World_8:PersistentLevel.BP_CubeRotator_C_0 has natively added scene component(s), but none of them were set as the actor's RootComponent - picking one arbitrarily
[2020.03.24-15.09.27:785][ 36]LogSlate: FSceneViewport::OnFocusLost() reason 0
[2020.03.24-15.09.33:961][772]Cmd: OBJ SAVEPACKAGE PACKAGE="/Game/Maps/Main" FILE="../../../../../VeronicaMcHumpinSlut/Documents/KillEmDed/KillEmDed/Content/Maps/Main.umap" SILENT=true AUTOSAVING=false KEEPDIRTY=false
[2020.03.24-15.09.33:986][772]LogUObjectHash: Compacting FUObjectHashTables data took   1.83ms
[2020.03.24-15.09.34:112][772]LogSavePackage: Moving '../../../../../VeronicaMcHumpinSlut/Documents/KillEmDed/KillEmDed/Saved/MainEC223B034FA0FEA9115EADB41ECBD09A.tmp' to '../../../../../VeronicaMcHumpinSlut/Documents/KillEmDed/KillEmDed/Content/Maps/Main.umap'
[2020.03.24-15.09.34:141][772]Cmd: OBJ SAVEPACKAGE PACKAGE="/Game/Maps/Main_BuiltData" FILE="../../../../../VeronicaMcHumpinSlut/Documents/KillEmDed/KillEmDed/Content/Maps/Main_BuiltData.uasset" SILENT=true
[2020.03.24-15.09.34:155][772]LogSavePackage: Moving '../../../../../VeronicaMcHumpinSlut/Documents/KillEmDed/KillEmDed/Saved/Main_BuiltDataE3DEB0344F6FA60B1C32718CD2E191EE.tmp' to '../../../../../VeronicaMcHumpinSlut/Documents/KillEmDed/KillEmDed/Content/Maps/Main_BuiltData.uasset'
[2020.03.24-15.09.36:971][105]LogTemp: Repeating last play command: Selected Viewport
[2020.03.24-15.09.36:990][105]LogBlueprintUserMessages: Early PlayInEditor Detection: Level '/Game/Maps/Main.Main:PersistentLevel' has LevelScriptBlueprint '/Game/Maps/Main.Main:PersistentLevel.Main' with GeneratedClass '/Game/Maps/Main.Main_C' with ClassGeneratedBy '/Game/Maps/Main.Main:PersistentLevel.Main'
[2020.03.24-15.09.36:990][105]LogPlayLevel: PlayLevel: No blueprints needed recompiling
[2020.03.24-15.09.36:991][105]PIE: New page: PIE session: Main (24 Mar 2020 15:09:36)
[2020.03.24-15.09.37:003][105]LogPlayLevel: Creating play world package: /Game/Maps/UEDPIE_0_Main
[2020.03.24-15.09.37:005][105]LogPlayLevel: PIE: StaticDuplicateObject took: (0.002336s)
[2020.03.24-15.09.37:006][105]LogAIModule: Creating AISystem for world Main
[2020.03.24-15.09.37:006][105]LogPlayLevel: PIE: World Init took: (0.000592s)
[2020.03.24-15.09.37:006][105]LogPlayLevel: PIE: Created PIE world by copying editor world from /Game/Maps/Main.Main to /Game/Maps/UEDPIE_0_Main.Main (0.003163s)
[2020.03.24-15.09.37:029][105]LogUObjectHash: Compacting FUObjectHashTables data took   1.70ms
[2020.03.24-15.09.37:060][105]LogInit: XAudio2 using 'C49HG9x (NVIDIA High Definition Audio)' : 2 channels at 48 kHz using 16 bits per sample (channel mask 0x3)
[2020.03.24-15.09.37:070][105]LogInit: FAudioDevice initialized.
[2020.03.24-15.09.37:124][105]LogLoad: Game class is 'MyKillEmDedGameModeBase_C'
[2020.03.24-15.09.37:127][105]LogWorld: Bringing World /Game/Maps/UEDPIE_0_Main.Main up for play (max tick rate 0) at 2020.03.24-15.09.37
[2020.03.24-15.09.37:127][105]LogTemp: Warning: InProximity
[2020.03.24-15.09.37:127][105]LogWorld: Bringing up level for play took: 0.001406
[2020.03.24-15.09.37:139][105]LogBlueprintActionDatabase: Requesting refresh due to module change: Voice (loaded)
[2020.03.24-15.09.37:141][105]LogBlueprintActionDatabase: Requesting refresh due to module change: MovieSceneCapture (loaded)
[2020.03.24-15.09.37:141][105]LogContentBrowser: Native class hierarchy updated for 'MovieSceneCapture' in 0.0003 seconds. Added 20 classes and 0 folders.
[2020.03.24-15.09.37:142][105]PIE: Play in editor start time for /Game/Maps/UEDPIE_0_Main -0.018
[2020.03.24-15.09.37:142][105]LogBlueprintUserMessages: Late PlayInEditor Detection: Level '/Game/Maps/Main.Main:PersistentLevel' has LevelScriptBlueprint '/Game/Maps/Main.Main:PersistentLevel.Main' with GeneratedClass '/Game/Maps/Main.Main_C' with ClassGeneratedBy '/Game/Maps/Main.Main:PersistentLevel.Main'
[2020.03.24-15.09.37:142][105]LogOutputDevice: Warning: 

Script Stack (0 frames):

[2020.03.24-15.09.37:142][105]LogWindows: Windows GetLastError: The operation completed successfully. (0)
[2020.03.24-15.09.38:246][105]LogWindows: Error: === Critical error: ===
[2020.03.24-15.09.38:246][105]LogWindows: Error: 
[2020.03.24-15.09.38:246][105]LogWindows: Error: Assertion failed: (Index >= 0) & (Index < ArrayNum) [File:D:\Program Files\UE_4.22\Engine\Source\Runtime\Core\Public\Containers/Array.h] [Line: 611] 
[2020.03.24-15.09.38:246][105]LogWindows: Error: Array index out of bounds: 2 from an array of size 2
[2020.03.24-15.09.38:246][105]LogWindows: Error: 
[2020.03.24-15.09.38:246][105]LogWindows: Error: 
[2020.03.24-15.09.38:246][105]LogWindows: Error: [Callstack] 0x00007ffa8ec3a859 KERNELBASE.dll!UnknownFunction []
[2020.03.24-15.09.38:246][105]LogWindows: Error: [Callstack] 0x00007ffa5fbf1f37 UE4Editor-Core.dll!UnknownFunction []
[2020.03.24-15.09.38:246][105]LogWindows: Error: [Callstack] 0x00007ffa5fbf46e7 UE4Editor-Core.dll!UnknownFunction []
[2020.03.24-15.09.38:246][105]LogWindows: Error: [Callstack] 0x00007ffa5fa07d1a UE4Editor-Core.dll!UnknownFunction []
[2020.03.24-15.09.38:246][105]LogWindows: Error: [Callstack] 0x00007ffa5f98fe33 UE4Editor-Core.dll!UnknownFunction []
[2020.03.24-15.09.38:246][105]LogWindows: Error: [Callstack] 0x00007ffa5f9904d0 UE4Editor-Core.dll!UnknownFunction []
[2020.03.24-15.09.38:246][105]LogWindows: Error: [Callstack] 0x00007ffa154688d8 UE4Editor-KillEmDed-1153.dll!DispatchCheckVerify<void,<lambda_23c18e0af2a175bfd4d5178d421c0328> >() [D:\Program Files\UE_4.22\Engine\Source\Runtime\Core\Public\Misc\AssertionMacros.h:162]
[2020.03.24-15.09.38:246][105]LogWindows: Error: [Callstack] 0x00007ffa1545d647 UE4Editor-KillEmDed-1153.dll!AEnemySpawner::Spawn() [D:\VeronicaMcHumpinSlut\Documents\KillEmDed\KillEmDed\Source\KillEmDed\EnemySpawner.cpp:44]
[2020.03.24-15.09.38:246][105]LogWindows: Error: [Callstack] 0x00007ffa1545d7af UE4Editor-KillEmDed-1153.dll!AEnemySpawner::Tick() [D:\VeronicaMcHumpinSlut\Documents\KillEmDed\KillEmDed\Source\KillEmDed\EnemySpawner.cpp:28]
[2020.03.24-15.09.38:247][105]LogWindows: Error: [Callstack] 0x00007ffa3b6dfea2 UE4Editor-Engine.dll!UnknownFunction []
[2020.03.24-15.09.38:247][105]LogWindows: Error: [Callstack] 0x00007ffa3b6aaeed UE4Editor-Engine.dll!UnknownFunction []
[2020.03.24-15.09.38:247][105]LogWindows: Error: [Callstack] 0x00007ffa3c6672bc UE4Editor-Engine.dll!UnknownFunction []
[2020.03.24-15.09.38:247][105]LogWindows: Error: [Callstack] 0x00007ffa5f8122d8 UE4Editor-Core.dll!UnknownFunction []
[2020.03.24-15.09.38:247][105]LogWindows: Error: [Callstack] 0x00007ffa5f812563 UE4Editor-Core.dll!UnknownFunction []
[2020.03.24-15.09.38:247][105]LogWindows: Error: [Callstack] 0x00007ffa5f822309 UE4Editor-Core.dll!UnknownFunction []
[2020.03.24-15.09.38:247][105]LogWindows: Error: [Callstack] 0x00007ffa3c6af9e3 UE4Editor-Engine.dll!UnknownFunction []
[2020.03.24-15.09.38:247][105]LogWindows: Error: [Callstack] 0x00007ffa3c6bbd12 UE4Editor-Engine.dll!UnknownFunction []
[2020.03.24-15.09.38:247][105]LogWindows: Error: [Callstack] 0x00007ffa3beddc4f UE4Editor-Engine.dll!UnknownFunction []
[2020.03.24-15.09.38:247][105]LogWindows: Error: [Callstack] 0x00007ffa3bee7e28 UE4Editor-Engine.dll!UnknownFunction []
[2020.03.24-15.09.38:247][105]LogWindows: Error: [Callstack] 0x00007ffa47f502f7 UE4Editor-UnrealEd.dll!UnknownFunction []
[2020.03.24-15.09.38:247][105]LogWindows: Error: [Callstack] 0x00007ffa4876d396 UE4Editor-UnrealEd.dll!UnknownFunction []
[2020.03.24-15.09.38:247][105]LogWindows: Error: [Callstack] 0x00007ff772d46bb1 UE4Editor.exe!UnknownFunction []
[2020.03.24-15.09.38:247][105]LogWindows: Error: [Callstack] 0x00007ff772d5554c UE4Editor.exe!UnknownFunction []
[2020.03.24-15.09.38:247][105]LogWindows: Error: [Callstack] 0x00007ff772d555ca UE4Editor.exe!UnknownFunction []
[2020.03.24-15.09.38:247][105]LogWindows: Error: [Callstack] 0x00007ff772d6316c UE4Editor.exe!UnknownFunction []
[2020.03.24-15.09.38:247][105]LogWindows: Error: [Callstack] 0x00007ff772d65b8e UE4Editor.exe!UnknownFunction []
[2020.03.24-15.09.38:247][105]LogWindows: Error: [Callstack] 0x00007ffa90237bd4 KERNEL32.DLL!UnknownFunction []
[2020.03.24-15.09.38:247][105]LogWindows: Error: [Callstack] 0x00007ffa9102ced1 ntdll.dll!UnknownFunction []
[2020.03.24-15.09.38:247][105]LogWindows: Error: 
[2020.03.24-15.09.38:259][105]LogExit: Executing StaticShutdownAfterError
[2020.03.24-15.09.38:261][105]LogWindows: FPlatformMisc::RequestExit(1)
[2020.03.24-15.09.38:311][105]Log file closed, 03/24/20 15:09:38
