Log file open, 03/09/20 09:02:39
LogWindows: Failed to load 'aqProf.dll' (GetLastError=126)
LogWindows: File 'aqProf.dll' does not exist
LogWindows: Failed to load 'VtuneApi.dll' (GetLastError=126)
LogWindows: File 'VtuneApi.dll' does not exist
LogWindows: Failed to load 'VtuneApi32e.dll' (GetLastError=126)
LogWindows: File 'VtuneApi32e.dll' does not exist
LogConsoleResponse: Display: Failed to find resolution value strings in scalability ini. Falling back to default.
LogInit: Display: Running engine for game: KillEmDed
LogPakFile: Registered encryption key '00000000000000000000000000000000': 0 pak files mounted, 0 remain pending
LogPlatformFile: Not using cached read wrapper
LogTaskGraph: Started task graph with 5 named threads and 35 total threads with 3 sets of task threads.
LogStats: Stats thread started at 0.394682
LogD3D11RHI: Loaded GFSDK_Aftermath_Lib.x64.dll
LogICUInternationalization: ICU TimeZone Detection - Raw Offset: +0:00, Platform Override: ''
LogPluginManager: Mounting plugin Paper2D
LogPluginManager: Mounting plugin AISupport
LogPluginManager: Mounting plugin LightPropagationVolume
LogPluginManager: Mounting plugin ActorLayerUtilities
LogPluginManager: Mounting plugin AnimationSharing
LogPluginManager: Mounting plugin CLionSourceCodeAccess
LogPluginManager: Mounting plugin CodeLiteSourceCodeAccess
LogPluginManager: Mounting plugin GitSourceControl
LogPluginManager: Mounting plugin KDevelopSourceCodeAccess
LogPluginManager: Mounting plugin NullSourceCodeAccess
LogPluginManager: Mounting plugin PerforceSourceControl
LogPluginManager: Mounting plugin SubversionSourceControl
LogPluginManager: Mounting plugin UObjectPlugin
LogPluginManager: Mounting plugin VisualStudioCodeSourceCodeAccess
LogPluginManager: Mounting plugin VisualStudioSourceCodeAccess
LogPluginManager: Mounting plugin XCodeSourceCodeAccess
LogPluginManager: Mounting plugin AssetManagerEditor
LogPluginManager: Mounting plugin CryptoKeys
LogPluginManager: Mounting plugin DataValidation
LogPluginManager: Mounting plugin EditorScriptingUtilities
LogPluginManager: Mounting plugin FacialAnimation
LogPluginManager: Mounting plugin GameplayTagsEditor
LogPluginManager: Mounting plugin GLTFImporter
LogPluginManager: Mounting plugin MacGraphicsSwitching
LogPluginManager: Mounting plugin MaterialAnalyzer
LogPluginManager: Mounting plugin MeshEditor
LogPluginManager: Mounting plugin MobileLauncherProfileWizard
LogPluginManager: Mounting plugin PluginBrowser
LogPluginManager: Mounting plugin SpeedTreeImporter
LogPluginManager: Mounting plugin DatasmithContent
LogPluginManager: Mounting plugin VariantManagerContent
LogPluginManager: Mounting plugin AlembicImporter
LogPluginManager: Mounting plugin AppleImageUtils
LogPluginManager: Mounting plugin AppleVision
LogPluginManager: Mounting plugin BackChannel
LogPluginManager: Mounting plugin BlastPlugin
LogPluginManager: Mounting plugin ChaosSolverPlugin
LogPluginManager: Mounting plugin CharacterAI
LogPluginManager: Mounting plugin GeometryCache
LogPluginManager: Mounting plugin GeometryCollectionPlugin
LogPluginManager: Mounting plugin HTML5Networking
LogPluginManager: Mounting plugin ProxyLODPlugin
LogPluginManager: Mounting plugin SkeletalReduction
LogPluginManager: Mounting plugin MagicLeap
LogPluginManager: Mounting plugin MagicLeapMedia
LogPluginManager: Mounting plugin AndroidMedia
LogPluginManager: Mounting plugin AvfMedia
LogPluginManager: Mounting plugin ImgMedia
LogPluginManager: Mounting plugin LinearTimecode
LogPluginManager: Mounting plugin MediaCompositing
LogPluginManager: Mounting plugin MediaPlayerEditor
LogPluginManager: Mounting plugin WebMMedia
LogPluginManager: Mounting plugin WmfMedia
LogPluginManager: Mounting plugin TcpMessaging
LogPluginManager: Mounting plugin UdpMessaging
LogPluginManager: Mounting plugin ActorSequence
LogPluginManager: Mounting plugin LevelSequenceEditor
LogPluginManager: Mounting plugin MatineeToLevelSequence
LogPluginManager: Mounting plugin NetcodeUnitTest
LogPluginManager: Mounting plugin NUTUnrealEngine4
LogPluginManager: Mounting plugin OnlineSubsystemGooglePlay
LogPluginManager: Mounting plugin OnlineSubsystemIOS
LogPluginManager: Mounting plugin OnlineSubsystem
LogPluginManager: Mounting plugin OnlineSubsystemNull
LogPluginManager: Mounting plugin OnlineSubsystemUtils
LogPluginManager: Mounting plugin LauncherChunkInstaller
LogPluginManager: Mounting plugin AndroidDeviceProfileSelector
LogPluginManager: Mounting plugin AndroidMoviePlayer
LogPluginManager: Mounting plugin AndroidPermission
LogPluginManager: Mounting plugin AppleMoviePlayer
LogPluginManager: Mounting plugin ArchVisCharacter
LogPluginManager: Mounting plugin AudioCapture
LogPluginManager: Mounting plugin CableComponent
LogPluginManager: Mounting plugin CustomMeshComponent
LogPluginManager: Mounting plugin EditableMesh
LogPluginManager: Mounting plugin ExampleDeviceProfileSelector
LogPluginManager: Mounting plugin Firebase
LogPluginManager: Mounting plugin GoogleCloudMessaging
LogPluginManager: Mounting plugin IOSDeviceProfileSelector
LogPluginManager: Mounting plugin LinuxDeviceProfileSelector
LogPluginManager: Mounting plugin LocationServicesBPLibrary
LogPluginManager: Mounting plugin MobilePatchingUtils
LogPluginManager: Mounting plugin OculusVR
LogPluginManager: Mounting plugin PhysXVehicles
LogPluginManager: Mounting plugin ProceduralMeshComponent
LogPluginManager: Mounting plugin RuntimePhysXCooking
LogPluginManager: Mounting plugin SignificanceManager
LogPluginManager: Mounting plugin SteamVR
LogPluginManager: Mounting plugin WebMMoviePlayer
LogPluginManager: Mounting plugin WindowsMoviePlayer
LogPluginManager: Mounting plugin DatasmithCADImporter
LogPluginManager: Mounting plugin DatasmithDataPrepEditor
LogPluginManager: Mounting plugin DatasmithFBXImporter
LogPluginManager: Mounting plugin DatasmithGLTFImporter
LogPluginManager: Mounting plugin DatasmithImporter
LogPluginManager: Mounting plugin MDLImporter
LogPluginManager: Mounting plugin StaticMeshEditorExtension
LogPluginManager: Mounting plugin VariantManager
LogInit: Warning: Incompatible or missing module: KillEmDed
Running C:/Institutions/Gre/Apps/Epic Games/UE_4.22/Engine/Binaries/DotNET/UnrealBuildTool.exe Development Win64 -Project="L:/Year 2/C++ for games/Git/KillEmDed/KillEmDed/KillEmDed.uproject" -TargetType=Editor -Progress -NoHotReloadFromIDE
Using 'git status' to determine working set for adaptive non-unity build (L:\Year 2\C++ for games\Git\KillEmDed).
Creating makefile for KillEmDedEditor (no existing makefile)
@progress push 5%
Parsing headers for KillEmDedEditor
  Running UnrealHeaderTool "L:\Year 2\C++ for games\Git\KillEmDed\KillEmDed\KillEmDed.uproject" "L:\Year 2\C++ for games\Git\KillEmDed\KillEmDed\Intermediate\Build\Win64\KillEmDedEditor\Development\KillEmDedEditor.uhtmanifest" -LogCmds="loginit warning, logexit warning, logdatabase error" -Unattended -WarningsAsErrors -installed
Reflection code generated for KillEmDedEditor in 6.1643095 seconds
@progress pop
Using Visual Studio 2019 14.16.27023 toolchain (C:\Institutions\Gre\Apps\VS2019\VC\Tools\MSVC\14.16.27023) and Windows 10.0.16299.0 SDK (C:\Program Files (x86)\Windows Kits\10).
Building 22 actions with 12 processes...
  @progress 'Compiling C++ source code...' 0%
  @progress 'Compiling C++ source code...' 5%
  [1/22] Default.rc2
  @progress 'Compiling C++ source code...' 9%
  [2/22] SharedPCH.Engine.cpp
  @progress 'Compiling C++ source code...' 14%
  [3/22] KillEmDedGameModeBase.cpp
  c1xx: error C3859: Failed to create virtual memory for PCH
  c1xx: note: the system returned code 1455: The paging file is too small for this operation to complete.
  
  
  c1xx: note: please visit https://aka.ms/pch-help for more details
  c1xx: fatal error C1076: compiler limit: internal heap limit reached
  @progress 'Compiling C++ source code...' 18%
  [4/22] MainContainer.cpp
  c1xx: fatal error C1060: compiler is out of heap space
  c1xx: fatal error C1001: An internal error has occurred in the compiler.
  (compiler file 'msc1.cpp', line 1518)
   To work around this problem, try simplifying or changing the program near the locations listed above.
  Please choose the Technical Support command on the Visual C++
   Help menu, or open the Technical Support help file for more information
  INTERNAL COMPILER ERROR in 'C:\Institutions\Gre\Apps\VS2019\VC\Tools\MSVC\14.16.27023\bin\HostX64\x64\cl.exe'
      Please choose the Technical Support command on the Visual C++
      Help menu, or open the Technical Support help file for more information
  @progress 'Compiling C++ source code...' 23%
  [5/22] ARotator.cpp
  C:\Institutions\Gre\Apps\Epic Games\UE_4.22\Engine\Intermediate\Build\Win64\UE4Editor\Inc\Engine\SphereComponent.generated.h(50): fatal error C1060: compiler is out of heap space
  @progress 'Compiling C++ source code...' 27%
  [6/22] CollidingPawn.cpp
  c:\institutions\gre\apps\epic games\ue_4.22\engine\source\runtime\core\public\Containers/EnumAsByte.h(19): fatal error C1060: compiler is out of heap space
  @progress 'Compiling C++ source code...' 32%
  [7/22] KillEmDed.init.gen.cpp
  @progress 'Compiling C++ source code...' 36%
  [8/22] CollidingPawnMovementComponent.cpp
  @progress 'Compiling C++ source code...' 41%
  [9/22] KillEmDed.cpp
  @progress 'Compiling C++ source code...' 45%
  [10/22] CollidingPawnMovementComponent.gen.cpp
  @progress 'Compiling C++ source code...' 50%
  [11/22] Avatar.cpp
  L:\Year 2\C++ for games\Git\KillEmDed\KillEmDed\Source\KillEmDed\Avatar.cpp(33): warning C4458: declaration of 'InputComponent' hides class member
  C:\Institutions\Gre\Apps\Epic Games\UE_4.22\Engine\Source\Runtime\Engine\Classes\GameFramework/Actor.h(474): note: see declaration of 'AActor::InputComponent'
  @progress 'Compiling C++ source code...' 55%
  [12/22] Avatar.gen.cpp
  @progress 'Compiling C++ source code...' 59%
  [13/22] CollidingPawn.gen.cpp
  @progress 'Compiling C++ source code...' 64%
  [14/22] ARotator.gen.cpp
  @progress 'Compiling C++ source code...' 68%
  [15/22] KillEmDedGameModeBase.gen.cpp
  @progress 'Compiling C++ source code...' 73%
  [16/22] playerHud.cpp
  @progress 'Compiling C++ source code...' 77%
  [17/22] playerHud.gen.cpp
  @progress 'Compiling C++ source code...' 82%
  [18/22] NpcCharacter.gen.cpp
  @progress 'Compiling C++ source code...' 86%
  [19/22] NpcCharacter.cpp
LogInit: Warning: Still incompatible or missing module: KillEmDed
LogExit: Preparing to exit.
LogModuleManager: Shutting down and abandoning module DesktopPlatform (40)
LogModuleManager: Shutting down and abandoning module AnimationModifiers (38)
LogModuleManager: Shutting down and abandoning module PropertyEditor (37)
LogModuleManager: Shutting down and abandoning module AudioEditor (34)
LogModuleManager: Shutting down and abandoning module TextureCompressor (32)
LogModuleManager: Shutting down and abandoning module RenderCore (30)
LogModuleManager: Shutting down and abandoning module Landscape (28)
LogModuleManager: Shutting down and abandoning module SlateRHIRenderer (26)
LogModuleManager: Shutting down and abandoning module OpenGLDrv (24)
LogModuleManager: Shutting down and abandoning module D3D11RHI (22)
LogModuleManager: Shutting down and abandoning module AnimGraphRuntime (20)
LogModuleManager: Shutting down and abandoning module Renderer (18)
LogModuleManager: Shutting down and abandoning module Engine (16)
LogModuleManager: Shutting down and abandoning module CoreUObject (14)
LogModuleManager: Shutting down and abandoning module NetworkFile (12)
LogModuleManager: Shutting down and abandoning module CookedIterativeFile (10)
LogModuleManager: Shutting down and abandoning module StreamingFile (8)
LogModuleManager: Shutting down and abandoning module SandboxFile (6)
LogModuleManager: Shutting down and abandoning module PakFile (4)
LogModuleManager: Shutting down and abandoning module RSA (3)
LogExit: Exiting.
Log file closed, 03/09/20 09:03:30
