Log file open, 03/24/20 16:10:54
LogWindows: Failed to load 'aqProf.dll' (GetLastError=126)
LogWindows: File 'aqProf.dll' does not exist
LogWindows: Failed to load 'VtuneApi.dll' (GetLastError=126)
LogWindows: File 'VtuneApi.dll' does not exist
LogWindows: Failed to load 'VtuneApi32e.dll' (GetLastError=126)
LogWindows: File 'VtuneApi32e.dll' does not exist
LogConsoleResponse: Display: Failed to find resolution value strings in scalability ini. Falling back to default.
LogInit: Display: Running engine for game: KillEmDed
LogPakFile: Registered encryption key '00000000000000000000000000000000': 0 pak files mounted, 0 remain pending
LogPlatformFile: Not using cached read wrapper
LogTaskGraph: Started task graph with 5 named threads and 23 total threads with 3 sets of task threads.
LogStats: Stats thread started at 0.254324
LogD3D11RHI: Loaded GFSDK_Aftermath_Lib.x64.dll
LogICUInternationalization: ICU TimeZone Detection - Raw Offset: +0:00, Platform Override: ''
LogPluginManager: Mounting plugin Paper2D
LogPluginManager: Mounting plugin AISupport
LogPluginManager: Mounting plugin LightPropagationVolume
LogPluginManager: Mounting plugin ActorLayerUtilities
LogPluginManager: Mounting plugin AnimationSharing
LogPluginManager: Mounting plugin CLionSourceCodeAccess
LogPluginManager: Mounting plugin CodeLiteSourceCodeAccess
LogPluginManager: Mounting plugin GitSourceControl
LogPluginManager: Mounting plugin KDevelopSourceCodeAccess
LogPluginManager: Mounting plugin NullSourceCodeAccess
LogPluginManager: Mounting plugin PerforceSourceControl
LogPluginManager: Mounting plugin SubversionSourceControl
LogPluginManager: Mounting plugin UObjectPlugin
LogPluginManager: Mounting plugin VisualStudioCodeSourceCodeAccess
LogPluginManager: Mounting plugin VisualStudioSourceCodeAccess
LogPluginManager: Mounting plugin XCodeSourceCodeAccess
LogPluginManager: Mounting plugin AssetManagerEditor
LogPluginManager: Mounting plugin CryptoKeys
LogPluginManager: Mounting plugin DataValidation
LogPluginManager: Mounting plugin FacialAnimation
LogPluginManager: Mounting plugin GameplayTagsEditor
LogPluginManager: Mounting plugin MacGraphicsSwitching
LogPluginManager: Mounting plugin MaterialAnalyzer
LogPluginManager: Mounting plugin MobileLauncherProfileWizard
LogPluginManager: Mounting plugin PluginBrowser
LogPluginManager: Mounting plugin SpeedTreeImporter
LogPluginManager: Mounting plugin DatasmithContent
LogPluginManager: Mounting plugin VariantManagerContent
LogPluginManager: Mounting plugin AlembicImporter
LogPluginManager: Mounting plugin AppleImageUtils
LogPluginManager: Mounting plugin AppleVision
LogPluginManager: Mounting plugin BackChannel
LogPluginManager: Mounting plugin CharacterAI
LogPluginManager: Mounting plugin GeometryCache
LogPluginManager: Mounting plugin HTML5Networking
LogPluginManager: Mounting plugin ProxyLODPlugin
LogPluginManager: Mounting plugin SkeletalReduction
LogPluginManager: Mounting plugin MagicLeap
LogPluginManager: Mounting plugin MagicLeapMedia
LogPluginManager: Mounting plugin AndroidMedia
LogPluginManager: Mounting plugin AvfMedia
LogPluginManager: Mounting plugin ImgMedia
LogPluginManager: Mounting plugin LinearTimecode
LogPluginManager: Mounting plugin MediaCompositing
LogPluginManager: Mounting plugin MediaPlayerEditor
LogPluginManager: Mounting plugin WebMMedia
LogPluginManager: Mounting plugin WmfMedia
LogPluginManager: Mounting plugin TcpMessaging
LogPluginManager: Mounting plugin UdpMessaging
LogPluginManager: Mounting plugin ActorSequence
LogPluginManager: Mounting plugin LevelSequenceEditor
LogPluginManager: Mounting plugin MatineeToLevelSequence
LogPluginManager: Mounting plugin NetcodeUnitTest
LogPluginManager: Mounting plugin NUTUnrealEngine4
LogPluginManager: Mounting plugin OnlineSubsystemGooglePlay
LogPluginManager: Mounting plugin OnlineSubsystemIOS
LogPluginManager: Mounting plugin OnlineSubsystem
LogPluginManager: Mounting plugin OnlineSubsystemNull
LogPluginManager: Mounting plugin OnlineSubsystemUtils
LogPluginManager: Mounting plugin LauncherChunkInstaller
LogPluginManager: Mounting plugin AndroidDeviceProfileSelector
LogPluginManager: Mounting plugin AndroidMoviePlayer
LogPluginManager: Mounting plugin AndroidPermission
LogPluginManager: Mounting plugin AppleMoviePlayer
LogPluginManager: Mounting plugin ArchVisCharacter
LogPluginManager: Mounting plugin AudioCapture
LogPluginManager: Mounting plugin CableComponent
LogPluginManager: Mounting plugin CustomMeshComponent
LogPluginManager: Mounting plugin EditableMesh
LogPluginManager: Mounting plugin ExampleDeviceProfileSelector
LogPluginManager: Mounting plugin Firebase
LogPluginManager: Mounting plugin GoogleCloudMessaging
LogPluginManager: Mounting plugin IOSDeviceProfileSelector
LogPluginManager: Mounting plugin LinuxDeviceProfileSelector
LogPluginManager: Mounting plugin LocationServicesBPLibrary
LogPluginManager: Mounting plugin MobilePatchingUtils
LogPluginManager: Mounting plugin OculusVR
LogPluginManager: Mounting plugin PhysXVehicles
LogPluginManager: Mounting plugin ProceduralMeshComponent
LogPluginManager: Mounting plugin RuntimePhysXCooking
LogPluginManager: Mounting plugin SignificanceManager
LogPluginManager: Mounting plugin SteamVR
LogPluginManager: Mounting plugin WebMMoviePlayer
LogPluginManager: Mounting plugin WindowsMoviePlayer
LogInit: Using libcurl 7.55.1-DEV
LogInit:  - built for x86_64-pc-win32
LogInit:  - supports SSL with OpenSSL/1.1.1
LogInit:  - supports HTTP deflate (compression) using libz 1.2.8
LogInit:  - other features:
LogInit:      CURL_VERSION_SSL
LogInit:      CURL_VERSION_LIBZ
LogInit:      CURL_VERSION_IPV6
LogInit:      CURL_VERSION_ASYNCHDNS
LogInit:      CURL_VERSION_LARGEFILE
LogInit:      CURL_VERSION_IDN
LogInit:  CurlRequestOptions (configurable via config and command line):
LogInit:  - bVerifyPeer = true  - Libcurl will verify peer certificate
LogInit:  - bUseHttpProxy = false  - Libcurl will NOT use HTTP proxy
LogInit:  - bDontReuseConnections = false  - Libcurl will reuse connections
LogInit:  - MaxHostConnections = 16  - Libcurl will limit the number of connections to a host
LogInit:  - LocalHostAddr = Default
LogInit:  - BufferSize = 65536
LogInit: WinSock: version 1.1 (2.2), MaxSocks=32767, MaxUdp=65467
LogHMD: Failed initializing OVRPlugin 1.32.0
LogInit: Build: ++UE4+Release-4.22-CL-7053642
LogInit: Engine Version: 4.22.3-7053642+++UE4+Release-4.22
LogInit: Compatible Engine Version: 4.22.0-5660361+++UE4+Release-4.22
LogInit: Net CL: 5660361
LogInit: OS: Windows 10 (Release 1909) (), CPU: Intel(R) Core(TM) i7-7700K CPU @ 4.20GHz, GPU: NVIDIA GeForce GTX 1080 Ti
LogInit: Compiled (64-bit): Jun 18 2019 03:09:11
LogInit: Compiled with Visual C++: 19.16.27025.01
LogInit: Build Configuration: Development
LogInit: Branch Name: ++UE4+Release-4.22
LogInit: Command Line: 
LogInit: Base Directory: D:/Program Files/UE_4.22/Engine/Binaries/Win64/
LogInit: Installed Engine Build: 1
LogDevObjectVersion: Number of dev versions registered: 23
LogDevObjectVersion:   Dev-Blueprints (B0D832E4-1F89-4F0D-ACCF-7EB736FD4AA2): 10
LogDevObjectVersion:   Dev-Build (E1C64328-A22C-4D53-A36C-8E866417BD8C): 0
LogDevObjectVersion:   Dev-Core (375EC13C-06E4-48FB-B500-84F0262A717E): 3
LogDevObjectVersion:   Dev-Editor (E4B068ED-F494-42E9-A231-DA0B2E46BB41): 30
LogDevObjectVersion:   Dev-Framework (CFFC743F-43B0-4480-9391-14DF171D2073): 35
LogDevObjectVersion:   Dev-Mobile (B02B49B5-BB20-44E9-A304-32B752E40360): 2
LogDevObjectVersion:   Dev-Networking (A4E4105C-59A1-49B5-A7C5-40C4547EDFEE): 0
LogDevObjectVersion:   Dev-Online (39C831C9-5AE6-47DC-9A44-9C173E1C8E7C): 0
LogDevObjectVersion:   Dev-Physics (78F01B33-EBEA-4F98-B9B4-84EACCB95AA2): 0
LogDevObjectVersion:   Dev-Platform (6631380F-2D4D-43E0-8009-CF276956A95A): 0
LogDevObjectVersion:   Dev-Rendering (12F88B9F-8875-4AFC-A67C-D90C383ABD29): 28
LogDevObjectVersion:   Dev-Sequencer (7B5AE74C-D270-4C10-A958-57980B212A5A): 11
LogDevObjectVersion:   Dev-VR (D7296918-1DD6-4BDD-9DE2-64A83CC13884): 2
LogDevObjectVersion:   Dev-LoadTimes (C2A15278-BFE7-4AFE-6C17-90FF531DF755): 1
LogDevObjectVersion:   Private-Geometry (6EACA3D4-40EC-4CC1-B786-8BED09428FC5): 3
LogDevObjectVersion:   Dev-AnimPhys (29E575DD-E0A3-4627-9D10-D276232CDCEA): 17
LogDevObjectVersion:   Dev-Anim (AF43A65D-7FD3-4947-9873-3E8ED9C1BB05): 2
LogDevObjectVersion:   Dev-ReflectionCapture (6B266CEC-1EC7-4B8F-A30B-E4D90942FC07): 1
LogDevObjectVersion:   Dev-Automation (0DF73D61-A23F-47EA-B727-89E90C41499A): 1
LogDevObjectVersion:   FortniteMain (601D1886-AC64-4F84-AA16-D3DE0DEAC7D6): 25
LogDevObjectVersion:   Dev-Enterprise (9DFFBCD6-494F-0158-E221-12823C92A888): 6
LogDevObjectVersion:   Dev-Niagara (F2AED0AC-9AFE-416F-8664-AA7FFA26D6FC): 1
LogDevObjectVersion:   Dev-Destruction (174F1F0B-B4C6-45A5-B13F-2EE8D0FB917D): 2
LogInit: Presizing for max 16777216 objects, including 0 objects not considered by GC, pre-allocating 0 bytes for permanent pool.
LogInit: Object subsystem initialized
LogConfig: Setting CVar [[con.DebugEarlyDefault:1]]
LogConfig: Setting CVar [[r.setres:1280x720]]
[2020.03.24-16.10.55:667][  0]LogConfig: Setting CVar [[r.VSync:0]]
[2020.03.24-16.10.55:667][  0]LogConfig: Setting CVar [[r.RHICmdBypass:0]]
[2020.03.24-16.10.55:667][  0]LogConfig: Applying CVar settings from Section [/Script/Engine.RendererSettings] File [D:/VeronicaMcHumpinSlut/Documents/KillEmDed/KillEmDed/Saved/Config/Windows/Engine.ini]
[2020.03.24-16.10.55:667][  0]LogConfig: Setting CVar [[r.GPUCrashDebugging:0]]
[2020.03.24-16.10.55:667][  0]LogConfig: Setting CVar [[r.MobileHDR:1]]
[2020.03.24-16.10.55:667][  0]LogConfig: Setting CVar [[r.Mobile.DisableVertexFog:1]]
[2020.03.24-16.10.55:667][  0]LogConfig: Setting CVar [[r.Shadow.CSM.MaxMobileCascades:2]]
[2020.03.24-16.10.55:667][  0]LogConfig: Setting CVar [[r.MobileMSAA:1]]
[2020.03.24-16.10.55:667][  0]LogConfig: Setting CVar [[r.Mobile.UseLegacyShadingModel:0]]
[2020.03.24-16.10.55:667][  0]LogConfig: Setting CVar [[r.Mobile.UseHWsRGBEncoding:0]]
[2020.03.24-16.10.55:667][  0]LogConfig: Setting CVar [[r.Mobile.AllowDitheredLODTransition:0]]
[2020.03.24-16.10.55:667][  0]LogConfig: Setting CVar [[r.Mobile.AllowSoftwareOcclusion:0]]
[2020.03.24-16.10.55:667][  0]LogConfig: Setting CVar [[r.DiscardUnusedQuality:0]]
[2020.03.24-16.10.55:667][  0]LogConfig: Setting CVar [[r.AllowOcclusionQueries:1]]
[2020.03.24-16.10.55:667][  0]LogConfig: Setting CVar [[r.MinScreenRadiusForLights:0.030000]]
[2020.03.24-16.10.55:667][  0]LogConfig: Setting CVar [[r.MinScreenRadiusForDepthPrepass:0.030000]]
[2020.03.24-16.10.55:667][  0]LogConfig: Setting CVar [[r.MinScreenRadiusForCSMDepth:0.010000]]
[2020.03.24-16.10.55:667][  0]LogConfig: Setting CVar [[r.PrecomputedVisibilityWarning:0]]
[2020.03.24-16.10.55:667][  0]LogConfig: Setting CVar [[r.TextureStreaming:1]]
[2020.03.24-16.10.55:667][  0]LogConfig: Setting CVar [[Compat.UseDXT5NormalMaps:0]]
[2020.03.24-16.10.55:667][  0]LogConfig: Setting CVar [[r.ClearCoatNormal:0]]
[2020.03.24-16.10.55:667][  0]LogConfig: Setting CVar [[r.ReflectionCaptureResolution:128]]
[2020.03.24-16.10.55:667][  0]LogConfig: Setting CVar [[r.ReflectionEnvironmentLightmapMixBasedOnRoughness:1]]
[2020.03.24-16.10.55:667][  0]LogConfig: Setting CVar [[r.ForwardShading:0]]
[2020.03.24-16.10.55:667][  0]LogConfig: Setting CVar [[r.VertexFoggingForOpaque:1]]
[2020.03.24-16.10.55:667][  0]LogConfig: Setting CVar [[r.AllowStaticLighting:1]]
[2020.03.24-16.10.55:667][  0]LogConfig: Setting CVar [[r.NormalMapsForStaticLighting:0]]
[2020.03.24-16.10.55:668][  0]LogConfig: Setting CVar [[r.GenerateMeshDistanceFields:0]]
[2020.03.24-16.10.55:668][  0]LogConfig: Setting CVar [[r.DistanceFieldBuild.EightBit:0]]
[2020.03.24-16.10.55:668][  0]LogConfig: Setting CVar [[r.GenerateLandscapeGIData:0]]
[2020.03.24-16.10.55:668][  0]LogConfig: Setting CVar [[r.DistanceFieldBuild.Compress:0]]
[2020.03.24-16.10.55:668][  0]LogConfig: Setting CVar [[r.TessellationAdaptivePixelsPerTriangle:48.000000]]
[2020.03.24-16.10.55:668][  0]LogConfig: Setting CVar [[r.SeparateTranslucency:1]]
[2020.03.24-16.10.55:668][  0]LogConfig: Setting CVar [[r.TranslucentSortPolicy:0]]
[2020.03.24-16.10.55:668][  0]LogConfig: Setting CVar [[r.CustomDepth:1]]
[2020.03.24-16.10.55:668][  0]LogConfig: Setting CVar [[r.CustomDepthTemporalAAJitter:1]]
[2020.03.24-16.10.55:668][  0]LogConfig: Setting CVar [[r.PostProcessing.PropagateAlpha:0]]
[2020.03.24-16.10.55:668][  0]LogConfig: Setting CVar [[r.DOF.Algorithm:1]]
[2020.03.24-16.10.55:668][  0]LogConfig: Setting CVar [[r.DefaultFeature.Bloom:1]]
[2020.03.24-16.10.55:668][  0]LogConfig: Setting CVar [[r.DefaultFeature.AmbientOcclusion:1]]
[2020.03.24-16.10.55:668][  0]LogConfig: Setting CVar [[r.DefaultFeature.AmbientOcclusionStaticFraction:1]]
[2020.03.24-16.10.55:668][  0]LogConfig: Setting CVar [[r.DefaultFeature.AutoExposure:0]]
[2020.03.24-16.10.55:668][  0]LogConfig: Setting CVar [[r.DefaultFeature.AutoExposure.Method:0]]
[2020.03.24-16.10.55:668][  0]LogConfig: Setting CVar [[r.DefaultFeature.AutoExposure.ExtendDefaultLuminanceRange:1]]
[2020.03.24-16.10.55:668][  0]LogConfig: Setting CVar [[r.UsePreExposure:0]]
[2020.03.24-16.10.55:668][  0]LogConfig: Setting CVar [[r.DefaultFeature.MotionBlur:0]]
[2020.03.24-16.10.55:668][  0]LogConfig: Setting CVar [[r.DefaultFeature.LensFlare:0]]
[2020.03.24-16.10.55:668][  0]LogConfig: Setting CVar [[r.TemporalAA.Upsampling:0]]
[2020.03.24-16.10.55:668][  0]LogConfig: Setting CVar [[r.DefaultFeature.AntiAliasing:0]]
[2020.03.24-16.10.55:668][  0]LogConfig: Setting CVar [[r.DefaultFeature.LightUnits:1]]
[2020.03.24-16.10.55:668][  0]LogConfig: Setting CVar [[r.DefaultBackBufferPixelFormat:4]]
[2020.03.24-16.10.55:668][  0]LogConfig: Setting CVar [[r.Shadow.UnbuiltPreviewInGame:1]]
[2020.03.24-16.10.55:668][  0]LogConfig: Setting CVar [[r.StencilForLODDither:0]]
[2020.03.24-16.10.55:668][  0]LogConfig: Setting CVar [[r.EarlyZPass:3]]
[2020.03.24-16.10.55:668][  0]LogConfig: Setting CVar [[r.EarlyZPassOnlyMaterialMasking:0]]
[2020.03.24-16.10.55:668][  0]LogConfig: Setting CVar [[r.DBuffer:1]]
[2020.03.24-16.10.55:668][  0]LogConfig: Setting CVar [[r.ClearSceneMethod:1]]
[2020.03.24-16.10.55:668][  0]LogConfig: Setting CVar [[r.BasePassOutputsVelocity:0]]
[2020.03.24-16.10.55:668][  0]LogConfig: Setting CVar [[r.SelectiveBasePassOutputs:0]]
[2020.03.24-16.10.55:668][  0]LogConfig: Setting CVar [[fx.GPUSimulationTextureSizeX:1024]]
[2020.03.24-16.10.55:668][  0]LogConfig: Setting CVar [[fx.GPUSimulationTextureSizeY:1024]]
[2020.03.24-16.10.55:668][  0]LogConfig: Setting CVar [[r.AllowGlobalClipPlane:0]]
[2020.03.24-16.10.55:668][  0]LogConfig: Setting CVar [[r.GBufferFormat:1]]
[2020.03.24-16.10.55:668][  0]LogConfig: Setting CVar [[r.MorphTarget.Mode:1]]
[2020.03.24-16.10.55:668][  0]LogConfig: Setting CVar [[vr.InstancedStereo:0]]
[2020.03.24-16.10.55:668][  0]LogConfig: Setting CVar [[vr.MultiView:0]]
[2020.03.24-16.10.55:668][  0]LogConfig: Setting CVar [[vr.MobileMultiView:0]]
[2020.03.24-16.10.55:668][  0]LogConfig: Setting CVar [[vr.MobileMultiView.Direct:0]]
[2020.03.24-16.10.55:668][  0]LogConfig: Setting CVar [[vr.RoundRobinOcclusion:0]]
[2020.03.24-16.10.55:668][  0]LogConfig: Setting CVar [[vr.ODSCapture:0]]
[2020.03.24-16.10.55:668][  0]LogConfig: Setting CVar [[r.WireframeCullThreshold:5.000000]]
[2020.03.24-16.10.55:668][  0]LogConfig: Setting CVar [[r.RayTracing:0]]
[2020.03.24-16.10.55:668][  0]LogConfig: Setting CVar [[r.SupportStationarySkylight:1]]
[2020.03.24-16.10.55:668][  0]LogConfig: Setting CVar [[r.SupportLowQualityLightmaps:1]]
[2020.03.24-16.10.55:668][  0]LogConfig: Setting CVar [[r.SupportPointLightWholeSceneShadows:1]]
[2020.03.24-16.10.55:668][  0]LogConfig: Setting CVar [[r.SupportAtmosphericFog:1]]
[2020.03.24-16.10.55:668][  0]LogConfig: Setting CVar [[r.SkinCache.CompileShaders:0]]
[2020.03.24-16.10.55:668][  0]LogConfig: Setting CVar [[r.Mobile.EnableStaticAndCSMShadowReceivers:1]]
[2020.03.24-16.10.55:668][  0]LogConfig: Setting CVar [[r.Mobile.EnableMovableLightCSMShaderCulling:1]]
[2020.03.24-16.10.55:668][  0]LogConfig: Setting CVar [[r.Mobile.AllowDistanceFieldShadows:1]]
[2020.03.24-16.10.55:668][  0]LogConfig: Setting CVar [[r.Mobile.AllowMovableDirectionalLights:1]]
[2020.03.24-16.10.55:668][  0]LogConfig: Setting CVar [[r.MobileNumDynamicPointLights:4]]
[2020.03.24-16.10.55:668][  0]LogConfig: Setting CVar [[r.MobileDynamicPointLightsUseStaticBranch:1]]
[2020.03.24-16.10.55:668][  0]LogConfig: Setting CVar [[r.Mobile.EnableMovableSpotlights:0]]
[2020.03.24-16.10.55:668][  0]LogConfig: Setting CVar [[r.SkinCache.SceneMemoryLimitInMB:128.000000]]
[2020.03.24-16.10.55:668][  0]LogConfig: Setting CVar [[r.GPUSkin.Limit2BoneInfluences:0]]
[2020.03.24-16.10.55:668][  0]LogConfig: Setting CVar [[r.SupportDepthOnlyIndexBuffers:1]]
[2020.03.24-16.10.55:668][  0]LogConfig: Setting CVar [[r.SupportReversedIndexBuffers:1]]
[2020.03.24-16.10.55:668][  0]LogConfig: Setting CVar [[r.SupportMaterialLayers:0]]
[2020.03.24-16.10.55:668][  0]LogConfig: Applying CVar settings from Section [/Script/Engine.RendererOverrideSettings] File [D:/VeronicaMcHumpinSlut/Documents/KillEmDed/KillEmDed/Saved/Config/Windows/Engine.ini]
[2020.03.24-16.10.55:668][  0]LogConfig: Applying CVar settings from Section [/Script/Engine.StreamingSettings] File [D:/VeronicaMcHumpinSlut/Documents/KillEmDed/KillEmDed/Saved/Config/Windows/Engine.ini]
[2020.03.24-16.10.55:668][  0]LogConfig: Setting CVar [[s.MinBulkDataSizeForAsyncLoading:131072]]
[2020.03.24-16.10.55:668][  0]LogConfig: Setting CVar [[s.AsyncLoadingThreadEnabled:0]]
[2020.03.24-16.10.55:668][  0]LogConfig: Setting CVar [[s.EventDrivenLoaderEnabled:1]]
[2020.03.24-16.10.55:668][  0]LogConfig: Setting CVar [[s.WarnIfTimeLimitExceeded:0]]
[2020.03.24-16.10.55:668][  0]LogConfig: Setting CVar [[s.TimeLimitExceededMultiplier:1.5]]
[2020.03.24-16.10.55:668][  0]LogConfig: Setting CVar [[s.TimeLimitExceededMinTime:0.005]]
[2020.03.24-16.10.55:668][  0]LogConfig: Setting CVar [[s.UseBackgroundLevelStreaming:1]]
[2020.03.24-16.10.55:668][  0]LogConfig: Setting CVar [[s.PriorityAsyncLoadingExtraTime:15.0]]
[2020.03.24-16.10.55:668][  0]LogConfig: Setting CVar [[s.LevelStreamingActorsUpdateTimeLimit:5.0]]
[2020.03.24-16.10.55:668][  0]LogConfig: Setting CVar [[s.PriorityLevelStreamingActorsUpdateExtraTime:5.0]]
[2020.03.24-16.10.55:668][  0]LogConfig: Setting CVar [[s.LevelStreamingComponentsRegistrationGranularity:10]]
[2020.03.24-16.10.55:668][  0]LogConfig: Setting CVar [[s.UnregisterComponentsTimeLimit:1.0]]
[2020.03.24-16.10.55:668][  0]LogConfig: Setting CVar [[s.LevelStreamingComponentsUnregistrationGranularity:5]]
[2020.03.24-16.10.55:668][  0]LogConfig: Applying CVar settings from Section [/Script/Engine.GarbageCollectionSettings] File [D:/VeronicaMcHumpinSlut/Documents/KillEmDed/KillEmDed/Saved/Config/Windows/Engine.ini]
[2020.03.24-16.10.55:668][  0]LogConfig: Setting CVar [[gc.MaxObjectsNotConsideredByGC:1]]
[2020.03.24-16.10.55:668][  0]LogConfig: Setting CVar [[gc.SizeOfPermanentObjectPool:0]]
[2020.03.24-16.10.55:668][  0]LogConfig: Setting CVar [[gc.FlushStreamingOnGC:0]]
[2020.03.24-16.10.55:668][  0]LogConfig: Setting CVar [[gc.NumRetriesBeforeForcingGC:10]]
[2020.03.24-16.10.55:668][  0]LogConfig: Setting CVar [[gc.AllowParallelGC:1]]
[2020.03.24-16.10.55:668][  0]LogConfig: Setting CVar [[gc.TimeBetweenPurgingPendingKillObjects:61.1]]
[2020.03.24-16.10.55:668][  0]LogConfig: Setting CVar [[gc.MaxObjectsInEditor:16777216]]
[2020.03.24-16.10.55:668][  0]LogConfig: Setting CVar [[gc.IncrementalBeginDestroyEnabled:1]]
[2020.03.24-16.10.55:668][  0]LogConfig: Setting CVar [[gc.CreateGCClusters:1]]
[2020.03.24-16.10.55:668][  0]LogConfig: Setting CVar [[gc.MinGCClusterSize:5]]
[2020.03.24-16.10.55:668][  0]LogConfig: Setting CVar [[gc.ActorClusteringEnabled:0]]
[2020.03.24-16.10.55:668][  0]LogConfig: Setting CVar [[gc.BlueprintClusteringEnabled:0]]
[2020.03.24-16.10.55:668][  0]LogConfig: Setting CVar [[gc.UseDisregardForGCOnDedicatedServers:0]]
[2020.03.24-16.10.55:668][  0]LogConfig: Applying CVar settings from Section [/Script/Engine.NetworkSettings] File [D:/VeronicaMcHumpinSlut/Documents/KillEmDed/KillEmDed/Saved/Config/Windows/Engine.ini]
[2020.03.24-16.10.55:668][  0]LogConfig: Applying CVar settings from Section [/Script/UnrealEd.CookerSettings] File [D:/VeronicaMcHumpinSlut/Documents/KillEmDed/KillEmDed/Saved/Config/Windows/Engine.ini]
[2020.03.24-16.10.55:670][  0]LogConfig: Applying CVar settings from Section [ViewDistanceQuality@3] File [D:/VeronicaMcHumpinSlut/Documents/KillEmDed/KillEmDed/Saved/Config/Windows/Scalability.ini]
[2020.03.24-16.10.55:670][  0]LogConfig: Setting CVar [[r.SkeletalMeshLODBias:0]]
[2020.03.24-16.10.55:670][  0]LogConfig: Setting CVar [[r.ViewDistanceScale:1.0]]
[2020.03.24-16.10.55:670][  0]LogConfig: Applying CVar settings from Section [AntiAliasingQuality@3] File [D:/VeronicaMcHumpinSlut/Documents/KillEmDed/KillEmDed/Saved/Config/Windows/Scalability.ini]
[2020.03.24-16.10.55:670][  0]LogConfig: Setting CVar [[r.PostProcessAAQuality:4]]
[2020.03.24-16.10.55:670][  0]LogConfig: Applying CVar settings from Section [ShadowQuality@3] File [D:/VeronicaMcHumpinSlut/Documents/KillEmDed/KillEmDed/Saved/Config/Windows/Scalability.ini]
[2020.03.24-16.10.55:670][  0]LogConfig: Setting CVar [[r.LightFunctionQuality:1]]
[2020.03.24-16.10.55:670][  0]LogConfig: Setting CVar [[r.ShadowQuality:5]]
[2020.03.24-16.10.55:670][  0]LogConfig: Setting CVar [[r.Shadow.CSM.MaxCascades:10]]
[2020.03.24-16.10.55:670][  0]LogConfig: Setting CVar [[r.Shadow.MaxResolution:2048]]
[2020.03.24-16.10.55:670][  0]LogConfig: Setting CVar [[r.Shadow.MaxCSMResolution:2048]]
[2020.03.24-16.10.55:670][  0]LogConfig: Setting CVar [[r.Shadow.RadiusThreshold:0.01]]
[2020.03.24-16.10.55:670][  0]LogConfig: Setting CVar [[r.Shadow.DistanceScale:1.0]]
[2020.03.24-16.10.55:670][  0]LogConfig: Setting CVar [[r.Shadow.CSM.TransitionScale:1.0]]
[2020.03.24-16.10.55:670][  0]LogConfig: Setting CVar [[r.Shadow.PreShadowResolutionFactor:1.0]]
[2020.03.24-16.10.55:670][  0]LogConfig: Setting CVar [[r.DistanceFieldShadowing:1]]
[2020.03.24-16.10.55:670][  0]LogConfig: Setting CVar [[r.DistanceFieldAO:1]]
[2020.03.24-16.10.55:670][  0]LogConfig: Setting CVar [[r.AOQuality:2]]
[2020.03.24-16.10.55:670][  0]LogConfig: Setting CVar [[r.VolumetricFog:1]]
[2020.03.24-16.10.55:670][  0]LogConfig: Setting CVar [[r.VolumetricFog.GridPixelSize:8]]
[2020.03.24-16.10.55:670][  0]LogConfig: Setting CVar [[r.VolumetricFog.GridSizeZ:128]]
[2020.03.24-16.10.55:670][  0]LogConfig: Setting CVar [[r.VolumetricFog.HistoryMissSupersampleCount:4]]
[2020.03.24-16.10.55:670][  0]LogConfig: Setting CVar [[r.LightMaxDrawDistanceScale:1]]
[2020.03.24-16.10.55:670][  0]LogConfig: Setting CVar [[r.CapsuleShadows:1]]
[2020.03.24-16.10.55:670][  0]LogConfig: Applying CVar settings from Section [PostProcessQuality@3] File [D:/VeronicaMcHumpinSlut/Documents/KillEmDed/KillEmDed/Saved/Config/Windows/Scalability.ini]
[2020.03.24-16.10.55:670][  0]LogConfig: Setting CVar [[r.MotionBlurQuality:4]]
[2020.03.24-16.10.55:670][  0]LogConfig: Setting CVar [[r.AmbientOcclusionMipLevelFactor:0.4]]
[2020.03.24-16.10.55:670][  0]LogConfig: Setting CVar [[r.AmbientOcclusionMaxQuality:100]]
[2020.03.24-16.10.55:670][  0]LogConfig: Setting CVar [[r.AmbientOcclusionLevels:-1]]
[2020.03.24-16.10.55:670][  0]LogConfig: Setting CVar [[r.AmbientOcclusionRadiusScale:1.0]]
[2020.03.24-16.10.55:670][  0]LogConfig: Setting CVar [[r.DepthOfFieldQuality:2]]
[2020.03.24-16.10.55:670][  0]LogConfig: Setting CVar [[r.RenderTargetPoolMin:400]]
[2020.03.24-16.10.55:670][  0]LogConfig: Setting CVar [[r.LensFlareQuality:2]]
[2020.03.24-16.10.55:670][  0]LogConfig: Setting CVar [[r.SceneColorFringeQuality:1]]
[2020.03.24-16.10.55:670][  0]LogConfig: Setting CVar [[r.EyeAdaptationQuality:2]]
[2020.03.24-16.10.55:671][  0]LogConfig: Setting CVar [[r.BloomQuality:5]]
[2020.03.24-16.10.55:671][  0]LogConfig: Setting CVar [[r.FastBlurThreshold:100]]
[2020.03.24-16.10.55:671][  0]LogConfig: Setting CVar [[r.Upscale.Quality:3]]
[2020.03.24-16.10.55:671][  0]LogConfig: Setting CVar [[r.Tonemapper.GrainQuantization:1]]
[2020.03.24-16.10.55:671][  0]LogConfig: Setting CVar [[r.LightShaftQuality:1]]
[2020.03.24-16.10.55:671][  0]LogConfig: Setting CVar [[r.Filter.SizeScale:1]]
[2020.03.24-16.10.55:671][  0]LogConfig: Setting CVar [[r.Tonemapper.Quality:5]]
[2020.03.24-16.10.55:671][  0]LogConfig: Setting CVar [[r.DOF.Gather.AccumulatorQuality:1        ; higher gathering accumulator quality]]
[2020.03.24-16.10.55:671][  0]LogConfig: Setting CVar [[r.DOF.Gather.PostfilterMethod:1          ; Median3x3 postfilering method]]
[2020.03.24-16.10.55:671][  0]LogConfig: Setting CVar [[r.DOF.Gather.EnableBokehSettings:0       ; no bokeh simulation when gathering]]
[2020.03.24-16.10.55:671][  0]LogConfig: Setting CVar [[r.DOF.Gather.RingCount:4                 ; medium number of samples when gathering]]
[2020.03.24-16.10.55:671][  0]LogConfig: Setting CVar [[r.DOF.Scatter.ForegroundCompositing:1    ; additive foreground scattering]]
[2020.03.24-16.10.55:671][  0]LogConfig: Setting CVar [[r.DOF.Scatter.BackgroundCompositing:2    ; additive background scattering]]
[2020.03.24-16.10.55:671][  0]LogConfig: Setting CVar [[r.DOF.Scatter.EnableBokehSettings:1      ; bokeh simulation when scattering]]
[2020.03.24-16.10.55:671][  0]LogConfig: Setting CVar [[r.DOF.Scatter.MaxSpriteRatio:0.1         ; only a maximum of 10% of scattered bokeh]]
[2020.03.24-16.10.55:671][  0]LogConfig: Setting CVar [[r.DOF.Recombine.Quality:1                ; cheap slight out of focus]]
[2020.03.24-16.10.55:671][  0]LogConfig: Setting CVar [[r.DOF.Recombine.EnableBokehSettings:0    ; no bokeh simulation on slight out of focus]]
[2020.03.24-16.10.55:671][  0]LogConfig: Setting CVar [[r.DOF.TemporalAAQuality:1                ; more stable temporal accumulation]]
[2020.03.24-16.10.55:671][  0]LogConfig: Setting CVar [[r.DOF.Kernel.MaxForegroundRadius:0.025]]
[2020.03.24-16.10.55:671][  0]LogConfig: Setting CVar [[r.DOF.Kernel.MaxBackgroundRadius:0.025]]
[2020.03.24-16.10.55:671][  0]LogConfig: Applying CVar settings from Section [TextureQuality@3] File [D:/VeronicaMcHumpinSlut/Documents/KillEmDed/KillEmDed/Saved/Config/Windows/Scalability.ini]
[2020.03.24-16.10.55:671][  0]LogConfig: Setting CVar [[r.Streaming.MipBias:0]]
[2020.03.24-16.10.55:671][  0]LogConfig: Setting CVar [[r.Streaming.AmortizeCPUToGPUCopy:0]]
[2020.03.24-16.10.55:671][  0]LogConfig: Setting CVar [[r.Streaming.MaxNumTexturesToStreamPerFrame:0]]
[2020.03.24-16.10.55:671][  0]LogConfig: Setting CVar [[r.Streaming.Boost:1]]
[2020.03.24-16.10.55:671][  0]LogConfig: Setting CVar [[r.MaxAnisotropy:8]]
[2020.03.24-16.10.55:671][  0]LogConfig: Setting CVar [[r.Streaming.LimitPoolSizeToVRAM:0]]
[2020.03.24-16.10.55:671][  0]LogConfig: Setting CVar [[r.Streaming.PoolSize:1000]]
[2020.03.24-16.10.55:671][  0]LogConfig: Setting CVar [[r.Streaming.MaxEffectiveScreenSize:0]]
[2020.03.24-16.10.55:671][  0]LogConfig: Applying CVar settings from Section [EffectsQuality@3] File [D:/VeronicaMcHumpinSlut/Documents/KillEmDed/KillEmDed/Saved/Config/Windows/Scalability.ini]
[2020.03.24-16.10.55:671][  0]LogConfig: Setting CVar [[r.TranslucencyLightingVolumeDim:64]]
[2020.03.24-16.10.55:671][  0]LogConfig: Setting CVar [[r.RefractionQuality:2]]
[2020.03.24-16.10.55:671][  0]LogConfig: Setting CVar [[r.SSR.Quality:3]]
[2020.03.24-16.10.55:671][  0]LogConfig: Setting CVar [[r.SceneColorFormat:4]]
[2020.03.24-16.10.55:671][  0]LogConfig: Setting CVar [[r.DetailMode:2]]
[2020.03.24-16.10.55:671][  0]LogConfig: Setting CVar [[r.TranslucencyVolumeBlur:1]]
[2020.03.24-16.10.55:671][  0]LogConfig: Setting CVar [[r.MaterialQualityLevel:1 ; High quality]]
[2020.03.24-16.10.55:671][  0]LogConfig: Setting CVar [[r.SSS.Scale:1]]
[2020.03.24-16.10.55:671][  0]LogConfig: Setting CVar [[r.SSS.SampleSet:2]]
[2020.03.24-16.10.55:671][  0]LogConfig: Setting CVar [[r.SSS.Quality:1]]
[2020.03.24-16.10.55:671][  0]LogConfig: Setting CVar [[r.SSS.HalfRes:1]]
[2020.03.24-16.10.55:671][  0]LogConfig: Setting CVar [[r.EmitterSpawnRateScale:1.0]]
[2020.03.24-16.10.55:671][  0]LogConfig: Setting CVar [[r.ParticleLightQuality:2]]
[2020.03.24-16.10.55:671][  0]LogConfig: Applying CVar settings from Section [FoliageQuality@3] File [D:/VeronicaMcHumpinSlut/Documents/KillEmDed/KillEmDed/Saved/Config/Windows/Scalability.ini]
[2020.03.24-16.10.55:671][  0]LogConfig: Setting CVar [[foliage.DensityScale:1.0]]
[2020.03.24-16.10.55:671][  0]LogConfig: Setting CVar [[grass.DensityScale:1.0]]
[2020.03.24-16.10.55:671][  0]LogInit: Selected Device Profile: [Windows]
[2020.03.24-16.10.55:671][  0]LogInit: Applying CVar settings loaded from the selected device profile: [Windows]
[2020.03.24-16.10.55:680][  0]LogHAL: Display: Platform has ~ 16 GB [17134903296 / 17179869184 / 16], which maps to Larger [LargestMinGB=32, LargerMinGB=12, DefaultMinGB=8, SmallerMinGB=6, SmallestMinGB=0)
[2020.03.24-16.10.55:680][  0]LogConfig: Setting CVar [[r.Vulkan.UseRealUBs:0		; Required until we fix HLR fall-out]]
[2020.03.24-16.10.55:680][  0]LogInit: Going up to parent DeviceProfile []
[2020.03.24-16.10.55:680][  0]LogConfig: Applying CVar settings from Section [ViewDistanceQuality@3] File [D:/VeronicaMcHumpinSlut/Documents/KillEmDed/KillEmDed/Saved/Config/Windows/Scalability.ini]
[2020.03.24-16.10.55:680][  0]LogConfig: Setting CVar [[r.SkeletalMeshLODBias:0]]
[2020.03.24-16.10.55:680][  0]LogConfig: Setting CVar [[r.ViewDistanceScale:1.0]]
[2020.03.24-16.10.55:680][  0]LogConfig: Applying CVar settings from Section [AntiAliasingQuality@3] File [D:/VeronicaMcHumpinSlut/Documents/KillEmDed/KillEmDed/Saved/Config/Windows/Scalability.ini]
[2020.03.24-16.10.55:680][  0]LogConfig: Setting CVar [[r.PostProcessAAQuality:4]]
[2020.03.24-16.10.55:680][  0]LogConfig: Applying CVar settings from Section [ShadowQuality@3] File [D:/VeronicaMcHumpinSlut/Documents/KillEmDed/KillEmDed/Saved/Config/Windows/Scalability.ini]
[2020.03.24-16.10.55:680][  0]LogConfig: Setting CVar [[r.LightFunctionQuality:1]]
[2020.03.24-16.10.55:680][  0]LogConfig: Setting CVar [[r.ShadowQuality:5]]
[2020.03.24-16.10.55:680][  0]LogConfig: Setting CVar [[r.Shadow.CSM.MaxCascades:10]]
[2020.03.24-16.10.55:680][  0]LogConfig: Setting CVar [[r.Shadow.MaxResolution:2048]]
[2020.03.24-16.10.55:680][  0]LogConfig: Setting CVar [[r.Shadow.MaxCSMResolution:2048]]
[2020.03.24-16.10.55:680][  0]LogConfig: Setting CVar [[r.Shadow.RadiusThreshold:0.01]]
[2020.03.24-16.10.55:680][  0]LogConfig: Setting CVar [[r.Shadow.DistanceScale:1.0]]
[2020.03.24-16.10.55:680][  0]LogConfig: Setting CVar [[r.Shadow.CSM.TransitionScale:1.0]]
[2020.03.24-16.10.55:680][  0]LogConfig: Setting CVar [[r.Shadow.PreShadowResolutionFactor:1.0]]
[2020.03.24-16.10.55:680][  0]LogConfig: Setting CVar [[r.DistanceFieldShadowing:1]]
[2020.03.24-16.10.55:680][  0]LogConfig: Setting CVar [[r.DistanceFieldAO:1]]
[2020.03.24-16.10.55:680][  0]LogConfig: Setting CVar [[r.AOQuality:2]]
[2020.03.24-16.10.55:680][  0]LogConfig: Setting CVar [[r.VolumetricFog:1]]
[2020.03.24-16.10.55:680][  0]LogConfig: Setting CVar [[r.VolumetricFog.GridPixelSize:8]]
[2020.03.24-16.10.55:680][  0]LogConfig: Setting CVar [[r.VolumetricFog.GridSizeZ:128]]
[2020.03.24-16.10.55:680][  0]LogConfig: Setting CVar [[r.VolumetricFog.HistoryMissSupersampleCount:4]]
[2020.03.24-16.10.55:680][  0]LogConfig: Setting CVar [[r.LightMaxDrawDistanceScale:1]]
[2020.03.24-16.10.55:680][  0]LogConfig: Setting CVar [[r.CapsuleShadows:1]]
[2020.03.24-16.10.55:680][  0]LogConfig: Applying CVar settings from Section [PostProcessQuality@3] File [D:/VeronicaMcHumpinSlut/Documents/KillEmDed/KillEmDed/Saved/Config/Windows/Scalability.ini]
[2020.03.24-16.10.55:680][  0]LogConfig: Setting CVar [[r.MotionBlurQuality:4]]
[2020.03.24-16.10.55:680][  0]LogConfig: Setting CVar [[r.AmbientOcclusionMipLevelFactor:0.4]]
[2020.03.24-16.10.55:680][  0]LogConfig: Setting CVar [[r.AmbientOcclusionMaxQuality:100]]
[2020.03.24-16.10.55:680][  0]LogConfig: Setting CVar [[r.AmbientOcclusionLevels:-1]]
[2020.03.24-16.10.55:680][  0]LogConfig: Setting CVar [[r.AmbientOcclusionRadiusScale:1.0]]
[2020.03.24-16.10.55:680][  0]LogConfig: Setting CVar [[r.DepthOfFieldQuality:2]]
[2020.03.24-16.10.55:680][  0]LogConfig: Setting CVar [[r.RenderTargetPoolMin:400]]
[2020.03.24-16.10.55:680][  0]LogConfig: Setting CVar [[r.LensFlareQuality:2]]
[2020.03.24-16.10.55:680][  0]LogConfig: Setting CVar [[r.SceneColorFringeQuality:1]]
[2020.03.24-16.10.55:680][  0]LogConfig: Setting CVar [[r.EyeAdaptationQuality:2]]
[2020.03.24-16.10.55:680][  0]LogConfig: Setting CVar [[r.BloomQuality:5]]
[2020.03.24-16.10.55:680][  0]LogConfig: Setting CVar [[r.FastBlurThreshold:100]]
[2020.03.24-16.10.55:680][  0]LogConfig: Setting CVar [[r.Upscale.Quality:3]]
[2020.03.24-16.10.55:681][  0]LogConfig: Setting CVar [[r.Tonemapper.GrainQuantization:1]]
[2020.03.24-16.10.55:681][  0]LogConfig: Setting CVar [[r.LightShaftQuality:1]]
[2020.03.24-16.10.55:681][  0]LogConfig: Setting CVar [[r.Filter.SizeScale:1]]
[2020.03.24-16.10.55:681][  0]LogConfig: Setting CVar [[r.Tonemapper.Quality:5]]
[2020.03.24-16.10.55:681][  0]LogConfig: Setting CVar [[r.DOF.Gather.AccumulatorQuality:1        ; higher gathering accumulator quality]]
[2020.03.24-16.10.55:681][  0]LogConfig: Setting CVar [[r.DOF.Gather.PostfilterMethod:1          ; Median3x3 postfilering method]]
[2020.03.24-16.10.55:681][  0]LogConfig: Setting CVar [[r.DOF.Gather.EnableBokehSettings:0       ; no bokeh simulation when gathering]]
[2020.03.24-16.10.55:681][  0]LogConfig: Setting CVar [[r.DOF.Gather.RingCount:4                 ; medium number of samples when gathering]]
[2020.03.24-16.10.55:681][  0]LogConfig: Setting CVar [[r.DOF.Scatter.ForegroundCompositing:1    ; additive foreground scattering]]
[2020.03.24-16.10.55:681][  0]LogConfig: Setting CVar [[r.DOF.Scatter.BackgroundCompositing:2    ; additive background scattering]]
[2020.03.24-16.10.55:681][  0]LogConfig: Setting CVar [[r.DOF.Scatter.EnableBokehSettings:1      ; bokeh simulation when scattering]]
[2020.03.24-16.10.55:681][  0]LogConfig: Setting CVar [[r.DOF.Scatter.MaxSpriteRatio:0.1         ; only a maximum of 10% of scattered bokeh]]
[2020.03.24-16.10.55:681][  0]LogConfig: Setting CVar [[r.DOF.Recombine.Quality:1                ; cheap slight out of focus]]
[2020.03.24-16.10.55:681][  0]LogConfig: Setting CVar [[r.DOF.Recombine.EnableBokehSettings:0    ; no bokeh simulation on slight out of focus]]
[2020.03.24-16.10.55:681][  0]LogConfig: Setting CVar [[r.DOF.TemporalAAQuality:1                ; more stable temporal accumulation]]
[2020.03.24-16.10.55:681][  0]LogConfig: Setting CVar [[r.DOF.Kernel.MaxForegroundRadius:0.025]]
[2020.03.24-16.10.55:681][  0]LogConfig: Setting CVar [[r.DOF.Kernel.MaxBackgroundRadius:0.025]]
[2020.03.24-16.10.55:681][  0]LogConfig: Applying CVar settings from Section [TextureQuality@3] File [D:/VeronicaMcHumpinSlut/Documents/KillEmDed/KillEmDed/Saved/Config/Windows/Scalability.ini]
[2020.03.24-16.10.55:681][  0]LogConfig: Setting CVar [[r.Streaming.MipBias:0]]
[2020.03.24-16.10.55:681][  0]LogConfig: Setting CVar [[r.Streaming.AmortizeCPUToGPUCopy:0]]
[2020.03.24-16.10.55:681][  0]LogConfig: Setting CVar [[r.Streaming.MaxNumTexturesToStreamPerFrame:0]]
[2020.03.24-16.10.55:681][  0]LogConfig: Setting CVar [[r.Streaming.Boost:1]]
[2020.03.24-16.10.55:681][  0]LogConfig: Setting CVar [[r.MaxAnisotropy:8]]
[2020.03.24-16.10.55:681][  0]LogConfig: Setting CVar [[r.Streaming.LimitPoolSizeToVRAM:0]]
[2020.03.24-16.10.55:681][  0]LogConfig: Setting CVar [[r.Streaming.PoolSize:1000]]
[2020.03.24-16.10.55:681][  0]LogConfig: Setting CVar [[r.Streaming.MaxEffectiveScreenSize:0]]
[2020.03.24-16.10.55:681][  0]LogConfig: Applying CVar settings from Section [EffectsQuality@3] File [D:/VeronicaMcHumpinSlut/Documents/KillEmDed/KillEmDed/Saved/Config/Windows/Scalability.ini]
[2020.03.24-16.10.55:681][  0]LogConfig: Setting CVar [[r.TranslucencyLightingVolumeDim:64]]
[2020.03.24-16.10.55:681][  0]LogConfig: Setting CVar [[r.RefractionQuality:2]]
[2020.03.24-16.10.55:681][  0]LogConfig: Setting CVar [[r.SSR.Quality:3]]
[2020.03.24-16.10.55:681][  0]LogConfig: Setting CVar [[r.SceneColorFormat:4]]
[2020.03.24-16.10.55:681][  0]LogConfig: Setting CVar [[r.DetailMode:2]]
[2020.03.24-16.10.55:681][  0]LogConfig: Setting CVar [[r.TranslucencyVolumeBlur:1]]
[2020.03.24-16.10.55:681][  0]LogConfig: Setting CVar [[r.MaterialQualityLevel:1 ; High quality]]
[2020.03.24-16.10.55:681][  0]LogConfig: Setting CVar [[r.SSS.Scale:1]]
[2020.03.24-16.10.55:681][  0]LogConfig: Setting CVar [[r.SSS.SampleSet:2]]
[2020.03.24-16.10.55:681][  0]LogConfig: Setting CVar [[r.SSS.Quality:1]]
[2020.03.24-16.10.55:681][  0]LogConfig: Setting CVar [[r.SSS.HalfRes:1]]
[2020.03.24-16.10.55:681][  0]LogConfig: Setting CVar [[r.EmitterSpawnRateScale:1.0]]
[2020.03.24-16.10.55:681][  0]LogConfig: Setting CVar [[r.ParticleLightQuality:2]]
[2020.03.24-16.10.55:681][  0]LogConfig: Applying CVar settings from Section [FoliageQuality@3] File [D:/VeronicaMcHumpinSlut/Documents/KillEmDed/KillEmDed/Saved/Config/Windows/Scalability.ini]
[2020.03.24-16.10.55:681][  0]LogConfig: Setting CVar [[foliage.DensityScale:1.0]]
[2020.03.24-16.10.55:681][  0]LogConfig: Setting CVar [[grass.DensityScale:1.0]]
[2020.03.24-16.10.55:681][  0]LogConfig: Applying CVar settings from Section [Startup] File [../../../Engine/Config/ConsoleVariables.ini]
[2020.03.24-16.10.55:681][  0]LogConfig: Setting CVar [[net.UseAdaptiveNetUpdateFrequency:0]]
[2020.03.24-16.10.55:681][  0]LogConfig: Setting CVar [[p.chaos.AllowCreatePhysxBodies:1]]
[2020.03.24-16.10.55:681][  0]LogConfig: Applying CVar settings from Section [ConsoleVariables] File [D:/VeronicaMcHumpinSlut/Documents/KillEmDed/KillEmDed/Saved/Config/Windows/Engine.ini]
[2020.03.24-16.10.55:681][  0]LogInit: Computer: VERONICAMCHUMPI
[2020.03.24-16.10.55:681][  0]LogInit: User: VeronicaMcHumpinSlut
[2020.03.24-16.10.55:681][  0]LogInit: CPU Page size=4096, Cores=4
[2020.03.24-16.10.55:681][  0]LogInit: High frequency timer resolution =10.000000 MHz
[2020.03.24-16.10.55:681][  0]LogMemory: Memory total: Physical=16.0GB (16GB approx)
[2020.03.24-16.10.55:681][  0]LogMemory: Platform Memory Stats for Windows
[2020.03.24-16.10.55:681][  0]LogMemory: Process Physical Memory: 99.83 MB used, 99.83 MB peak
[2020.03.24-16.10.55:681][  0]LogMemory: Process Virtual Memory: 95.69 MB used, 95.69 MB peak
[2020.03.24-16.10.55:681][  0]LogMemory: Physical Memory: 6294.50 MB used,  10046.61 MB free, 16341.12 MB total
[2020.03.24-16.10.55:682][  0]LogMemory: Virtual Memory: 4661.79 MB used,  134213064.00 MB free, 134217728.00 MB total
[2020.03.24-16.10.55:694][  0]LogInit: Using OS detected language (en-GB).
[2020.03.24-16.10.55:695][  0]LogInit: Using OS detected locale (en-GB).
[2020.03.24-16.10.55:695][  0]LogTextLocalizationManager: No specific localization for 'en-GB' exists, so the 'en' localization will be used.
[2020.03.24-16.10.55:814][  0]LogInit: Setting process to per monitor DPI aware
[2020.03.24-16.10.55:835][  0]LogSlate: New Slate User Created.  User Index 0, Is Virtual User: 0
[2020.03.24-16.10.55:835][  0]LogSlate: Slate User Registered.  User Index 0, Is Virtual User: 0
[2020.03.24-16.10.56:090][  0]LogHMD: Failed to initialize OpenVR with code 126
[2020.03.24-16.10.56:090][  0]LogD3D11RHI: D3D11 adapters:
[2020.03.24-16.10.56:146][  0]LogD3D11RHI:    0. 'NVIDIA GeForce GTX 1080 Ti' (Feature Level 11_0)
[2020.03.24-16.10.56:146][  0]LogD3D11RHI:       11127/0/8170 MB DedicatedVideo/DedicatedSystem/SharedSystem, Outputs:1, VendorId:0x10de
[2020.03.24-16.10.56:148][  0]LogD3D11RHI:    1. 'Microsoft Basic Render Driver' (Feature Level 11_0)
[2020.03.24-16.10.56:148][  0]LogD3D11RHI:       0/0/8170 MB DedicatedVideo/DedicatedSystem/SharedSystem, Outputs:0, VendorId:0x1414
[2020.03.24-16.10.56:148][  0]LogD3D11RHI: Chosen D3D11 Adapter: 0
[2020.03.24-16.10.56:153][  0]LogD3D11RHI: Creating new Direct3DDevice
[2020.03.24-16.10.56:153][  0]LogD3D11RHI:     GPU DeviceId: 0x1b06 (for the marketing name, search the web for "GPU Device Id")
[2020.03.24-16.10.56:153][  0]LogWindows: EnumDisplayDevices:
[2020.03.24-16.10.56:153][  0]LogWindows:    0. 'NVIDIA GeForce GTX 1080 Ti' (P:1 D:1)
[2020.03.24-16.10.56:154][  0]LogWindows:    1. 'NVIDIA GeForce GTX 1080 Ti' (P:0 D:0)
[2020.03.24-16.10.56:154][  0]LogWindows:    2. 'NVIDIA GeForce GTX 1080 Ti' (P:0 D:0)
[2020.03.24-16.10.56:154][  0]LogWindows:    3. 'NVIDIA GeForce GTX 1080 Ti' (P:0 D:0)
[2020.03.24-16.10.56:154][  0]LogWindows: DebugString: FoundDriverCount:4 
[2020.03.24-16.10.56:154][  0]LogD3D11RHI:     Adapter Name: NVIDIA GeForce GTX 1080 Ti
[2020.03.24-16.10.56:154][  0]LogD3D11RHI:   Driver Version: 442.74 (internal:26.21.14.4274, unified:442.74)
[2020.03.24-16.10.56:154][  0]LogD3D11RHI:      Driver Date: 3-13-2020
[2020.03.24-16.10.56:154][  0]LogRHI: Texture pool is 7788 MB (70% of 11127 MB)
[2020.03.24-16.10.56:186][  0]LogD3D11RHI: Async texture creation enabled
[2020.03.24-16.10.56:199][  0]LogRendererCore: FGlobalReadBuffer::InitRHI
[2020.03.24-16.10.56:199][  0]LogRendererCore: FGlobalReadBuffer::InitRHI
[2020.03.24-16.10.56:199][  0]LogRendererCore: FGlobalReadBuffer::InitRHI
[2020.03.24-16.10.56:206][  0]LogD3D11RHI: GPU Timing Frequency: 1000.000000 (Debug: 2 1)
[2020.03.24-16.10.56:207][  0]LogD3D11RHI: HDR output is supported on display 0 (NvId: 0x80061085).
[2020.03.24-16.10.56:462][  0]LogTemp: Display: Module 'AllDesktopTargetPlatform' loaded TargetPlatform 'AllDesktop'
[2020.03.24-16.10.56:472][  0]LogTemp: Display: Module 'MacClientTargetPlatform' loaded TargetPlatform 'MacClient'
[2020.03.24-16.10.56:482][  0]LogTemp: Display: Module 'MacNoEditorTargetPlatform' loaded TargetPlatform 'MacNoEditor'
[2020.03.24-16.10.56:492][  0]LogTemp: Display: Module 'MacServerTargetPlatform' loaded TargetPlatform 'MacServer'
[2020.03.24-16.10.56:504][  0]LogTemp: Display: Module 'MacTargetPlatform' loaded TargetPlatform 'Mac'
[2020.03.24-16.10.56:514][  0]LogTemp: Display: Module 'WindowsClientTargetPlatform' loaded TargetPlatform 'WindowsClient'
[2020.03.24-16.10.56:524][  0]LogTemp: Display: Module 'WindowsNoEditorTargetPlatform' loaded TargetPlatform 'WindowsNoEditor'
[2020.03.24-16.10.56:534][  0]LogTemp: Display: Module 'WindowsServerTargetPlatform' loaded TargetPlatform 'WindowsServer'
[2020.03.24-16.10.56:539][  0]LogTemp: Display: Module 'WindowsTargetPlatform' loaded TargetPlatform 'Windows'
[2020.03.24-16.10.56:602][  0]LogTemp: Display: Module 'AndroidTargetPlatform' loaded TargetPlatform 'Android'
[2020.03.24-16.10.56:602][  0]LogTemp: Display: Module 'AndroidTargetPlatform' loaded TargetPlatform 'Android_ASTC'
[2020.03.24-16.10.56:602][  0]LogTemp: Display: Module 'AndroidTargetPlatform' loaded TargetPlatform 'Android_ATC'
[2020.03.24-16.10.56:602][  0]LogTemp: Display: Module 'AndroidTargetPlatform' loaded TargetPlatform 'Android_DXT'
[2020.03.24-16.10.56:602][  0]LogTemp: Display: Module 'AndroidTargetPlatform' loaded TargetPlatform 'Android_ETC1'
[2020.03.24-16.10.56:602][  0]LogTemp: Display: Module 'AndroidTargetPlatform' loaded TargetPlatform 'Android_ETC1a'
[2020.03.24-16.10.56:602][  0]LogTemp: Display: Module 'AndroidTargetPlatform' loaded TargetPlatform 'Android_ETC2'
[2020.03.24-16.10.56:602][  0]LogTemp: Display: Module 'AndroidTargetPlatform' loaded TargetPlatform 'Android_PVRTC'
[2020.03.24-16.10.56:602][  0]LogTemp: Display: Module 'AndroidTargetPlatform' loaded TargetPlatform 'AndroidClient'
[2020.03.24-16.10.56:602][  0]LogTemp: Display: Module 'AndroidTargetPlatform' loaded TargetPlatform 'Android_ASTCClient'
[2020.03.24-16.10.56:602][  0]LogTemp: Display: Module 'AndroidTargetPlatform' loaded TargetPlatform 'Android_ATCClient'
[2020.03.24-16.10.56:602][  0]LogTemp: Display: Module 'AndroidTargetPlatform' loaded TargetPlatform 'Android_DXTClient'
[2020.03.24-16.10.56:602][  0]LogTemp: Display: Module 'AndroidTargetPlatform' loaded TargetPlatform 'Android_ETC1Client'
[2020.03.24-16.10.56:602][  0]LogTemp: Display: Module 'AndroidTargetPlatform' loaded TargetPlatform 'Android_ETC1aClient'
[2020.03.24-16.10.56:602][  0]LogTemp: Display: Module 'AndroidTargetPlatform' loaded TargetPlatform 'Android_ETC2Client'
[2020.03.24-16.10.56:602][  0]LogTemp: Display: Module 'AndroidTargetPlatform' loaded TargetPlatform 'Android_PVRTCClient'
[2020.03.24-16.10.56:602][  0]LogTemp: Display: Module 'AndroidTargetPlatform' loaded TargetPlatform 'Android_Multi'
[2020.03.24-16.10.56:602][  0]LogTemp: Display: Module 'AndroidTargetPlatform' loaded TargetPlatform 'Android_MultiClient'
[2020.03.24-16.10.56:603][  0]LogTemp: Display: Module 'HTML5TargetPlatform' loaded TargetPlatform 'HTML5'
[2020.03.24-16.10.56:646][  0]LogTemp: Display: Module 'IOSTargetPlatform' loaded TargetPlatform 'IOSClient'
[2020.03.24-16.10.56:646][  0]LogTemp: Display: Module 'IOSTargetPlatform' loaded TargetPlatform 'IOS'
[2020.03.24-16.10.56:667][  0]LogTemp: Display: Module 'TVOSTargetPlatform' loaded TargetPlatform 'TVOSClient'
[2020.03.24-16.10.56:667][  0]LogTemp: Display: Module 'TVOSTargetPlatform' loaded TargetPlatform 'TVOS'
[2020.03.24-16.10.56:677][  0]LogTemp: Display: Module 'LinuxClientTargetPlatform' loaded TargetPlatform 'LinuxClient'
[2020.03.24-16.10.56:687][  0]LogTemp: Display: Module 'LinuxNoEditorTargetPlatform' loaded TargetPlatform 'LinuxNoEditor'
[2020.03.24-16.10.56:697][  0]LogTemp: Display: Module 'LinuxServerTargetPlatform' loaded TargetPlatform 'LinuxServer'
[2020.03.24-16.10.56:707][  0]LogTemp: Display: Module 'LinuxTargetPlatform' loaded TargetPlatform 'Linux'
[2020.03.24-16.10.56:750][  0]LogTemp: Display: Module 'LuminTargetPlatform' loaded TargetPlatform 'Lumin'
[2020.03.24-16.10.56:750][  0]LogTemp: Display: Module 'LuminTargetPlatform' loaded TargetPlatform 'LuminClient'
[2020.03.24-16.10.56:750][  0]LogTargetPlatformManager: Display: Building Assets For Windows
[2020.03.24-16.10.56:759][  0]LogAudioDebug: Display: Lib vorbis DLL was dynamically loaded.
[2020.03.24-16.10.56:798][  0]LogShaderCompilers: Guid format shader working directory is -3 characters bigger than the processId version (../../../../../VeronicaMcHumpinSlut/Documents/KillEmDed/KillEmDed/Intermediate/Shaders/WorkingDirectory/144/).
[2020.03.24-16.10.56:798][  0]LogShaderCompilers: Cleaned the shader compiler working directory 'C:/Users/VeronicaMcHumpinSlut/AppData/Local/Temp/UnrealShaderWorkingDir/3447D78C4A58511230A46AB84523A5F3/'.
[2020.03.24-16.10.56:798][  0]LogXGEController: Cleaning working directory: C:/Users/VeronicaMcHumpinSlut/AppData/Local/Temp/UnrealXGEWorkingDir/
[2020.03.24-16.10.56:799][  0]LogXGEController: Cannot use XGE Controller as Incredibuild is not installed on this machine.
[2020.03.24-16.10.56:799][  0]LogShaderCompilers: Cannot use XGE Shader Compiler as Incredibuild is not installed on this machine.
[2020.03.24-16.10.56:799][  0]LogShaderCompilers: Display: Using Local Shader Compiler.
[2020.03.24-16.10.57:317][  0]LogDerivedDataCache: Display: Max Cache Size: 512 MB
[2020.03.24-16.10.57:360][  0]LogDerivedDataCache: Loaded boot cache 0.04s 73MB C:/Users/VeronicaMcHumpinSlut/AppData/Local/UnrealEngine/4.22/DerivedDataCache/Boot.ddc.
[2020.03.24-16.10.57:360][  0]LogDerivedDataCache: Display: Loaded Boot cache: C:/Users/VeronicaMcHumpinSlut/AppData/Local/UnrealEngine/4.22/DerivedDataCache/Boot.ddc
[2020.03.24-16.10.57:360][  0]LogDerivedDataCache: FDerivedDataBackendGraph:  Pak pak cache file ../../../../../VeronicaMcHumpinSlut/Documents/KillEmDed/KillEmDed/DerivedDataCache/DDC.ddp not found, will not use a pak cache.
[2020.03.24-16.10.57:360][  0]LogDerivedDataCache: Unable to find inner node Pak for hierarchical cache Hierarchy.
[2020.03.24-16.10.57:360][  0]LogDerivedDataCache: FDerivedDataBackendGraph:  CompressedPak pak cache file ../../../../../VeronicaMcHumpinSlut/Documents/KillEmDed/KillEmDed/DerivedDataCache/Compressed.ddp not found, will not use a pak cache.
[2020.03.24-16.10.57:360][  0]LogDerivedDataCache: Unable to find inner node CompressedPak for hierarchical cache Hierarchy.
[2020.03.24-16.10.57:371][  0]LogDerivedDataCache: Display: Pak cache opened for reading ../../../Engine/DerivedDataCache/Compressed.ddp.
[2020.03.24-16.10.57:371][  0]LogDerivedDataCache: FDerivedDataBackendGraph:  EnterprisePak pak cache file ../../../Enterprise/DerivedDataCache/Compressed.ddp not found, will not use a pak cache.
[2020.03.24-16.10.57:371][  0]LogDerivedDataCache: Unable to find inner node EnterprisePak for hierarchical cache Hierarchy.
[2020.03.24-16.10.57:383][  0]LogDerivedDataCache: Using Local data cache path C:/Users/VeronicaMcHumpinSlut/AppData/Local/UnrealEngine/Common/DerivedDataCache: Writable
[2020.03.24-16.10.57:383][  0]LogDerivedDataCache: Shared data cache path not found in *engine.ini, will not use an Shared cache.
[2020.03.24-16.10.57:383][  0]LogDerivedDataCache: Unable to find inner node Shared for hierarchical cache Hierarchy.
[2020.03.24-16.10.57:404][  0]LogMaterial: Verifying Global Shaders for PCD3D_SM5
[2020.03.24-16.10.57:404][  0]LogSlate: Using FreeType 2.6.0
[2020.03.24-16.10.57:405][  0]LogSlate: SlateFontServices - WITH_FREETYPE: 1, WITH_HARFBUZZ: 1
[2020.03.24-16.10.57:507][  0]LogAssetRegistry: FAssetRegistry took 0.0386 seconds to start up
[2020.03.24-16.10.57:769][  0]LogInit: Selected Device Profile: [Windows]
[2020.03.24-16.10.57:873][  0]LogMeshReduction: Using QuadricMeshReduction for automatic static mesh reduction
[2020.03.24-16.10.57:873][  0]LogMeshReduction: Using SimplygonMeshReduction for automatic skeletal mesh reduction
[2020.03.24-16.10.57:873][  0]LogMeshReduction: Using ProxyLODMeshReduction for automatic mesh merging
[2020.03.24-16.10.57:873][  0]LogMeshReduction: No distributed automatic mesh merging module available
[2020.03.24-16.10.57:873][  0]LogMeshMerging: No distributed automatic mesh merging module available
[2020.03.24-16.10.57:881][  0]LogNetVersion: KillEmDed 1.0.0, NetCL: 5660361, EngineNetVer: 10, GameNetVer: 0 (Checksum: 3428918574)
[2020.03.24-16.10.58:235][  0]LogPackageLocalizationCache: Processed 10 localized package path(s) for 1 prioritized culture(s) in 0.036298 seconds
[2020.03.24-16.10.58:241][  0]LogUObjectArray: 42205 objects as part of root set at end of initial load.
[2020.03.24-16.10.58:241][  0]LogUObjectAllocator: 7325032 out of 0 bytes used by permanent object pool.
[2020.03.24-16.10.58:241][  0]LogUObjectArray: CloseDisregardForGC: 0/0 objects in disregard for GC pool
[2020.03.24-16.10.58:981][  0]LogTcpMessaging: Initializing TcpMessaging bridge
[2020.03.24-16.10.58:993][  0]LogUdpMessaging: Initializing bridge on interface 0.0.0.0:0 to multicast group 230.0.0.1:6666.
[2020.03.24-16.10.59:219][  0]LogStats: FPlatformStackWalk::StackWalkAndDump -  0.152 s
[2020.03.24-16.10.59:219][  0]LogOutputDevice: Error: === Handled ensure: ===
[2020.03.24-16.10.59:219][  0]LogOutputDevice: Error: 
[2020.03.24-16.10.59:219][  0]LogOutputDevice: Error: Ensure condition failed: AttachmentRules.LocationRule == EAttachmentRule::KeepRelative && AttachmentRules.RotationRule == EAttachmentRule::KeepRelative && AttachmentRules.ScaleRule == EAttachmentRule::KeepRelative [File:D:\Build\++UE4\Sync\Engine\Source\Runtime\Engine\Private\Components\SceneComponent.cpp] [Line: 1786]
[2020.03.24-16.10.59:219][  0]LogOutputDevice: Error: AttachToComponent when called from a constructor is only setting up attachment and will always be treated as KeepRelative. Consider calling SetupAttachment directly instead.
[2020.03.24-16.10.59:219][  0]LogOutputDevice: Error: Stack: 
[2020.03.24-16.10.59:219][  0]LogOutputDevice: Error: [Callstack] 0x00007ffa3cc9cd89 UE4Editor-Engine.dll!UnknownFunction []
[2020.03.24-16.10.59:219][  0]LogOutputDevice: Error: [Callstack] 0x00007ffa3bad4fa1 UE4Editor-Engine.dll!UnknownFunction []
[2020.03.24-16.10.59:219][  0]LogOutputDevice: Error: [Callstack] 0x00007ffa1b3a527b UE4Editor-KillEmDed-1281.dll!AARotator::AARotator() [D:\VeronicaMcHumpinSlut\Documents\KillEmDed\KillEmDed\Source\KillEmDed\ARotator.cpp:17]
[2020.03.24-16.10.59:219][  0]LogOutputDevice: Error: [Callstack] 0x00007ffa7370610f UE4Editor-CoreUObject.dll!UnknownFunction []
[2020.03.24-16.10.59:219][  0]LogOutputDevice: Error: [Callstack] 0x00007ffa73941056 UE4Editor-CoreUObject.dll!UnknownFunction []
[2020.03.24-16.10.59:219][  0]LogOutputDevice: Error: [Callstack] 0x00007ffa7392edef UE4Editor-CoreUObject.dll!UnknownFunction []
[2020.03.24-16.10.59:219][  0]LogOutputDevice: Error: [Callstack] 0x00007ffa7370a727 UE4Editor-CoreUObject.dll!UnknownFunction []
[2020.03.24-16.10.59:219][  0]LogOutputDevice: Error: [Callstack] 0x00007ffa48e64a2b UE4Editor-Core.dll!UnknownFunction []
[2020.03.24-16.10.59:219][  0]LogOutputDevice: Error: [Callstack] 0x00007ffa49035cb5 UE4Editor-Core.dll!UnknownFunction []
[2020.03.24-16.10.59:219][  0]LogOutputDevice: Error: [Callstack] 0x00007ffa7b638d67 UE4Editor-Projects.dll!UnknownFunction []
[2020.03.24-16.10.59:220][  0]LogOutputDevice: Error: [Callstack] 0x00007ffa7b638ff7 UE4Editor-Projects.dll!UnknownFunction []
[2020.03.24-16.10.59:220][  0]LogOutputDevice: Error: [Callstack] 0x00007ff772d57eb1 UE4Editor.exe!UnknownFunction []
[2020.03.24-16.10.59:220][  0]LogOutputDevice: Error: [Callstack] 0x00007ff772d5d671 UE4Editor.exe!UnknownFunction []
[2020.03.24-16.10.59:220][  0]LogOutputDevice: Error: [Callstack] 0x00007ff772d55377 UE4Editor.exe!UnknownFunction []
[2020.03.24-16.10.59:220][  0]LogOutputDevice: Error: [Callstack] 0x00007ff772d555ca UE4Editor.exe!UnknownFunction []
[2020.03.24-16.10.59:220][  0]LogOutputDevice: Error: [Callstack] 0x00007ff772d6316c UE4Editor.exe!UnknownFunction []
[2020.03.24-16.10.59:220][  0]LogOutputDevice: Error: [Callstack] 0x00007ff772d65b8e UE4Editor.exe!UnknownFunction []
[2020.03.24-16.10.59:220][  0]LogOutputDevice: Error: [Callstack] 0x00007ffa90237bd4 KERNEL32.DLL!UnknownFunction []
[2020.03.24-16.10.59:220][  0]LogOutputDevice: Error: [Callstack] 0x00007ffa9102ced1 ntdll.dll!UnknownFunction []
[2020.03.24-16.10.59:220][  0]LogOutputDevice: Error: 
[2020.03.24-16.10.59:272][  0]LogStats:                SubmitErrorReport -  0.000 s
[2020.03.24-16.10.59:655][  0]LogStats:                    SendNewReport -  0.382 s
[2020.03.24-16.10.59:655][  0]LogStats:             FDebug::EnsureFailed -  0.588 s
[2020.03.24-16.10.59:739][  0]SourceControl: Source control is disabled
[2020.03.24-16.10.59:739][  0]SourceControl: Source control is disabled
[2020.03.24-16.10.59:740][  0]SourceControl: Source control is disabled
[2020.03.24-16.10.59:741][  0]SourceControl: Source control is disabled
[2020.03.24-16.10.59:797][  0]LogAndroidPermission: UAndroidPermissionCallbackProxy::GetInstance
[2020.03.24-16.10.59:907][  0]LogOcInput: OculusInput pre-init called
[2020.03.24-16.11.00:563][  0]LogEngine: Initializing Engine...
[2020.03.24-16.11.00:588][  0]LogHMD: Failed to initialize OpenVR with code 126
[2020.03.24-16.11.00:589][  0]LogStats: UGameplayTagsManager::InitializeManager -  0.000 s
[2020.03.24-16.11.00:742][  0]LogInit: Initializing FReadOnlyCVARCache
[2020.03.24-16.11.00:750][  0]LogAIModule: Creating AISystem for world Untitled
[2020.03.24-16.11.00:790][  0]LogInit: XAudio2 using 'C49HG9x (NVIDIA High Definition Audio)' : 2 channels at 48 kHz using 16 bits per sample (channel mask 0x3)
[2020.03.24-16.11.00:823][  0]LogInit: FAudioDevice initialized.
[2020.03.24-16.11.00:823][  0]LogNetVersion: Set ProjectVersion to 1.0.0.0. Version Checksum will be recalculated on next use.
[2020.03.24-16.11.00:947][  0]LogDerivedDataCache: Saved boot cache 0.12s 73MB C:/Users/VeronicaMcHumpinSlut/AppData/Local/UnrealEngine/4.22/DerivedDataCache/Boot.ddc.
[2020.03.24-16.11.00:954][  0]LogInit: Texture streaming: Enabled
[2020.03.24-16.11.00:966][  0]LogEngineSessionManager: EngineSessionManager initialized
[2020.03.24-16.11.00:966][  0]LogEngineSessionManager: EngineSessionManager sent abnormal shutdown report. Type=Crashed, SessionId={F8B413BF-4ADF-2144-5F9B-E3B181A5994D}
[2020.03.24-16.11.00:978][  0]LogInit: Transaction tracking system initialized
[2020.03.24-16.11.00:993][  0]BlueprintLog: New page: Editor Load
[2020.03.24-16.11.01:041][  0]LocalizationService: Localization service is disabled
[2020.03.24-16.11.01:267][  0]LogFileCache: Scanning file cache for directory 'D:/VeronicaMcHumpinSlut/Documents/KillEmDed/KillEmDed/Content/' took 0.02s
[2020.03.24-16.11.01:267][  0]LogCook: Display: Max memory allowance for cook 16384mb min free memory 0mb
[2020.03.24-16.11.01:267][  0]LogCook: Display: Mobile HDR setting 1
[2020.03.24-16.11.01:397][  0]SourceControl: Source control is disabled
[2020.03.24-16.11.01:397][  0]Cmd: MAP LOAD FILE="../../../Engine/Content/Maps/Templates/Template_Default.umap" TEMPLATE=1 SHOWPROGRESS=1 FEATURELEVEL=3
[2020.03.24-16.11.01:397][  0]LightingResults: New page: Lighting Build
[2020.03.24-16.11.01:399][  0]MapCheck: New page: Map Check
[2020.03.24-16.11.01:399][  0]LightingResults: New page: Lighting Build
[2020.03.24-16.11.01:420][  0]LogUObjectHash: Compacting FUObjectHashTables data took   1.26ms
[2020.03.24-16.11.01:494][  0]LogAIModule: Creating AISystem for world Untitled_1
[2020.03.24-16.11.01:498][  0]LogEditorServer: Finished looking for orphan Actors (0.000 secs)
[2020.03.24-16.11.01:515][  0]LogUObjectHash: Compacting FUObjectHashTables data took   1.35ms
[2020.03.24-16.11.01:515][  0]Cmd: MAP CHECKDEP NOCLEARLOG
[2020.03.24-16.11.01:516][  0]MapCheck: Map check complete: 0 Error(s), 0 Warning(s), took 0.11ms to complete.
[2020.03.24-16.11.01:516][  0]LogFileHelpers: Loading map 'Template_Default' took 0.118
[2020.03.24-16.11.01:601][  0]LogSlate: Updating window title bar state: overlay mode, drag disabled, window buttons hidden, title bar hidden
[2020.03.24-16.11.01:606][  0]LogSlate: Updating window title bar state: overlay mode, drag disabled, window buttons hidden, title bar hidden
[2020.03.24-16.11.01:612][  0]LogSlate: Updating window title bar state: overlay mode, drag disabled, window buttons hidden, title bar hidden
[2020.03.24-16.11.01:617][  0]LogSlate: Updating window title bar state: overlay mode, drag disabled, window buttons hidden, title bar hidden
[2020.03.24-16.11.01:621][  0]LogCollectionManager: Loaded 0 collections in 0.001190 seconds
[2020.03.24-16.11.01:657][  0]LogFileCache: Scanning file cache for directory 'D:/VeronicaMcHumpinSlut/Documents/KillEmDed/KillEmDed/Saved/Collections/' took 0.01s
[2020.03.24-16.11.01:657][  0]LogFileCache: Scanning file cache for directory 'D:/VeronicaMcHumpinSlut/Documents/KillEmDed/KillEmDed/Content/Developers/VeronicaMcHumpinSlut/Collections/' took 0.01s
[2020.03.24-16.11.01:657][  0]LogFileCache: Scanning file cache for directory 'D:/VeronicaMcHumpinSlut/Documents/KillEmDed/KillEmDed/Content/Collections/' took 0.01s
[2020.03.24-16.11.01:657][  0]LogCollectionManager: Rebuilt the GUID cache for 0 collections in 0.000000 seconds
[2020.03.24-16.11.01:664][  0]LogContentBrowser: Native class hierarchy populated in 0.0065 seconds. Added 2743 classes and 661 folders.
[2020.03.24-16.11.01:667][  0]LogContentBrowser: Native class hierarchy updated for 'WidgetCarousel' in 0.0003 seconds. Added 0 classes and 0 folders.
[2020.03.24-16.11.01:668][  0]LogPakFile: Registered encryption key '00000000000000000000000000000000': 0 pak files mounted, 0 remain pending
[2020.03.24-16.11.01:669][  0]LogPakFile: Registered encryption key '00000000000000000000000000000000': 0 pak files mounted, 0 remain pending
[2020.03.24-16.11.01:670][  0]LogPakFile: Registered encryption key '00000000000000000000000000000000': 0 pak files mounted, 0 remain pending
[2020.03.24-16.11.01:670][  0]LogPakFile: Registered encryption key '00000000000000000000000000000000': 0 pak files mounted, 0 remain pending
[2020.03.24-16.11.01:670][  0]LogPakFile: Registered encryption key '00000000000000000000000000000000': 0 pak files mounted, 0 remain pending
[2020.03.24-16.11.01:671][  0]LogPakFile: Registered encryption key '00000000000000000000000000000000': 0 pak files mounted, 0 remain pending
[2020.03.24-16.11.01:671][  0]LogPakFile: Registered encryption key '00000000000000000000000000000000': 0 pak files mounted, 0 remain pending
[2020.03.24-16.11.01:672][  0]LogPakFile: Registered encryption key '00000000000000000000000000000000': 0 pak files mounted, 0 remain pending
[2020.03.24-16.11.01:672][  0]LogPakFile: Registered encryption key '00000000000000000000000000000000': 0 pak files mounted, 0 remain pending
[2020.03.24-16.11.01:673][  0]LogPakFile: Registered encryption key '00000000000000000000000000000000': 0 pak files mounted, 0 remain pending
[2020.03.24-16.11.01:673][  0]LogPakFile: Registered encryption key '00000000000000000000000000000000': 0 pak files mounted, 0 remain pending
[2020.03.24-16.11.01:674][  0]LogPakFile: Registered encryption key '00000000000000000000000000000000': 0 pak files mounted, 0 remain pending
[2020.03.24-16.11.01:674][  0]LogPakFile: Registered encryption key '00000000000000000000000000000000': 0 pak files mounted, 0 remain pending
[2020.03.24-16.11.01:675][  0]LogPakFile: Registered encryption key '00000000000000000000000000000000': 0 pak files mounted, 0 remain pending
[2020.03.24-16.11.01:675][  0]LogPakFile: Registered encryption key '00000000000000000000000000000000': 0 pak files mounted, 0 remain pending
[2020.03.24-16.11.01:675][  0]LogPakFile: Registered encryption key '00000000000000000000000000000000': 0 pak files mounted, 0 remain pending
[2020.03.24-16.11.01:676][  0]LogPakFile: Registered encryption key '00000000000000000000000000000000': 0 pak files mounted, 0 remain pending
[2020.03.24-16.11.01:676][  0]LogPakFile: Registered encryption key '00000000000000000000000000000000': 0 pak files mounted, 0 remain pending
[2020.03.24-16.11.01:677][  0]LogPakFile: Registered encryption key '00000000000000000000000000000000': 0 pak files mounted, 0 remain pending
[2020.03.24-16.11.01:677][  0]LogPakFile: Registered encryption key '00000000000000000000000000000000': 0 pak files mounted, 0 remain pending
[2020.03.24-16.11.01:678][  0]LogPakFile: Registered encryption key '00000000000000000000000000000000': 0 pak files mounted, 0 remain pending
[2020.03.24-16.11.01:678][  0]LogPakFile: Registered encryption key '00000000000000000000000000000000': 0 pak files mounted, 0 remain pending
[2020.03.24-16.11.01:679][  0]LogPakFile: Registered encryption key '00000000000000000000000000000000': 0 pak files mounted, 0 remain pending
[2020.03.24-16.11.01:679][  0]LogPakFile: Registered encryption key '00000000000000000000000000000000': 0 pak files mounted, 0 remain pending
[2020.03.24-16.11.01:680][  0]LogPakFile: Registered encryption key '00000000000000000000000000000000': 0 pak files mounted, 0 remain pending
[2020.03.24-16.11.01:680][  0]LogPakFile: Registered encryption key '00000000000000000000000000000000': 0 pak files mounted, 0 remain pending
[2020.03.24-16.11.01:714][  0]LogContentBrowser: Native class hierarchy updated for 'AddContentDialog' in 0.0003 seconds. Added 0 classes and 0 folders.
[2020.03.24-16.11.01:717][  0]LogContentBrowser: Native class hierarchy updated for 'SceneOutliner' in 0.0003 seconds. Added 1 classes and 2 folders.
[2020.03.24-16.11.01:757][  0]LogContentBrowser: Native class hierarchy updated for 'HierarchicalLODOutliner' in 0.0005 seconds. Added 0 classes and 0 folders.
[2020.03.24-16.11.01:757][  0]LogLoad: (Engine Initialization) Total time: 8.27 seconds
[2020.03.24-16.11.01:757][  0]LogLoad: (Engine Initialization) Total Blueprint compile time: 0.00 seconds
[2020.03.24-16.11.01:794][  0]LogAssetRegistry: Asset discovery search completed in 4.3098 seconds
[2020.03.24-16.11.01:796][  0]LogCollectionManager: Rebuilt the object cache for 0 collections in 0.000001 seconds (found 0 objects)
[2020.03.24-16.11.01:796][  0]LogCollectionManager: Fixed up redirectors for 0 collections in 0.000031 seconds (updated 0 objects)
[2020.03.24-16.11.01:797][  0]LogContentStreaming: Texture pool size now 1000 MB
[2020.03.24-16.11.01:802][  0]LogSlate: Took 0.000145 seconds to synchronously load lazily loaded font '../../../Engine/Content/Slate/Fonts/Roboto-Regular.ttf' (155K)
[2020.03.24-16.11.01:803][  0]LogSlate: Took 0.000111 seconds to synchronously load lazily loaded font '../../../Engine/Content/Slate/Fonts/Roboto-Bold.ttf' (160K)
[2020.03.24-16.11.01:806][  0]LogSlate: Took 0.000115 seconds to synchronously load lazily loaded font '../../../Engine/Content/Editor/Slate/Fonts/FontAwesome.ttf' (139K)
[2020.03.24-16.11.01:871][  0]LogSlate: Took 0.000150 seconds to synchronously load lazily loaded font '../../../Engine/Content/Slate/Fonts/Roboto-Light.ttf' (167K)
[2020.03.24-16.11.01:884][  1]LogRenderer: Reallocating scene render targets to support 804x336 Format 10 NumSamples 1 (Frame:1).
[2020.03.24-16.11.03:115][  4]LogSlate: Took 0.000310 seconds to synchronously load lazily loaded font '../../../Engine/Content/Slate/Fonts/Roboto-Light.ttf' (167K)
[2020.03.24-16.11.18:928][ 51]LogSlate: FSceneViewport::OnFocusLost() reason 0
[2020.03.24-16.11.20:276][160]LogRenderer: Reallocating scene render targets to support 1204x540 Format 10 NumSamples 1 (Frame:80).
[2020.03.24-16.11.21:614][200]Candidate modules for hot reload:
[2020.03.24-16.11.21:614][200]  KillEmDed
[2020.03.24-16.11.21:614][200]Launching UnrealBuildTool... [D:/Program Files/UE_4.22/Engine/Binaries/DotNET/UnrealBuildTool.exe  -ModuleWithSuffix=KillEmDed,2739 Win64 Development -TargetType=Editor -Project="D:/VeronicaMcHumpinSlut/Documents/KillEmDed/KillEmDed/KillEmDed.uproject" "D:/VeronicaMcHumpinSlut/Documents/KillEmDed/KillEmDed/KillEmDed.uproject"  -IgnoreJunk]
[2020.03.24-16.11.21:620][200]Warning: Starting HotReload took  0.0s.
[2020.03.24-16.11.24:358][512]LogBlueprint: Warning: [Compiler Ue4ASP_Character] InputAction Event references unknown Action 'Crouch' for  InputAction Crouch
[2020.03.24-16.11.24:358][512]LogBlueprint: Warning: [Compiler Ue4ASP_Character] InputAction Event references unknown Action 'Jump' for  InputAction Jump
[2020.03.24-16.11.24:358][512]LogBlueprint: Warning: [Compiler Ue4ASP_Character] Input Axis Event references unknown Axis 'MoveForward' for  InputAxis MoveForward
[2020.03.24-16.11.24:358][512]LogBlueprint: Warning: [Compiler Ue4ASP_Character] Input Axis Event references unknown Axis 'LookUp' for  InputAxis LookUp
[2020.03.24-16.11.24:358][512]LogBlueprint: Warning: [Compiler Ue4ASP_Character] Input Axis Event references unknown Axis 'Turn' for  InputAxis Turn
[2020.03.24-16.11.24:358][512]LogBlueprint: Warning: [Compiler Ue4ASP_Character] Input Axis Event references unknown Axis 'MoveRight' for  InputAxis MoveRight
[2020.03.24-16.11.24:366][512]LogBlueprint: Warning: [Compiler Ue4ASP_Character] [0030.88] Compile of Ue4ASP_Character successful, but with 6 Warning(s) [in 28 ms] (/Game/AnimStarterPack/Ue4ASP_Character.Ue4ASP_Character)
[2020.03.24-16.11.24:431][512]LogAssetEditorManager: Opening Asset editor for Blueprint /Game/BP_MeleeEnemy.BP_MeleeEnemy
[2020.03.24-16.11.24:829][512]LogContentBrowser: Native class hierarchy updated for 'BlueprintGraph' in 0.0006 seconds. Added 121 classes and 0 folders.
[2020.03.24-16.11.25:505][512]LogAssetEditorManager: Opening Asset editor for Blueprint /Game/BP_ShootyEnemy.BP_ShootyEnemy
[2020.03.24-16.11.25:759][512]LogAssetEditorManager: Opening Asset editor for Blueprint /Game/BP_EnemySpawner.BP_EnemySpawner
[2020.03.24-16.11.28:033][749]LogSlate: Window 'BP_EnemySpawner' being destroyed
[2020.03.24-16.11.28:037][749]LogSlate: Window 'BP_EnemySpawner' being destroyed
[2020.03.24-16.11.28:099][749]LogActorComponent: UnregisterComponent: (/Engine/Transient.EditorFloorComp) Not registered. Aborting.
[2020.03.24-16.11.28:163][749]LogActorComponent: UnregisterComponent: (/Engine/Transient.EditorFloorComp) Not registered. Aborting.
[2020.03.24-16.11.31:392][116]CompilerResultsLog: New page: Compilation - 24 Mar 2020 16:11:31
[2020.03.24-16.11.31:392][116]CompilerResultsLog: WARNING: Trying to build an enterprise target but the enterprise directory is missing. Falling back on engine components only.
[2020.03.24-16.11.31:392][116]CompilerResultsLog: Using 'git status' to determine working set for adaptive non-unity build (D:\VeronicaMcHumpinSlut\Documents\KillEmDed).
[2020.03.24-16.11.31:392][116]CompilerResultsLog: Creating makefile for KillEmDedEditor (ini files are newer than makefile)
[2020.03.24-16.11.31:392][116]CompilerResultsLog: Parsing headers for KillEmDedEditor
[2020.03.24-16.11.31:392][116]CompilerResultsLog:   Running UnrealHeaderTool "D:\VeronicaMcHumpinSlut\Documents\KillEmDed\KillEmDed\KillEmDed.uproject" "D:\VeronicaMcHumpinSlut\Documents\KillEmDed\KillEmDed\Intermediate\Build\Win64\KillEmDedEditor\Development\KillEmDedEditor.uhtmanifest" -LogCmds="loginit warning, logexit warning, logdatabase error" -Unattended -WarningsAsErrors -installed
[2020.03.24-16.11.31:392][116]CompilerResultsLog: Reflection code generated for KillEmDedEditor in 5.6436234 seconds
[2020.03.24-16.11.31:392][116]CompilerResultsLog: Using Visual Studio 2019 14.25.28610 toolchain (D:\Program Files (x86)\Microsoft Visual Studio\2019\Community\VC\Tools\MSVC\14.25.28610) and Windows 10.0.18362.0 SDK (C:\Program Files (x86)\Windows Kits\10).
[2020.03.24-16.11.31:392][116]CompilerResultsLog: Building 4 actions with 8 processes...
[2020.03.24-16.11.31:392][116]CompilerResultsLog:   [1/4] EnemySpawner.cpp
[2020.03.24-16.11.31:392][116]CompilerResultsLog:   [2/4] UE4Editor-KillEmDed-2739.lib
[2020.03.24-16.11.31:392][116]CompilerResultsLog:      Creating library D:\VeronicaMcHumpinSlut\Documents\KillEmDed\KillEmDed\Intermediate\Build\Win64\UE4Editor\Development\KillEmDed\UE4Editor-KillEmDed-2739.lib and object D:\VeronicaMcHumpinSlut\Documents\KillEmDed\KillEmDed\Intermediate\Build\Win64\UE4Editor\Development\KillEmDed\UE4Editor-KillEmDed-2739.exp
[2020.03.24-16.11.31:392][116]CompilerResultsLog:   [3/4] UE4Editor-KillEmDed-2739.dll
[2020.03.24-16.11.31:392][116]CompilerResultsLog:      Creating library D:\VeronicaMcHumpinSlut\Documents\KillEmDed\KillEmDed\Intermediate\Build\Win64\UE4Editor\Development\KillEmDed\UE4Editor-KillEmDed-2739.suppressed.lib and object D:\VeronicaMcHumpinSlut\Documents\KillEmDed\KillEmDed\Intermediate\Build\Win64\UE4Editor\Development\KillEmDed\UE4Editor-KillEmDed-2739.suppressed.exp
[2020.03.24-16.11.31:392][116]CompilerResultsLog:   [4/4] KillEmDedEditor.target
[2020.03.24-16.11.31:392][116]CompilerResultsLog: Total time in Parallel executor: 2.21 seconds
[2020.03.24-16.11.31:392][116]CompilerResultsLog: Total execution time: 9.70 seconds
[2020.03.24-16.11.31:392][116]LogMainFrame: MainFrame: Module compiling took 9.780 seconds
[2020.03.24-16.11.31:421][116]LogUObjectHash: Compacting FUObjectHashTables data took   2.39ms
[2020.03.24-16.11.31:421][116]LogBlueprintActionDatabase: Requesting refresh due to module change: KillEmDed (unloaded)
[2020.03.24-16.11.31:456][116]LogBlueprintActionDatabase: Requesting refresh due to module change: KillEmDed (loaded)
[2020.03.24-16.11.31:457][116]LogContentBrowser: Native class hierarchy updated for 'KillEmDed' in 0.0004 seconds. Added 11 classes and 2 folders.
[2020.03.24-16.11.31:459][116]Display: HotReload successful (5 functions remapped  0 scriptstructs remapped)
[2020.03.24-16.11.31:576][116]LogUObjectHash: Compacting FUObjectHashTables data took   1.12ms
[2020.03.24-16.11.31:576][116]LogBlueprintActionDatabase: Requesting refresh due to hot reload
[2020.03.24-16.11.31:587][116]LogContentBrowser: Native class hierarchy populated in 0.0062 seconds. Added 2744 classes and 663 folders.
[2020.03.24-16.11.31:587][116]Display: HotReload took 10.0s.
[2020.03.24-16.11.36:651][694]LogAIModule: Creating AISystem for world Main
[2020.03.24-16.11.36:657][694]LogAssetEditorManager: Opening Asset editor for World /Game/Maps/Main.Main
[2020.03.24-16.11.36:709][694]LogUObjectHash: Compacting FUObjectHashTables data took   3.37ms
[2020.03.24-16.11.36:710][694]Cmd: MAP LOAD FILE="../../../../../VeronicaMcHumpinSlut/Documents/KillEmDed/KillEmDed/Content/Maps/Main.umap" TEMPLATE=0 SHOWPROGRESS=1 FEATURELEVEL=3
[2020.03.24-16.11.36:710][694]LightingResults: New page: Lighting Build
[2020.03.24-16.11.36:710][694]LoadErrors: New page: Loading map: Main.umap
[2020.03.24-16.11.36:711][694]MapCheck: New page: Map Check
[2020.03.24-16.11.36:711][694]LightingResults: New page: Lighting Build
[2020.03.24-16.11.36:748][694]LogUObjectHash: Compacting FUObjectHashTables data took   2.41ms
[2020.03.24-16.11.36:750][694]LogEditorServer: Finished looking for orphan Actors (0.000 secs)
[2020.03.24-16.11.36:770][694]LogUObjectHash: Compacting FUObjectHashTables data took   1.71ms
[2020.03.24-16.11.36:791][694]Cmd: MAP CHECKDEP NOCLEARLOG
[2020.03.24-16.11.36:792][694]MapCheck: Map check complete: 0 Error(s), 0 Warning(s), took 0.061ms to complete.
[2020.03.24-16.11.36:792][694]LogFileHelpers: Loading map 'Main' took 0.082
[2020.03.24-16.11.40:486][125]LogTemp: Repeating last play command: Selected Viewport
[2020.03.24-16.11.40:503][125]LogBlueprintUserMessages: Early PlayInEditor Detection: Level '/Game/Maps/Main.Main:PersistentLevel' has LevelScriptBlueprint '/Game/Maps/Main.Main:PersistentLevel.Main' with GeneratedClass '/Game/Maps/Main.Main_C' with ClassGeneratedBy '/Game/Maps/Main.Main:PersistentLevel.Main'
[2020.03.24-16.11.40:503][125]LogPlayLevel: PlayLevel: No blueprints needed recompiling
[2020.03.24-16.11.40:504][125]PIE: New page: PIE session: Main (24 Mar 2020 16:11:40)
[2020.03.24-16.11.40:516][125]LogPlayLevel: Creating play world package: /Game/Maps/UEDPIE_0_Main
[2020.03.24-16.11.40:519][125]LogPlayLevel: PIE: StaticDuplicateObject took: (0.002669s)
[2020.03.24-16.11.40:519][125]LogAIModule: Creating AISystem for world Main
[2020.03.24-16.11.40:519][125]LogPlayLevel: PIE: World Init took: (0.000601s)
[2020.03.24-16.11.40:519][125]LogPlayLevel: PIE: Created PIE world by copying editor world from /Game/Maps/Main.Main to /Game/Maps/UEDPIE_0_Main.Main (0.003484s)
[2020.03.24-16.11.40:545][125]LogUObjectHash: Compacting FUObjectHashTables data took   1.95ms
[2020.03.24-16.11.40:582][125]LogInit: XAudio2 using 'C49HG9x (NVIDIA High Definition Audio)' : 2 channels at 48 kHz using 16 bits per sample (channel mask 0x3)
[2020.03.24-16.11.40:593][125]LogInit: FAudioDevice initialized.
[2020.03.24-16.11.40:642][125]LogLoad: Game class is 'MyKillEmDedGameModeBase_C'
[2020.03.24-16.11.40:644][125]LogWorld: Bringing World /Game/Maps/UEDPIE_0_Main.Main up for play (max tick rate 0) at 2020.03.24-16.11.40
[2020.03.24-16.11.40:645][125]LogTemp: Warning: InProximity
[2020.03.24-16.11.40:645][125]LogWorld: Bringing up level for play took: 0.001336
[2020.03.24-16.11.40:677][125]LogBlueprintActionDatabase: Requesting refresh due to module change: Voice (loaded)
[2020.03.24-16.11.40:678][125]LogBlueprintActionDatabase: Requesting refresh due to module change: MovieSceneCapture (loaded)
[2020.03.24-16.11.40:678][125]LogContentBrowser: Native class hierarchy updated for 'MovieSceneCapture' in 0.0003 seconds. Added 20 classes and 0 folders.
[2020.03.24-16.11.40:679][125]PIE: Play in editor start time for /Game/Maps/UEDPIE_0_Main -0.481
[2020.03.24-16.11.40:680][125]LogBlueprintUserMessages: Late PlayInEditor Detection: Level '/Game/Maps/Main.Main:PersistentLevel' has LevelScriptBlueprint '/Game/Maps/Main.Main:PersistentLevel.Main' with GeneratedClass '/Game/Maps/Main.Main_C' with ClassGeneratedBy '/Game/Maps/Main.Main:PersistentLevel.Main'
[2020.03.24-16.11.44:764][589]LogTemp: Warning: InProximity
[2020.03.24-16.11.46:509][798]LogBlueprintUserMessages: Early EndPlayMap Detection: Level '/Game/Maps/Main.Main:PersistentLevel' has LevelScriptBlueprint '/Game/Maps/Main.Main:PersistentLevel.Main' with GeneratedClass '/Game/Maps/Main.Main_C' with ClassGeneratedBy '/Game/Maps/Main.Main:PersistentLevel.Main'
[2020.03.24-16.11.46:509][798]LogSlate: Updating window title bar state: overlay mode, drag disabled, window buttons hidden, title bar hidden
[2020.03.24-16.11.46:538][798]LogPlayLevel: Display: Shutting down PIE online subsystems
[2020.03.24-16.11.46:538][798]LogBlueprintUserMessages: Late EndPlayMap Detection: Level '/Game/Maps/Main.Main:PersistentLevel' has LevelScriptBlueprint '/Game/Maps/Main.Main:PersistentLevel.Main' with GeneratedClass '/Game/Maps/Main.Main_C' with ClassGeneratedBy '/Game/Maps/Main.Main:PersistentLevel.Main'
[2020.03.24-16.11.46:562][798]LogSlate: Updating window title bar state: overlay mode, drag disabled, window buttons hidden, title bar hidden
[2020.03.24-16.11.46:591][798]LogUObjectHash: Compacting FUObjectHashTables data took   3.06ms
[2020.03.24-16.11.46:621][800]LogPlayLevel: Display: Destroying online subsystem :Context_7
[2020.03.24-16.21.42:200][250]LogSlate: FSceneViewport::OnFocusLost() reason 0
[2020.03.24-16.21.42:310][262]Candidate modules for hot reload:
[2020.03.24-16.21.42:310][262]  KillEmDed
[2020.03.24-16.21.42:310][262]Launching UnrealBuildTool... [D:/Program Files/UE_4.22/Engine/Binaries/DotNET/UnrealBuildTool.exe  -ModuleWithSuffix=KillEmDed,3726 Win64 Development -TargetType=Editor -Project="D:/VeronicaMcHumpinSlut/Documents/KillEmDed/KillEmDed/KillEmDed.uproject" "D:/VeronicaMcHumpinSlut/Documents/KillEmDed/KillEmDed/KillEmDed.uproject"  -IgnoreJunk]
[2020.03.24-16.21.42:318][262]Warning: Starting HotReload took  0.0s.
[2020.03.24-16.21.52:101][430]CompilerResultsLog: New page: Compilation - 24 Mar 2020 16:21:52
[2020.03.24-16.21.52:101][430]CompilerResultsLog: WARNING: Trying to build an enterprise target but the enterprise directory is missing. Falling back on engine components only.
[2020.03.24-16.21.52:101][430]CompilerResultsLog: Using 'git status' to determine working set for adaptive non-unity build (D:\VeronicaMcHumpinSlut\Documents\KillEmDed).
[2020.03.24-16.21.52:101][430]CompilerResultsLog: Creating makefile for KillEmDedEditor (ini files are newer than makefile)
[2020.03.24-16.21.52:101][430]CompilerResultsLog: Parsing headers for KillEmDedEditor
[2020.03.24-16.21.52:101][430]CompilerResultsLog:   Running UnrealHeaderTool "D:\VeronicaMcHumpinSlut\Documents\KillEmDed\KillEmDed\KillEmDed.uproject" "D:\VeronicaMcHumpinSlut\Documents\KillEmDed\KillEmDed\Intermediate\Build\Win64\KillEmDedEditor\Development\KillEmDedEditor.uhtmanifest" -LogCmds="loginit warning, logexit warning, logdatabase error" -Unattended -WarningsAsErrors -installed
[2020.03.24-16.21.52:101][430]CompilerResultsLog: Reflection code generated for KillEmDedEditor in 5.7068712 seconds
[2020.03.24-16.21.52:101][430]CompilerResultsLog: Using Visual Studio 2019 14.25.28610 toolchain (D:\Program Files (x86)\Microsoft Visual Studio\2019\Community\VC\Tools\MSVC\14.25.28610) and Windows 10.0.18362.0 SDK (C:\Program Files (x86)\Windows Kits\10).
[2020.03.24-16.21.52:101][430]CompilerResultsLog: Building 4 actions with 8 processes...
[2020.03.24-16.21.52:101][430]CompilerResultsLog:   [1/4] EnemySpawner.cpp
[2020.03.24-16.21.52:101][430]CompilerResultsLog:   [2/4] UE4Editor-KillEmDed-3726.lib
[2020.03.24-16.21.52:101][430]CompilerResultsLog:      Creating library D:\VeronicaMcHumpinSlut\Documents\KillEmDed\KillEmDed\Intermediate\Build\Win64\UE4Editor\Development\KillEmDed\UE4Editor-KillEmDed-3726.lib and object D:\VeronicaMcHumpinSlut\Documents\KillEmDed\KillEmDed\Intermediate\Build\Win64\UE4Editor\Development\KillEmDed\UE4Editor-KillEmDed-3726.exp
[2020.03.24-16.21.52:101][430]CompilerResultsLog:   [3/4] UE4Editor-KillEmDed-3726.dll
[2020.03.24-16.21.52:102][430]CompilerResultsLog:      Creating library D:\VeronicaMcHumpinSlut\Documents\KillEmDed\KillEmDed\Intermediate\Build\Win64\UE4Editor\Development\KillEmDed\UE4Editor-KillEmDed-3726.suppressed.lib and object D:\VeronicaMcHumpinSlut\Documents\KillEmDed\KillEmDed\Intermediate\Build\Win64\UE4Editor\Development\KillEmDed\UE4Editor-KillEmDed-3726.suppressed.exp
[2020.03.24-16.21.52:102][430]CompilerResultsLog:   [4/4] KillEmDedEditor.target
[2020.03.24-16.21.52:102][430]CompilerResultsLog: Total time in Parallel executor: 2.21 seconds
[2020.03.24-16.21.52:102][430]CompilerResultsLog: Total execution time: 9.71 seconds
[2020.03.24-16.21.52:102][430]LogMainFrame: MainFrame: Module compiling took 9.795 seconds
[2020.03.24-16.21.52:135][430]LogUObjectHash: Compacting FUObjectHashTables data took   1.94ms
[2020.03.24-16.21.52:135][430]LogBlueprintActionDatabase: Requesting refresh due to module change: KillEmDed (unloaded)
[2020.03.24-16.21.52:174][430]LogBlueprintActionDatabase: Requesting refresh due to module change: KillEmDed (loaded)
[2020.03.24-16.21.52:175][430]LogContentBrowser: Native class hierarchy updated for 'KillEmDed' in 0.0004 seconds. Added 11 classes and 2 folders.
[2020.03.24-16.21.52:178][430]Display: HotReload successful (5 functions remapped  0 scriptstructs remapped)
[2020.03.24-16.21.52:227][430]LogUObjectHash: Compacting FUObjectHashTables data took   1.14ms
[2020.03.24-16.21.52:227][430]LogBlueprintActionDatabase: Requesting refresh due to hot reload
[2020.03.24-16.21.52:239][430]LogContentBrowser: Native class hierarchy populated in 0.0064 seconds. Added 2744 classes and 663 folders.
[2020.03.24-16.21.52:239][430]Display: HotReload took  9.9s.
[2020.03.24-16.21.53:514][558]LogTemp: Repeating last play command: Selected Viewport
[2020.03.24-16.21.53:527][558]LogBlueprintUserMessages: Early PlayInEditor Detection: Level '/Game/Maps/Main.Main:PersistentLevel' has LevelScriptBlueprint '/Game/Maps/Main.Main:PersistentLevel.Main' with GeneratedClass '/Game/Maps/Main.Main_C' with ClassGeneratedBy '/Game/Maps/Main.Main:PersistentLevel.Main'
[2020.03.24-16.21.53:527][558]LogPlayLevel: PlayLevel: No blueprints needed recompiling
[2020.03.24-16.21.53:527][558]PIE: New page: PIE session: Main (24 Mar 2020 16:21:53)
[2020.03.24-16.21.53:527][558]LogPlayLevel: Creating play world package: /Game/Maps/UEDPIE_0_Main
[2020.03.24-16.21.53:529][558]LogPlayLevel: PIE: StaticDuplicateObject took: (0.002094s)
[2020.03.24-16.21.53:530][558]LogAIModule: Creating AISystem for world Main
[2020.03.24-16.21.53:530][558]LogPlayLevel: PIE: World Init took: (0.000523s)
[2020.03.24-16.21.53:530][558]LogPlayLevel: PIE: Created PIE world by copying editor world from /Game/Maps/Main.Main to /Game/Maps/UEDPIE_0_Main.Main (0.002710s)
[2020.03.24-16.21.53:572][558]LogUObjectHash: Compacting FUObjectHashTables data took   2.47ms
[2020.03.24-16.21.53:601][558]LogInit: XAudio2 using 'C49HG9x (NVIDIA High Definition Audio)' : 2 channels at 48 kHz using 16 bits per sample (channel mask 0x3)
[2020.03.24-16.21.53:611][558]LogInit: FAudioDevice initialized.
[2020.03.24-16.21.53:639][558]LogLoad: Game class is 'MyKillEmDedGameModeBase_C'
[2020.03.24-16.21.53:640][558]LogWorld: Bringing World /Game/Maps/UEDPIE_0_Main.Main up for play (max tick rate 0) at 2020.03.24-16.21.53
[2020.03.24-16.21.53:641][558]LogTemp: Warning: InProximity
[2020.03.24-16.21.53:641][558]LogWorld: Bringing up level for play took: 0.001201
[2020.03.24-16.21.53:653][558]PIE: Play in editor start time for /Game/Maps/UEDPIE_0_Main 0.492
[2020.03.24-16.21.53:653][558]LogBlueprintUserMessages: Late PlayInEditor Detection: Level '/Game/Maps/Main.Main:PersistentLevel' has LevelScriptBlueprint '/Game/Maps/Main.Main:PersistentLevel.Main' with GeneratedClass '/Game/Maps/Main.Main_C' with ClassGeneratedBy '/Game/Maps/Main.Main:PersistentLevel.Main'
[2020.03.24-16.21.58:282][111]LogTemp: Warning: InProximity
[2020.03.24-16.22.00:939][430]LogTemp: Warning: InProximity
[2020.03.24-16.22.03:922][788]LogTemp: Warning: InProximity
[2020.03.24-16.22.06:955][152]LogTemp: Warning: InProximity
[2020.03.24-16.22.09:948][511]LogTemp: Warning: InProximity
[2020.03.24-16.22.12:973][874]LogTemp: Warning: InProximity
[2020.03.24-16.22.15:973][234]LogTemp: Warning: InProximity
[2020.03.24-16.22.18:949][591]LogTemp: Warning: InProximity
[2020.03.24-16.22.21:949][951]LogTemp: Warning: InProximity
[2020.03.24-16.22.24:849][299]LogTemp: Warning: InProximity
[2020.03.24-16.22.36:309][674]LogTemp: Warning: InProximity
[2020.03.24-16.22.41:902][345]LogTemp: Warning: InProximity
[2020.03.24-16.22.43:261][508]LogTemp: Warning: InProximity
[2020.03.24-16.22.43:747][566]LogTemp: Warning: InProximity
[2020.03.24-16.22.44:097][608]LogTemp: Warning: InProximity
[2020.03.24-16.22.44:264][628]LogTemp: Warning: InProximity
[2020.03.24-16.22.45:723][803]LogTemp: Warning: InProximity
[2020.03.24-16.22.46:631][912]LogTemp: Warning: InProximity
[2020.03.24-16.22.48:890][179]LogTemp: Warning: InProximity
[2020.03.24-16.22.53:540][736]LogSpawn: Warning: SpawnActor failed because of collision at the spawn location [X=1810.000 Y=10.000 Z=70.000] for [BP_MeleeEnemy_C]
[2020.03.24-16.23.02:024][742]LogTemp: Warning: InProximity
[2020.03.24-16.23.04:380][  4]LogTemp: Warning: InProximity
[2020.03.24-16.23.05:321][110]LogBlueprintUserMessages: Early EndPlayMap Detection: Level '/Game/Maps/Main.Main:PersistentLevel' has LevelScriptBlueprint '/Game/Maps/Main.Main:PersistentLevel.Main' with GeneratedClass '/Game/Maps/Main.Main_C' with ClassGeneratedBy '/Game/Maps/Main.Main:PersistentLevel.Main'
[2020.03.24-16.23.05:322][110]LogSlate: Updating window title bar state: overlay mode, drag disabled, window buttons hidden, title bar hidden
[2020.03.24-16.23.05:349][110]LogPlayLevel: Display: Shutting down PIE online subsystems
[2020.03.24-16.23.05:349][110]LogBlueprintUserMessages: Late EndPlayMap Detection: Level '/Game/Maps/Main.Main:PersistentLevel' has LevelScriptBlueprint '/Game/Maps/Main.Main:PersistentLevel.Main' with GeneratedClass '/Game/Maps/Main.Main_C' with ClassGeneratedBy '/Game/Maps/Main.Main:PersistentLevel.Main'
[2020.03.24-16.23.05:379][110]LogSlate: Updating window title bar state: overlay mode, drag disabled, window buttons hidden, title bar hidden
[2020.03.24-16.23.05:383][110]LogUObjectHash: Compacting FUObjectHashTables data took   1.99ms
[2020.03.24-16.23.05:418][112]LogPlayLevel: Display: Destroying online subsystem :Context_8
[2020.03.24-16.25.13:716][709]LogSlate: FSceneViewport::OnFocusLost() reason 0
[2020.03.24-16.25.13:823][721]Candidate modules for hot reload:
[2020.03.24-16.25.13:823][721]  KillEmDed
[2020.03.24-16.25.13:823][721]Launching UnrealBuildTool... [D:/Program Files/UE_4.22/Engine/Binaries/DotNET/UnrealBuildTool.exe  -ModuleWithSuffix=KillEmDed,4282 Win64 Development -TargetType=Editor -Project="D:/VeronicaMcHumpinSlut/Documents/KillEmDed/KillEmDed/KillEmDed.uproject" "D:/VeronicaMcHumpinSlut/Documents/KillEmDed/KillEmDed/KillEmDed.uproject"  -IgnoreJunk]
[2020.03.24-16.25.13:828][721]Warning: Starting HotReload took  0.0s.
[2020.03.24-16.25.23:338][463]CompilerResultsLog: New page: Compilation - 24 Mar 2020 16:25:23
[2020.03.24-16.25.23:338][463]CompilerResultsLog: WARNING: Trying to build an enterprise target but the enterprise directory is missing. Falling back on engine components only.
[2020.03.24-16.25.23:338][463]CompilerResultsLog: Using 'git status' to determine working set for adaptive non-unity build (D:\VeronicaMcHumpinSlut\Documents\KillEmDed).
[2020.03.24-16.25.23:338][463]CompilerResultsLog: Creating makefile for KillEmDedEditor (ini files are newer than makefile)
[2020.03.24-16.25.23:338][463]CompilerResultsLog: Parsing headers for KillEmDedEditor
[2020.03.24-16.25.23:338][463]CompilerResultsLog:   Running UnrealHeaderTool "D:\VeronicaMcHumpinSlut\Documents\KillEmDed\KillEmDed\KillEmDed.uproject" "D:\VeronicaMcHumpinSlut\Documents\KillEmDed\KillEmDed\Intermediate\Build\Win64\KillEmDedEditor\Development\KillEmDedEditor.uhtmanifest" -LogCmds="loginit warning, logexit warning, logdatabase error" -Unattended -WarningsAsErrors -installed
[2020.03.24-16.25.23:338][463]CompilerResultsLog: Reflection code generated for KillEmDedEditor in 5.6334342 seconds
[2020.03.24-16.25.23:338][463]CompilerResultsLog: Using Visual Studio 2019 14.25.28610 toolchain (D:\Program Files (x86)\Microsoft Visual Studio\2019\Community\VC\Tools\MSVC\14.25.28610) and Windows 10.0.18362.0 SDK (C:\Program Files (x86)\Windows Kits\10).
[2020.03.24-16.25.23:338][463]CompilerResultsLog: Building 4 actions with 8 processes...
[2020.03.24-16.25.23:338][463]CompilerResultsLog:   [1/4] EnemySpawner.cpp
[2020.03.24-16.25.23:338][463]CompilerResultsLog:   [2/4] UE4Editor-KillEmDed-4282.lib
[2020.03.24-16.25.23:338][463]CompilerResultsLog:      Creating library D:\VeronicaMcHumpinSlut\Documents\KillEmDed\KillEmDed\Intermediate\Build\Win64\UE4Editor\Development\KillEmDed\UE4Editor-KillEmDed-4282.lib and object D:\VeronicaMcHumpinSlut\Documents\KillEmDed\KillEmDed\Intermediate\Build\Win64\UE4Editor\Development\KillEmDed\UE4Editor-KillEmDed-4282.exp
[2020.03.24-16.25.23:339][463]CompilerResultsLog:   [3/4] UE4Editor-KillEmDed-4282.dll
[2020.03.24-16.25.23:339][463]CompilerResultsLog:      Creating library D:\VeronicaMcHumpinSlut\Documents\KillEmDed\KillEmDed\Intermediate\Build\Win64\UE4Editor\Development\KillEmDed\UE4Editor-KillEmDed-4282.suppressed.lib and object D:\VeronicaMcHumpinSlut\Documents\KillEmDed\KillEmDed\Intermediate\Build\Win64\UE4Editor\Development\KillEmDed\UE4Editor-KillEmDed-4282.suppressed.exp
[2020.03.24-16.25.23:339][463]CompilerResultsLog:   [4/4] KillEmDedEditor.target
[2020.03.24-16.25.23:339][463]CompilerResultsLog: Total time in Parallel executor: 1.93 seconds
[2020.03.24-16.25.23:339][463]CompilerResultsLog: Total execution time: 9.29 seconds
[2020.03.24-16.25.23:339][463]LogMainFrame: MainFrame: Module compiling took 9.518 seconds
[2020.03.24-16.25.23:359][463]LogUObjectHash: Compacting FUObjectHashTables data took   0.84ms
[2020.03.24-16.25.23:359][463]LogBlueprintActionDatabase: Requesting refresh due to module change: KillEmDed (unloaded)
[2020.03.24-16.25.23:393][463]LogBlueprintActionDatabase: Requesting refresh due to module change: KillEmDed (loaded)
[2020.03.24-16.25.23:393][463]LogContentBrowser: Native class hierarchy updated for 'KillEmDed' in 0.0004 seconds. Added 11 classes and 2 folders.
[2020.03.24-16.25.23:396][463]Display: HotReload successful (5 functions remapped  0 scriptstructs remapped)
[2020.03.24-16.25.23:451][463]LogUObjectHash: Compacting FUObjectHashTables data took   1.33ms
[2020.03.24-16.25.23:451][463]LogBlueprintActionDatabase: Requesting refresh due to hot reload
[2020.03.24-16.25.23:463][463]LogContentBrowser: Native class hierarchy populated in 0.0066 seconds. Added 2744 classes and 663 folders.
[2020.03.24-16.25.23:463][463]Display: HotReload took  9.6s.
[2020.03.24-16.25.26:498][647]LogTemp: Repeating last play command: Selected Viewport
[2020.03.24-16.25.26:515][647]LogBlueprintUserMessages: Early PlayInEditor Detection: Level '/Game/Maps/Main.Main:PersistentLevel' has LevelScriptBlueprint '/Game/Maps/Main.Main:PersistentLevel.Main' with GeneratedClass '/Game/Maps/Main.Main_C' with ClassGeneratedBy '/Game/Maps/Main.Main:PersistentLevel.Main'
[2020.03.24-16.25.26:515][647]LogPlayLevel: PlayLevel: No blueprints needed recompiling
[2020.03.24-16.25.26:516][647]PIE: New page: PIE session: Main (24 Mar 2020 16:25:26)
[2020.03.24-16.25.26:516][647]LogPlayLevel: Creating play world package: /Game/Maps/UEDPIE_0_Main
[2020.03.24-16.25.26:518][647]LogPlayLevel: PIE: StaticDuplicateObject took: (0.002174s)
[2020.03.24-16.25.26:518][647]LogAIModule: Creating AISystem for world Main
[2020.03.24-16.25.26:518][647]LogPlayLevel: PIE: World Init took: (0.000553s)
[2020.03.24-16.25.26:518][647]LogPlayLevel: PIE: Created PIE world by copying editor world from /Game/Maps/Main.Main to /Game/Maps/UEDPIE_0_Main.Main (0.002836s)
[2020.03.24-16.25.26:580][647]LogUObjectHash: Compacting FUObjectHashTables data took   3.75ms
[2020.03.24-16.25.26:612][647]LogInit: XAudio2 using 'C49HG9x (NVIDIA High Definition Audio)' : 2 channels at 48 kHz using 16 bits per sample (channel mask 0x3)
[2020.03.24-16.25.26:624][647]LogInit: FAudioDevice initialized.
[2020.03.24-16.25.26:652][647]LogLoad: Game class is 'MyKillEmDedGameModeBase_C'
[2020.03.24-16.25.26:654][647]LogWorld: Bringing World /Game/Maps/UEDPIE_0_Main.Main up for play (max tick rate 0) at 2020.03.24-16.25.26
[2020.03.24-16.25.26:654][647]LogTemp: Warning: InProximity
[2020.03.24-16.25.26:654][647]LogWorld: Bringing up level for play took: 0.001109
[2020.03.24-16.25.26:667][647]PIE: Play in editor start time for /Game/Maps/UEDPIE_0_Main -0.494
[2020.03.24-16.25.26:667][647]LogBlueprintUserMessages: Late PlayInEditor Detection: Level '/Game/Maps/Main.Main:PersistentLevel' has LevelScriptBlueprint '/Game/Maps/Main.Main:PersistentLevel.Main' with GeneratedClass '/Game/Maps/Main.Main_C' with ClassGeneratedBy '/Game/Maps/Main.Main:PersistentLevel.Main'
[2020.03.24-16.25.34:652][603]LogTemp: Warning: InProximity
[2020.03.24-16.25.47:504][145]LogSpawn: Warning: SpawnActor failed because of collision at the spawn location [X=1810.000 Y=10.000 Z=70.000] for [BP_MeleeEnemy_C]
[2020.03.24-16.25.53:139][821]LogBlueprintUserMessages: Early EndPlayMap Detection: Level '/Game/Maps/Main.Main:PersistentLevel' has LevelScriptBlueprint '/Game/Maps/Main.Main:PersistentLevel.Main' with GeneratedClass '/Game/Maps/Main.Main_C' with ClassGeneratedBy '/Game/Maps/Main.Main:PersistentLevel.Main'
[2020.03.24-16.25.53:139][821]LogSlate: Updating window title bar state: overlay mode, drag disabled, window buttons hidden, title bar hidden
[2020.03.24-16.25.53:166][821]LogPlayLevel: Display: Shutting down PIE online subsystems
[2020.03.24-16.25.53:166][821]LogBlueprintUserMessages: Late EndPlayMap Detection: Level '/Game/Maps/Main.Main:PersistentLevel' has LevelScriptBlueprint '/Game/Maps/Main.Main:PersistentLevel.Main' with GeneratedClass '/Game/Maps/Main.Main_C' with ClassGeneratedBy '/Game/Maps/Main.Main:PersistentLevel.Main'
[2020.03.24-16.25.53:187][821]LogSlate: Updating window title bar state: overlay mode, drag disabled, window buttons hidden, title bar hidden
[2020.03.24-16.25.53:202][821]LogUObjectHash: Compacting FUObjectHashTables data took   1.99ms
[2020.03.24-16.25.53:242][824]LogPlayLevel: Display: Destroying online subsystem :Context_9
[2020.03.24-16.26.36:323][259]LogSlate: FSceneViewport::OnFocusLost() reason 2
[2020.03.24-16.26.40:485][716]LogSlate: FSceneViewport::OnFocusLost() reason 2
[2020.03.24-16.26.41:238][804]LogUObjectHash: Compacting FUObjectHashTables data took   0.55ms
